Log file open, 09/19/18 16:36:47
LogWindows: Failed to load 'aqProf.dll' (GetLastError=126)
LogWindows: File 'aqProf.dll' does not exist
LogWindows: Failed to load 'VtuneApi.dll' (GetLastError=126)
LogWindows: File 'VtuneApi.dll' does not exist
LogWindows: Failed to load 'VtuneApi32e.dll' (GetLastError=126)
LogWindows: File 'VtuneApi32e.dll' does not exist
LogInit: Display: Running engine for game: Survival
LogPlatformFile: Not using cached read wrapper
LogTaskGraph: Started task graph with 5 named threads and 23 total threads with 3 sets of task threads.
LogStats: Stats thread started at 0.415948
LogD3D11RHI: Loaded GFSDK_Aftermath_Lib.x64.dll
LogICUInternationalization: Display: ICU TimeZone Detection - Raw Offset: +1:00, Platform Override: ''
LogPluginManager: Mounting plugin Paper2D
LogPluginManager: Mounting plugin AISupport
LogPluginManager: Mounting plugin LightPropagationVolume
LogPluginManager: Mounting plugin CLionSourceCodeAccess
LogPluginManager: Mounting plugin CodeLiteSourceCodeAccess
LogPluginManager: Mounting plugin GitSourceControl
LogPluginManager: Mounting plugin KDevelopSourceCodeAccess
LogPluginManager: Mounting plugin NullSourceCodeAccess
LogPluginManager: Mounting plugin PerforceSourceControl
LogPluginManager: Mounting plugin SubversionSourceControl
LogPluginManager: Mounting plugin UObjectPlugin
LogPluginManager: Mounting plugin VisualStudioCodeSourceCodeAccess
LogPluginManager: Mounting plugin VisualStudioSourceCodeAccess
LogPluginManager: Mounting plugin XCodeSourceCodeAccess
LogPluginManager: Mounting plugin AssetManagerEditor
LogPluginManager: Mounting plugin CryptoKeys
LogPluginManager: Mounting plugin DataValidation
LogPluginManager: Mounting plugin FacialAnimation
LogPluginManager: Mounting plugin GameplayTagsEditor
LogPluginManager: Mounting plugin MacGraphicsSwitching
LogPluginManager: Mounting plugin MeshEditor
LogPluginManager: Mounting plugin MobileLauncherProfileWizard
LogPluginManager: Mounting plugin PluginBrowser
LogPluginManager: Mounting plugin SpeedTreeImporter
LogPluginManager: Mounting plugin DatasmithContent
LogPluginManager: Mounting plugin AlembicImporter
LogPluginManager: Mounting plugin AppleImageUtils
LogPluginManager: Mounting plugin AppleVision
LogPluginManager: Mounting plugin BackChannel
LogPluginManager: Mounting plugin CharacterAI
LogPluginManager: Mounting plugin GeometryCache
LogPluginManager: Mounting plugin HTML5Networking
LogPluginManager: Mounting plugin ProxyLODPlugin
LogPluginManager: Mounting plugin MagicLeap
LogPluginManager: Mounting plugin MagicLeapEmulator
LogPluginManager: Mounting plugin MagicLeapMedia
LogPluginManager: Mounting plugin AndroidMedia
LogPluginManager: Mounting plugin AvfMedia
LogPluginManager: Mounting plugin ImgMedia
LogPluginManager: Mounting plugin LinearTimecode
LogPluginManager: Mounting plugin MediaCompositing
LogPluginManager: Mounting plugin MediaPlayerEditor
LogPluginManager: Mounting plugin WmfMedia
LogPluginManager: Mounting plugin TcpMessaging
LogPluginManager: Mounting plugin UdpMessaging
LogPluginManager: Mounting plugin ActorSequence
LogPluginManager: Mounting plugin LevelSequenceEditor
LogPluginManager: Mounting plugin MatineeToLevelSequence
LogPluginManager: Mounting plugin NetcodeUnitTest
LogPluginManager: Mounting plugin NUTUnrealEngine4
LogPluginManager: Mounting plugin OnlineSubsystemGooglePlay
LogPluginManager: Mounting plugin OnlineSubsystemIOS
LogPluginManager: Mounting plugin OnlineSubsystem
LogPluginManager: Mounting plugin OnlineSubsystemNull
LogPluginManager: Mounting plugin OnlineSubsystemUtils
LogPluginManager: Mounting plugin LauncherChunkInstaller
LogPluginManager: Mounting plugin AndroidDeviceProfileSelector
LogPluginManager: Mounting plugin AndroidMoviePlayer
LogPluginManager: Mounting plugin AndroidPermission
LogPluginManager: Mounting plugin AppleMoviePlayer
LogPluginManager: Mounting plugin ArchVisCharacter
LogPluginManager: Mounting plugin AudioCapture
LogPluginManager: Mounting plugin CableComponent
LogPluginManager: Mounting plugin CustomMeshComponent
LogPluginManager: Mounting plugin EditableMesh
LogPluginManager: Mounting plugin ExampleDeviceProfileSelector
LogPluginManager: Mounting plugin GoogleCloudMessaging
LogPluginManager: Mounting plugin ImmediatePhysics
LogPluginManager: Mounting plugin IOSDeviceProfileSelector
LogPluginManager: Mounting plugin LinuxDeviceProfileSelector
LogPluginManager: Mounting plugin LocationServicesBPLibrary
LogPluginManager: Mounting plugin MobilePatchingUtils
LogPluginManager: Mounting plugin OculusVR
LogPluginManager: Plugin shader directory ../../../Engine/Plugins/Runtime/Oculus/OculusVR/Shaders found
LogPluginManager: Mapping shader source directory ../../../Engine/Plugins/Runtime/Oculus/OculusVR/Shaders to virtual directory /Plugin/OculusVR
LogPluginManager: Mounting plugin PhysXVehicles
LogPluginManager: Mounting plugin ProceduralMeshComponent
LogPluginManager: Mounting plugin RuntimePhysXCooking
LogPluginManager: Mounting plugin SteamVR
LogPluginManager: Mounting plugin WindowsMoviePlayer
LogStreaming: Display: Took  0.083s to configure plugins.
LogInit: Using libcurl 7.55.1-DEV
LogInit:  - built for x86_64-pc-win32
LogInit:  - supports SSL with OpenSSL/1.0.2h
LogInit:  - supports HTTP deflate (compression) using libz 1.2.8
LogInit:  - other features:
LogInit:      CURL_VERSION_SSL
LogInit:      CURL_VERSION_LIBZ
LogInit:      CURL_VERSION_IPV6
LogInit:      CURL_VERSION_ASYNCHDNS
LogInit:      CURL_VERSION_LARGEFILE
LogInit:      CURL_VERSION_IDN
LogInit:  CurlRequestOptions (configurable via config and command line):
LogInit:  - bVerifyPeer = false  - Libcurl will NOT verify peer certificate
LogInit:  - bUseHttpProxy = false  - Libcurl will NOT use HTTP proxy
LogInit:  - bDontReuseConnections = false  - Libcurl will reuse connections
LogInit:  - CertBundlePath = nullptr  - Libcurl will use whatever was configured at build time.
LogInit:  - MaxHostConnections = 16  - Libcurl will limit the number of connections to a host
LogInit:  - LocalHostAddr = Default
LogInit:  - BufferSize = 65536
LogInit: WinSock: version 1.1 (2.2), MaxSocks=32767, MaxUdp=65467
LogInit: Build: ++UE4+Release-4.20-CL-4302132
LogInit: Engine Version: 4.20.2-4302132+++UE4+Release-4.20
LogInit: Compatible Engine Version: 4.20.0-4212847+++UE4+Release-4.20
LogInit: Net CL: 4212847
LogInit: OS: Windows 10 (), CPU: Intel(R) Core(TM) i7-6700K CPU @ 4.00GHz, GPU: NVIDIA GeForce GTX 1070
LogInit: Compiled (64-bit): Aug 21 2018 02:06:06
LogInit: Compiled with Visual C++: 19.13.26129.00
LogInit: Build Configuration: DebugGame
LogInit: Branch Name: ++UE4+Release-4.20
LogInit: Command Line:  -skipcompile -debug
LogInit: Base Directory: D:/Unreal Engine/UE_4.20/Engine/Binaries/Win64/
LogInit: Installed Engine Build: 1
LogDevObjectVersion: Number of dev versions registered: 20
LogDevObjectVersion:   Dev-Blueprints (B0D832E4-1F89-4F0D-ACCF-7EB736FD4AA2): 10
LogDevObjectVersion:   Dev-Build (E1C64328-A22C-4D53-A36C-8E866417BD8C): 0
LogDevObjectVersion:   Dev-Core (375EC13C-06E4-48FB-B500-84F0262A717E): 2
LogDevObjectVersion:   Dev-Editor (E4B068ED-F494-42E9-A231-DA0B2E46BB41): 24
LogDevObjectVersion:   Dev-Framework (CFFC743F-43B0-4480-9391-14DF171D2073): 34
LogDevObjectVersion:   Dev-Mobile (B02B49B5-BB20-44E9-A304-32B752E40360): 2
LogDevObjectVersion:   Dev-Networking (A4E4105C-59A1-49B5-A7C5-40C4547EDFEE): 0
LogDevObjectVersion:   Dev-Online (39C831C9-5AE6-47DC-9A44-9C173E1C8E7C): 0
LogDevObjectVersion:   Dev-Physics (78F01B33-EBEA-4F98-B9B4-84EACCB95AA2): 0
LogDevObjectVersion:   Dev-Platform (6631380F-2D4D-43E0-8009-CF276956A95A): 0
LogDevObjectVersion:   Dev-Rendering (12F88B9F-8875-4AFC-A67C-D90C383ABD29): 26
LogDevObjectVersion:   Dev-Sequencer (7B5AE74C-D270-4C10-A958-57980B212A5A): 9
LogDevObjectVersion:   Dev-VR (D7296918-1DD6-4BDD-9DE2-64A83CC13884): 2
LogDevObjectVersion:   Dev-LoadTimes (C2A15278-BFE7-4AFE-6C17-90FF531DF755): 1
LogDevObjectVersion:   Private-Geometry (6EACA3D4-40EC-4CC1-B786-8BED09428FC5): 3
LogDevObjectVersion:   Dev-AnimPhys (29E575DD-E0A3-4627-9D10-D276232CDCEA): 17
LogDevObjectVersion:   Dev-ReflectionCapture (6B266CEC-1EC7-4B8F-A30B-E4D90942FC07): 1
LogDevObjectVersion:   Dev-Automation (0DF73D61-A23F-47EA-B727-89E90C41499A): 1
LogDevObjectVersion:   FortniteMain (601D1886-AC64-4F84-AA16-D3DE0DEAC7D6): 12
LogDevObjectVersion:   Dev-Enterprise (9DFFBCD6-494F-0158-E221-12823C92A888): 1
LogStreaming: Display: Took  0.001s to delete old logs.
LogInit: Presizing for max 8388607 objects, including 0 objects not considered by GC, pre-allocating 0 bytes for permanent pool.
LogInit: Object subsystem initialized
[2018.09.19-14.36.47:763][  0]LogInit: Selected Device Profile: [Windows]
[2018.09.19-14.36.47:763][  0]LogInit: Applying CVar settings loaded from the selected device profile: [Windows]
[2018.09.19-14.36.47:773][  0]LogHAL: Display: Platform has ~ 16 GB [17117310976 / 17179869184 / 16], which maps to Larger [LargestMinGB=32, LargerMinGB=12, DefaultMinGB=8, SmallerMinGB=6, SmallestMinGB=0)
[2018.09.19-14.36.47:773][  0]LogInit: Setting Device Profile CVar: [[r.Vulkan.UseRealUBs:1]]
[2018.09.19-14.36.47:773][  0]LogInit: Going up to parent DeviceProfile []
[2018.09.19-14.36.47:774][  0]LogInit: Computer: DESKTOP-FTI3JJM
[2018.09.19-14.36.47:774][  0]LogInit: User: Kscha
[2018.09.19-14.36.47:774][  0]LogInit: CPU Page size=4096, Cores=4
[2018.09.19-14.36.47:774][  0]LogInit: High frequency timer resolution =3.914065 MHz
[2018.09.19-14.36.47:774][  0]LogMemory: Memory total: Physical=15.9GB (16GB approx)
[2018.09.19-14.36.47:774][  0]LogMemory: Platform Memory Stats for Windows
[2018.09.19-14.36.47:774][  0]LogMemory: Process Physical Memory: 101.61 MB used, 101.61 MB peak
[2018.09.19-14.36.47:774][  0]LogMemory: Process Virtual Memory: 91.32 MB used, 91.32 MB peak
[2018.09.19-14.36.47:774][  0]LogMemory: Physical Memory: 7007.15 MB used,  9317.19 MB free, 16324.34 MB total
[2018.09.19-14.36.47:774][  0]LogMemory: Virtual Memory: 4645.13 MB used,  9317.19 MB free, 134217728.00 MB total
[2018.09.19-14.36.47:862][  0]LogInit: Using OS detected language (de-DE).
[2018.09.19-14.36.47:862][  0]LogInit: Using OS detected locale (de-DE).
[2018.09.19-14.36.47:863][  0]LogTextLocalizationManager: No specific localization for 'de-DE' exists, so the 'de' localization will be used.
[2018.09.19-14.36.47:864][  0]LogStreaming: Display: Took  0.002s to InitEngineTextLocalization.
[2018.09.19-14.36.47:864][  0]LogInit: Setting process to per monitor DPI aware
[2018.09.19-14.36.47:926][  0]LogSlate: New Slate User Created.  User Index 0, Is Virtual User: 0
[2018.09.19-14.36.47:926][  0]LogSlate: Slate User Registered.  User Index 0, Is Virtual User: 0
[2018.09.19-14.36.48:084][  0]LogHMD: Failed to initialize OpenVR with code 110
[2018.09.19-14.36.48:084][  0]LogD3D11RHI: D3D11 adapters:
[2018.09.19-14.36.48:138][  0]LogD3D11RHI:    0. 'NVIDIA GeForce GTX 1070' (Feature Level 11_0)
[2018.09.19-14.36.48:138][  0]LogD3D11RHI:       8088/0/8162 MB DedicatedVideo/DedicatedSystem/SharedSystem, Outputs:3, VendorId:0x10de
[2018.09.19-14.36.48:142][  0]LogD3D11RHI:    1. 'Microsoft Basic Render Driver' (Feature Level 11_0)
[2018.09.19-14.36.48:142][  0]LogD3D11RHI:       0/0/8162 MB DedicatedVideo/DedicatedSystem/SharedSystem, Outputs:0, VendorId:0x1414
[2018.09.19-14.36.48:142][  0]LogD3D11RHI: Chosen D3D11 Adapter: 0
[2018.09.19-14.36.48:149][  0]LogD3D11RHI: Creating new Direct3DDevice
[2018.09.19-14.36.48:149][  0]LogD3D11RHI:     GPU DeviceId: 0x1b81 (for the marketing name, search the web for "GPU Device Id")
[2018.09.19-14.36.48:149][  0]LogWindows: EnumDisplayDevices:
[2018.09.19-14.36.48:150][  0]LogWindows:    0. 'NVIDIA GeForce GTX 1070' (P:0 D:1)
[2018.09.19-14.36.48:150][  0]LogWindows:    1. 'NVIDIA GeForce GTX 1070' (P:0 D:1)
[2018.09.19-14.36.48:150][  0]LogWindows:    2. 'NVIDIA GeForce GTX 1070' (P:1 D:1)
[2018.09.19-14.36.48:150][  0]LogWindows:    3. 'NVIDIA GeForce GTX 1070' (P:0 D:0)
[2018.09.19-14.36.48:150][  0]LogWindows: DebugString: FoundDriverCount:4 
[2018.09.19-14.36.48:150][  0]LogD3D11RHI:     Adapter Name: NVIDIA GeForce GTX 1070
[2018.09.19-14.36.48:150][  0]LogD3D11RHI:   Driver Version: 399.24 (internal:24.21.13.9924, unified:399.24)
[2018.09.19-14.36.48:151][  0]LogD3D11RHI:      Driver Date: 9-5-2018
[2018.09.19-14.36.48:151][  0]LogRHI: Texture pool is 5661 MB (70% of 8088 MB)
[2018.09.19-14.36.48:195][  0]LogD3D11RHI: Async texture creation enabled
[2018.09.19-14.36.48:223][  0]LogD3D11RHI: GPU Timing Frequency: 1000.000000 (Debug: 2 2)
[2018.09.19-14.36.48:314][  0]LogShaderCompilers: Guid format shader working directory is -10 characters bigger than the processId version (../../../../../Dokumente/Github Repos/Survival/Survival/Intermediate/Shaders/WorkingDirectory/11444/).
[2018.09.19-14.36.48:314][  0]LogShaderCompilers: Cleaned the shader compiler working directory 'C:/Users/Kscha/AppData/Local/Temp/UnrealShaderWorkingDir/D68508424BC96174BCEED0B9F5665E46/'.
[2018.09.19-14.36.48:541][  0]LogTemp: Display: Loaded TP AllDesktopTargetPlatform
[2018.09.19-14.36.48:552][  0]LogTemp: Display: Loaded TP MacClientTargetPlatform
[2018.09.19-14.36.48:564][  0]LogTemp: Display: Loaded TP MacNoEditorTargetPlatform
[2018.09.19-14.36.48:576][  0]LogTemp: Display: Loaded TP MacServerTargetPlatform
[2018.09.19-14.36.48:588][  0]LogTemp: Display: Loaded TP MacTargetPlatform
[2018.09.19-14.36.48:599][  0]LogTemp: Display: Loaded TP WindowsClientTargetPlatform
[2018.09.19-14.36.48:616][  0]LogTemp: Display: Loaded TP WindowsNoEditorTargetPlatform
[2018.09.19-14.36.48:629][  0]LogTemp: Display: Loaded TP WindowsServerTargetPlatform
[2018.09.19-14.36.48:634][  0]LogTemp: Display: Loaded TP WindowsTargetPlatform
[2018.09.19-14.36.48:708][  0]LogTemp: Display: Loaded TP AndroidTargetPlatform
[2018.09.19-14.36.48:708][  0]LogTemp: Display: Loaded TP AndroidTargetPlatform
[2018.09.19-14.36.48:708][  0]LogTemp: Display: Loaded TP AndroidTargetPlatform
[2018.09.19-14.36.48:708][  0]LogTemp: Display: Loaded TP AndroidTargetPlatform
[2018.09.19-14.36.48:708][  0]LogTemp: Display: Loaded TP AndroidTargetPlatform
[2018.09.19-14.36.48:708][  0]LogTemp: Display: Loaded TP AndroidTargetPlatform
[2018.09.19-14.36.48:708][  0]LogTemp: Display: Loaded TP AndroidTargetPlatform
[2018.09.19-14.36.48:708][  0]LogTemp: Display: Loaded TP AndroidTargetPlatform
[2018.09.19-14.36.48:709][  0]LogTemp: Display: Loaded TP AndroidTargetPlatform
[2018.09.19-14.36.48:709][  0]LogTemp: Display: Loaded TP AndroidTargetPlatform
[2018.09.19-14.36.48:709][  0]LogTemp: Display: Loaded TP AndroidTargetPlatform
[2018.09.19-14.36.48:709][  0]LogTemp: Display: Loaded TP AndroidTargetPlatform
[2018.09.19-14.36.48:709][  0]LogTemp: Display: Loaded TP AndroidTargetPlatform
[2018.09.19-14.36.48:709][  0]LogTemp: Display: Loaded TP AndroidTargetPlatform
[2018.09.19-14.36.48:709][  0]LogTemp: Display: Loaded TP AndroidTargetPlatform
[2018.09.19-14.36.48:709][  0]LogTemp: Display: Loaded TP AndroidTargetPlatform
[2018.09.19-14.36.48:709][  0]LogTemp: Display: Loaded TP AndroidTargetPlatform
[2018.09.19-14.36.48:709][  0]LogTemp: Display: Loaded TP AndroidTargetPlatform
[2018.09.19-14.36.48:714][  0]LogTemp: Display: Loaded TP HTML5TargetPlatform
[2018.09.19-14.36.48:776][  0]LogTemp: Display: Loaded TP IOSTargetPlatform
[2018.09.19-14.36.48:776][  0]LogTemp: Display: Loaded TP IOSTargetPlatform
[2018.09.19-14.36.48:798][  0]LogTemp: Display: Loaded TP TVOSTargetPlatform
[2018.09.19-14.36.48:798][  0]LogTemp: Display: Loaded TP TVOSTargetPlatform
[2018.09.19-14.36.48:810][  0]LogTemp: Display: Loaded TP LinuxClientTargetPlatform
[2018.09.19-14.36.48:821][  0]LogTemp: Display: Loaded TP LinuxNoEditorTargetPlatform
[2018.09.19-14.36.48:832][  0]LogTemp: Display: Loaded TP LinuxServerTargetPlatform
[2018.09.19-14.36.48:850][  0]LogTemp: Display: Loaded TP LinuxTargetPlatform
[2018.09.19-14.36.48:861][  0]LogTemp: Display: Loaded TP LuminTargetPlatform
[2018.09.19-14.36.48:861][  0]LogTargetPlatformManager: Display: Building Assets For Windows
[2018.09.19-14.36.48:933][  0]LogXGEController: Cleaning working directory: C:/Users/Kscha/AppData/Local/Temp/UnrealXGEWorkingDir/
[2018.09.19-14.36.48:933][  0]LogXGEController: Cannot use XGE Controller as Incredibuild is not installed on this machine.
[2018.09.19-14.36.48:933][  0]LogShaderCompilers: Cannot use XGE Shader Compiler as Incredibuild is not installed on this machine.
[2018.09.19-14.36.48:933][  0]LogShaderCompilers: Display: Using Local Shader Compiler.
[2018.09.19-14.36.49:525][  0]LogDerivedDataCache: Display: Max Cache Size: 512 MB
[2018.09.19-14.36.49:569][  0]LogDerivedDataCache: Loaded boot cache 0.04s 73MB C:/Users/Kscha/AppData/Local/UnrealEngine/4.20/DerivedDataCache/Boot.ddc.
[2018.09.19-14.36.49:570][  0]LogDerivedDataCache: Display: Loaded Boot cache: C:/Users/Kscha/AppData/Local/UnrealEngine/4.20/DerivedDataCache/Boot.ddc
[2018.09.19-14.36.49:570][  0]LogDerivedDataCache: FDerivedDataBackendGraph:  Pak pak cache file ../../../../../Dokumente/Github Repos/Survival/Survival/DerivedDataCache/DDC.ddp not found, will not use a pak cache.
[2018.09.19-14.36.49:570][  0]LogDerivedDataCache: Unable to find inner node Pak for hierarchical cache Hierarchy.
[2018.09.19-14.36.49:570][  0]LogDerivedDataCache: FDerivedDataBackendGraph:  CompressedPak pak cache file ../../../../../Dokumente/Github Repos/Survival/Survival/DerivedDataCache/Compressed.ddp not found, will not use a pak cache.
[2018.09.19-14.36.49:570][  0]LogDerivedDataCache: Unable to find inner node CompressedPak for hierarchical cache Hierarchy.
[2018.09.19-14.36.49:583][  0]LogDerivedDataCache: Display: Pak cache opened for reading ../../../Engine/DerivedDataCache/Compressed.ddp.
[2018.09.19-14.36.49:595][  0]LogDerivedDataCache: Using Local data cache path C:/Users/Kscha/AppData/Local/UnrealEngine/Common/DerivedDataCache: Writable
[2018.09.19-14.36.49:595][  0]LogDerivedDataCache: Shared data cache path not found in *engine.ini, will not use an Shared cache.
[2018.09.19-14.36.49:595][  0]LogDerivedDataCache: Unable to find inner node Shared for hierarchical cache Hierarchy.
[2018.09.19-14.36.49:610][  0]LogMaterial: Verifying Global Shaders for PCD3D_SM5
[2018.09.19-14.36.49:611][  0]LogSlate: Using FreeType 2.6.0
[2018.09.19-14.36.49:611][  0]LogSlate: SlateFontServices - WITH_FREETYPE: 1, WITH_HARFBUZZ: 1
[2018.09.19-14.36.49:674][  0]LogAssetRegistry: FAssetRegistry took 0.0276 seconds to start up
[2018.09.19-14.36.49:937][  0]LogInit: Selected Device Profile: [Windows]
[2018.09.19-14.36.50:055][  0]LogSimplygon: Simplygon DLL not present - disabling.
[2018.09.19-14.36.50:060][  0]LogMeshReduction: Using SimplygonSwarm for distributed automatic mesh merging
[2018.09.19-14.36.50:060][  0]LogMeshReduction: Using ProxyLODMeshReduction for automatic mesh merging
[2018.09.19-14.36.50:060][  0]LogMeshReduction: Using QuadricMeshReduction for automatic static mesh reduction
[2018.09.19-14.36.50:060][  0]LogMeshReduction: No automatic skeletal mesh reduction module available
[2018.09.19-14.36.50:086][  0]LogNetVersion: Survival 1.0.0, NetCL: 4212847, EngineNetVer: 5, GameNetVer: 0 (Checksum: 2571501108)
[2018.09.19-14.36.50:470][  0]LogPackageLocalizationCache: Processed 11 localized package path(s) for 2 prioritized culture(s) in 0.082027 seconds
[2018.09.19-14.36.50:477][  0]LogUObjectArray: 38425 objects as part of root set at end of initial load.
[2018.09.19-14.36.50:477][  0]LogUObjectAllocator: 6690864 out of 0 bytes used by permanent object pool.
[2018.09.19-14.36.50:477][  0]LogUObjectArray: CloseDisregardForGC: 0/0 objects in disregard for GC pool
[2018.09.19-14.36.51:209][  0]LogTcpMessaging: Initializing TcpMessaging bridge
[2018.09.19-14.36.51:224][  0]LogUdpMessaging: Initializing bridge on interface 0.0.0.0:0 to multicast group 230.0.0.1:6666.
[2018.09.19-14.36.51:546][  0]SourceControl: Source control is disabled
[2018.09.19-14.36.51:546][  0]SourceControl: Source control is disabled
[2018.09.19-14.36.51:549][  0]SourceControl: Source control is disabled
[2018.09.19-14.36.51:551][  0]SourceControl: Source control is disabled
[2018.09.19-14.36.51:742][  0]LogAndroidPermission: UAndroidPermissionCallbackProxy::GetInstance
[2018.09.19-14.36.51:833][  0]LogOcInput: OculusInput pre-init called
[2018.09.19-14.36.51:886][  0]LogEngine: Initializing Engine...
[2018.09.19-14.36.51:887][  0]LogHMD: Failed to initialize OpenVR with code 110
[2018.09.19-14.36.51:888][  0]LogStats: UGameplayTagsManager::ConstructGameplayTagTree: ImportINI prefixes -  0.000 s
[2018.09.19-14.36.51:888][  0]LogStats: UGameplayTagsManager::ConstructGameplayTagTree: Construct from data asset -  0.000 s
[2018.09.19-14.36.51:888][  0]LogStats: UGameplayTagsManager::ConstructGameplayTagTree: ImportINI -  0.000 s
[2018.09.19-14.36.51:888][  0]LogStats: UGameplayTagsManager::ConstructGameplayTagTree: GameplayTagTreeChangedEvent.Broadcast -  0.000 s
[2018.09.19-14.36.52:049][  0]LogInit: Initializing FReadOnlyCVARCache
[2018.09.19-14.36.52:058][  0]LogAIModule: Creating AISystem for world Untitled
[2018.09.19-14.36.52:074][  0]LogInit: XAudio2 using 'Lautsprecher (Realtek High Definition Audio)' : 2 channels at 48 kHz using 32 bits per sample (channel mask 0x3)
[2018.09.19-14.36.52:124][  0]LogInit: FAudioDevice initialized.
[2018.09.19-14.36.52:124][  0]LogNetVersion: Set ProjectVersion to 1.0.0.0. Version Checksum will be recalculated on next use.
[2018.09.19-14.36.52:188][  0]LogDerivedDataCache: Saved boot cache 0.06s 73MB C:/Users/Kscha/AppData/Local/UnrealEngine/4.20/DerivedDataCache/Boot.ddc.
[2018.09.19-14.36.52:195][  0]LogInit: Texture streaming: Enabled
[2018.09.19-14.36.52:210][  0]LogEngineSessionManager: EngineSessionManager initialized
[2018.09.19-14.36.52:210][  0]LogEngineSessionManager: EngineSessionManager sent abnormal shutdown report. Type=Debugger, SessionId={DDFDDFB4-4FDA-044A-A832-2CB81D51C500}
[2018.09.19-14.36.52:216][  0]LogInit: Transaction tracking system initialized
[2018.09.19-14.36.52:235][  0]BlueprintLog: New page: Editor Load
[2018.09.19-14.36.52:337][  0]LocalizationService: Localization service is disabled
[2018.09.19-14.36.52:549][  0]LogCook: Display: Max memory allowance for cook 16384mb min free memory 0mb
[2018.09.19-14.36.52:549][  0]LogCook: Display: Mobile HDR setting 1
[2018.09.19-14.36.52:549][  0]LogGameplayTags: Display: UGameplayTagsManager::DoneAddingNativeTags. DelegateIsBound: 0
[2018.09.19-14.36.52:549][  0]LogStats: UGameplayTagsManager::ConstructGameplayTagTree: ImportINI prefixes -  0.000 s
[2018.09.19-14.36.52:549][  0]LogStats: UGameplayTagsManager::ConstructGameplayTagTree: Construct from data asset -  0.000 s
[2018.09.19-14.36.52:550][  0]LogStats: UGameplayTagsManager::ConstructGameplayTagTree: ImportINI -  0.000 s
[2018.09.19-14.36.52:550][  0]LogStats: UGameplayTagsManager::ConstructGameplayTagTree: GameplayTagTreeChangedEvent.Broadcast -  0.000 s
[2018.09.19-14.36.52:622][  0]LogFileCache: Scanning file cache for directory 'D:/Dokumente/Github Repos/Survival/Survival/Content/' took 0.01s
[2018.09.19-14.36.52:664][  0]SourceControl: Source control is disabled
[2018.09.19-14.36.52:664][  0]Cmd: MAP LOAD FILE="../../../../../Dokumente/Github Repos/Survival/Survival/Content/FirstPersonCPP/Maps/FirstPersonExampleMap.umap" TEMPLATE=0 SHOWPROGRESS=1 FEATURELEVEL=3
[2018.09.19-14.36.52:665][  0]LightingResults: New page: Lighting Build
[2018.09.19-14.36.52:666][  0]MapCheck: New page: Map Check
[2018.09.19-14.36.52:666][  0]LightingResults: New page: Lighting Build
[2018.09.19-14.36.52:820][  0]LogAIModule: Creating AISystem for world FirstPersonExampleMap
[2018.09.19-14.36.52:828][  0]LogEditorServer: Finished looking for orphan Actors (0.000 secs)
[2018.09.19-14.36.52:846][  0]Cmd: MAP CHECKDEP NOCLEARLOG
[2018.09.19-14.36.52:882][  0]MapCheck: Map check complete: 0 Error(s), 0 Warning(s), took 35,221ms to complete.
[2018.09.19-14.36.52:882][  0]LogFileHelpers: Loading map 'FirstPersonExampleMap' took 0.217
[2018.09.19-14.36.53:043][  0]LogSlate: Updating window title bar state: overlay mode, drag disabled, window buttons hidden, title bar hidden
[2018.09.19-14.36.53:048][  0]LogSlate: Updating window title bar state: overlay mode, drag disabled, window buttons hidden, title bar hidden
[2018.09.19-14.36.53:054][  0]LogSlate: Updating window title bar state: overlay mode, drag disabled, window buttons hidden, title bar hidden
[2018.09.19-14.36.53:060][  0]LogSlate: Updating window title bar state: overlay mode, drag disabled, window buttons hidden, title bar hidden
[2018.09.19-14.36.53:065][  0]LogCollectionManager: Loaded 0 collections in 0.000595 seconds
[2018.09.19-14.36.53:126][  0]LogFileCache: Scanning file cache for directory 'D:/Dokumente/Github Repos/Survival/Survival/Saved/Collections/' took 0.01s
[2018.09.19-14.36.53:126][  0]LogFileCache: Scanning file cache for directory 'D:/Dokumente/Github Repos/Survival/Survival/Content/Developers/Kscha/Collections/' took 0.01s
[2018.09.19-14.36.53:126][  0]LogFileCache: Scanning file cache for directory 'D:/Dokumente/Github Repos/Survival/Survival/Content/Collections/' took 0.01s
[2018.09.19-14.36.53:127][  0]LogCollectionManager: Rebuilt the GUID cache for 0 collections in 0.000000 seconds
[2018.09.19-14.36.53:134][  0]LogContentBrowser: Native class hierarchy populated in 0.0075 seconds. Added 2587 classes and 611 folders.
[2018.09.19-14.36.53:138][  0]LogContentBrowser: Native class hierarchy updated for 'WidgetCarousel' in 0.0002 seconds. Added 0 classes and 0 folders.
[2018.09.19-14.36.53:162][  0]LogContentBrowser: Native class hierarchy updated for 'AddContentDialog' in 0.0003 seconds. Added 0 classes and 0 folders.
[2018.09.19-14.36.53:192][  0]LogContentBrowser: Native class hierarchy updated for 'SceneOutliner' in 0.0003 seconds. Added 1 classes and 2 folders.
[2018.09.19-14.36.53:204][  0]LogSlate: Took 0.000127 seconds to synchronously load lazily loaded font '../../../Engine/Content/Slate/Fonts/Roboto-Regular.ttf' (155K)
[2018.09.19-14.36.53:205][  0]LogSlate: Took 0.000139 seconds to synchronously load lazily loaded font '../../../Engine/Content/Slate/Fonts/Roboto-Bold.ttf' (160K)
[2018.09.19-14.36.53:210][  0]LogSlate: Took 0.000201 seconds to synchronously load lazily loaded font '../../../Engine/Content/Editor/Slate/Fonts/FontAwesome.ttf' (139K)
[2018.09.19-14.36.53:275][  0]LogRenderer: Reallocating scene render targets to support 1208x576 Format 10 NumSamples 1 (Frame:1).
[2018.09.19-14.36.53:325][  0]LogSlate: Took 0.000147 seconds to synchronously load lazily loaded font '../../../Engine/Content/Slate/Fonts/Roboto-Light.ttf' (167K)
[2018.09.19-14.36.53:380][  0]LogContentBrowser: Native class hierarchy updated for 'HierarchicalLODOutliner' in 0.0003 seconds. Added 0 classes and 0 folders.
[2018.09.19-14.36.53:380][  0]LogLoad: (Engine Initialization) Total time: 7.00 seconds
[2018.09.19-14.36.53:380][  0]LogLoad: (Engine Initialization) Total Blueprint compile time: 0.00 seconds
[2018.09.19-14.36.53:392][  0]LogWindowsTextInputMethodSystem: Display: IME system now deactivated.
[2018.09.19-14.36.53:411][  0]LogContentStreaming: Texture pool size now 1000 MB
[2018.09.19-14.36.53:433][  1]LogAssetRegistry: Asset discovery search completed in 3.7832 seconds
[2018.09.19-14.36.53:434][  1]LogCollectionManager: Rebuilt the object cache for 0 collections in 0.000000 seconds (found 0 objects)
[2018.09.19-14.36.53:434][  1]LogCollectionManager: Fixed up redirectors for 0 collections in 0.000091 seconds (updated 0 objects)
[2018.09.19-14.37.18:773][248]LogSlate: FSceneViewport::OnFocusLost() reason 0
[2018.09.19-14.37.26:769][169]LogSlate: FSceneViewport::OnFocusLost() reason 0
[2018.09.19-14.37.28:999][433]LogEditor: Attempting to add actor of class 'Knife' to level at -70.00,-40.00,170.00
[2018.09.19-14.37.29:340][471]LogEditor: Attempting to add actor of class 'Knife' to level at -120.00,-240.00,170.00
[2018.09.19-14.37.30:830][643]LogSlate: Took 0.000147 seconds to synchronously load lazily loaded font '../../../Engine/Content/Slate/Fonts/Roboto-Italic.ttf' (157K)
[2018.09.19-14.37.38:235][531]LogSlate: FSceneViewport::OnFocusLost() reason 0
[2018.09.19-14.37.52:200][180]LogEditorActor: Deleted Actor: Knife
[2018.09.19-14.37.52:219][180]LogEditorActor: Deleted 1 Actors (0.050 secs)
[2018.09.19-14.39.05:885][368]LogSlate: FSceneViewport::OnFocusLost() reason 0
[2018.09.19-14.41.09:084][ 48]LogSlate: Took 0.000147 seconds to synchronously load lazily loaded font '../../../Engine/Content/Slate/Fonts/Roboto-Light.ttf' (167K)
[2018.09.19-14.41.09:122][ 48]LogSlate: Took 0.000215 seconds to synchronously load lazily loaded font '../../../Engine/Content/Slate/Fonts/Roboto-BoldCondensed.ttf' (158K)
[2018.09.19-14.41.10:805][244]LogAssetEditorManager: Opening Asset editor for Blueprint /Game/MyKnife.MyKnife
[2018.09.19-14.41.11:966][244]LogContentBrowser: Native class hierarchy updated for 'BlueprintGraph' in 0.0006 seconds. Added 116 classes and 0 folders.
[2018.09.19-14.41.13:340][244]LogSlate: Window 'Add Blueprint Class' being destroyed
[2018.09.19-14.41.13:534][245]LogRenderer: Reallocating scene render targets to support 1208x600 Format 10 NumSamples 1 (Frame:1).
[2018.09.19-14.41.16:993][650]LogSlate: Window 'MyKnife*' being destroyed
[2018.09.19-14.41.16:996][650]LogSlate: Window 'MyKnife*' being destroyed
[2018.09.19-14.41.20:847][852]LogSlate: Window 'Delete Assets' being destroyed
[2018.09.19-14.42.48:416][397]LogSlate: FSceneViewport::OnFocusLost() reason 0
[2018.09.19-14.44.56:283][130]LogSlate: FSceneViewport::OnFocusLost() reason 0
[2018.09.19-14.45.00:853][199]LogSlate: Window 'Save Content' being destroyed
[2018.09.19-14.45.01:103][199]LogSavePackage: Moving '../../../../../Dokumente/Github Repos/Survival/Survival/Saved/FirstPersonExampleMap78D4A5C440BAE4BC6D09BBB726F2EDC2.tmp' to '../../../../../Dokumente/Github Repos/Survival/Survival/Content/FirstPersonCPP/Maps/FirstPersonExampleMap.umap'
[2018.09.19-14.45.01:141][199]LogFileHelpers: Saving map 'FirstPersonExampleMap' took 0.254
[2018.09.19-14.45.01:215][199]LogSlate: Window 'Survival [DebugGame] - Unreal Editor' being destroyed
[2018.09.19-14.45.01:473][200]Cmd: QUIT_EDITOR
[2018.09.19-14.45.01:575][200]LogWindowsTextInputMethodSystem: Display: IME system now deactivated.
[2018.09.19-14.45.01:594][200]LogExit: Preparing to exit.
[2018.09.19-14.45.01:928][200]LogExit: Editor shut down
[2018.09.19-14.45.01:928][200]LogExit: Transaction tracking system shut down
[2018.09.19-14.45.03:069][200]LogExit: Object subsystem successfully closed.
[2018.09.19-14.45.03:179][200]LogShaderCompilers: Display: Shaders left to compile 0
[2018.09.19-14.45.03:201][200]LogD3D11RHI: Shutdown
[2018.09.19-14.45.03:201][200]LogD3D11RHI: CleanupD3DDevice
[2018.09.19-14.45.03:215][200]LogD3D11RHI: ~FD3D11DynamicRHI
[2018.09.19-14.45.03:650][200]LogModuleManager: Shutting down and abandoning module BlueprintGraph (614)
[2018.09.19-14.45.03:650][200]LogModuleManager: Shutting down and abandoning module HierarchicalLODOutliner (612)
[2018.09.19-14.45.03:650][200]LogModuleManager: Shutting down and abandoning module SceneOutliner (610)
[2018.09.19-14.45.03:650][200]LogModuleManager: Shutting down and abandoning module AddContentDialog (608)
[2018.09.19-14.45.03:655][200]LogModuleManager: Shutting down and abandoning module WidgetCarousel (607)
[2018.09.19-14.45.03:655][200]LogModuleManager: Shutting down and abandoning module EditorWidgets (604)
[2018.09.19-14.45.03:655][200]LogModuleManager: Shutting down and abandoning module CollectionManager (602)
[2018.09.19-14.45.03:656][200]LogModuleManager: Shutting down and abandoning module StatsViewer (600)
[2018.09.19-14.45.03:656][200]LogModuleManager: Shutting down and abandoning module FoliageEdit (598)
[2018.09.19-14.45.03:656][200]LogModuleManager: Shutting down and abandoning module LandscapeEditor (596)
[2018.09.19-14.45.03:708][200]LogModuleManager: Shutting down and abandoning module MeshPaintMode (594)
[2018.09.19-14.45.03:708][200]LogModuleManager: Shutting down and abandoning module SceneDepthPickerMode (592)
[2018.09.19-14.45.03:708][200]LogModuleManager: Shutting down and abandoning module ActorPickerMode (590)
[2018.09.19-14.45.03:708][200]LogModuleManager: Shutting down and abandoning module GeometryMode (588)
[2018.09.19-14.45.03:708][200]LogModuleManager: Shutting down and abandoning module TextureAlignMode (586)
[2018.09.19-14.45.03:708][200]LogModuleManager: Shutting down and abandoning module BspMode (584)
[2018.09.19-14.45.03:708][200]LogModuleManager: Shutting down and abandoning module PIEPreviewDeviceProfileSelector (582)
[2018.09.19-14.45.03:708][200]LogModuleManager: Shutting down and abandoning module SequenceRecorderSections (580)
[2018.09.19-14.45.03:708][200]LogModuleManager: Shutting down and abandoning module AutomationWorker (578)
[2018.09.19-14.45.03:708][200]LogModuleManager: Shutting down and abandoning module AudioCaptureEditor (576)
[2018.09.19-14.45.03:708][200]LogModuleManager: Shutting down and abandoning module SequenceRecorder (575)
[2018.09.19-14.45.03:708][200]LogModuleManager: Shutting down and abandoning module MatineeToLevelSequence (572)
[2018.09.19-14.45.03:708][200]LogModuleManager: Shutting down and abandoning module LevelSequenceEditor (570)
[2018.09.19-14.45.03:719][200]LogModuleManager: Shutting down and abandoning module PlacementMode (569)
[2018.09.19-14.45.03:719][200]LogModuleManager: Shutting down and abandoning module MaterialEditor (568)
[2018.09.19-14.45.03:741][200]LogModuleManager: Shutting down and abandoning module WmfMediaFactory (564)
[2018.09.19-14.45.03:741][200]LogModuleManager: Shutting down and abandoning module WmfMediaEditor (562)
[2018.09.19-14.45.03:742][200]LogModuleManager: Shutting down and abandoning module MediaPlayerEditor (560)
[2018.09.19-14.45.03:742][200]LogModuleManager: Shutting down and abandoning module OpenExrWrapper (558)
[2018.09.19-14.45.03:742][200]LogModuleManager: Shutting down and abandoning module ImgMediaFactory (556)
[2018.09.19-14.45.03:742][200]LogModuleManager: Shutting down and abandoning module ImgMediaEditor (554)
[2018.09.19-14.45.03:742][200]LogModuleManager: Shutting down and abandoning module AvfMediaFactory (552)
[2018.09.19-14.45.03:742][200]LogModuleManager: Shutting down and abandoning module AvfMediaEditor (550)
[2018.09.19-14.45.03:742][200]LogModuleManager: Shutting down and abandoning module AndroidMediaFactory (548)
[2018.09.19-14.45.03:742][200]LogModuleManager: Shutting down and abandoning module AndroidMediaEditor (546)
[2018.09.19-14.45.03:742][200]LogModuleManager: Shutting down and abandoning module MagicLeapCameraPreviewFactory (544)
[2018.09.19-14.45.03:742][200]LogModuleManager: Shutting down and abandoning module MagicLeapMediaFactory (542)
[2018.09.19-14.45.03:742][200]LogModuleManager: Shutting down and abandoning module MagicLeapMediaEditor (540)
[2018.09.19-14.45.03:742][200]LogModuleManager: Shutting down and abandoning module CharacterAI (538)
[2018.09.19-14.45.03:742][200]LogModuleManager: Shutting down and abandoning module SmartSnapping (536)
[2018.09.19-14.45.03:742][200]LogModuleManager: Shutting down and abandoning module SessionServices (534)
[2018.09.19-14.45.03:743][200]LogModuleManager: Shutting down and abandoning module ViewportSnapping (532)
[2018.09.19-14.45.03:743][200]LogModuleManager: Shutting down and abandoning module ViewportInteraction (530)
[2018.09.19-14.45.03:743][200]LogModuleManager: Shutting down and abandoning module ClothPainter (528)
[2018.09.19-14.45.03:743][200]LogModuleManager: Shutting down and abandoning module SkeletalMeshEditor (527)
[2018.09.19-14.45.03:773][200]LogModuleManager: Shutting down and abandoning module LogVisualizer (524)
[2018.09.19-14.45.03:773][200]LogModuleManager: Shutting down and abandoning module IntroTutorials (522)
[2018.09.19-14.45.03:773][200]LogModuleManager: Shutting down and abandoning module GameProjectGeneration (521)
[2018.09.19-14.45.03:774][200]LogModuleManager: Shutting down and abandoning module LuminPlatformEditor (518)
[2018.09.19-14.45.03:774][200]LogModuleManager: Shutting down and abandoning module IOSPlatformEditor (516)
[2018.09.19-14.45.03:774][200]LogModuleManager: Shutting down and abandoning module HTML5PlatformEditor (514)
[2018.09.19-14.45.03:774][200]LogModuleManager: Shutting down and abandoning module AndroidPlatformEditor (512)
[2018.09.19-14.45.03:774][200]LogModuleManager: Shutting down and abandoning module AndroidDeviceDetection (511)
[2018.09.19-14.45.03:795][200]LogModuleManager: Shutting down and abandoning module WindowsPlatformEditor (508)
[2018.09.19-14.45.03:795][200]LogModuleManager: Shutting down and abandoning module LuminRuntimeSettings (506)
[2018.09.19-14.45.03:795][200]LogModuleManager: Shutting down and abandoning module IOSRuntimeSettings (504)
[2018.09.19-14.45.03:795][200]LogModuleManager: Shutting down and abandoning module AndroidRuntimeSettings (502)
[2018.09.19-14.45.03:795][200]LogModuleManager: Shutting down and abandoning module InputBindingEditor (500)
[2018.09.19-14.45.03:810][200]LogModuleManager: Shutting down and abandoning module MergeActors (498)
[2018.09.19-14.45.03:810][200]LogModuleManager: Shutting down and abandoning module LocalizationDashboard (496)
[2018.09.19-14.45.03:811][200]LogModuleManager: Shutting down and abandoning module LocalizationService (495)
[2018.09.19-14.45.03:811][200]LogModuleManager: Shutting down and abandoning module HardwareTargeting (492)
[2018.09.19-14.45.03:811][200]LogModuleManager: Shutting down and abandoning module DeviceProfileEditor (490)
[2018.09.19-14.45.03:811][200]LogModuleManager: Shutting down and abandoning module UndoHistory (488)
[2018.09.19-14.45.03:811][200]LogModuleManager: Shutting down and abandoning module XmlParser (486)
[2018.09.19-14.45.03:811][200]LogModuleManager: Shutting down and abandoning module Blutility (484)
[2018.09.19-14.45.03:811][200]LogModuleManager: Shutting down and abandoning module ProjectSettingsViewer (482)
[2018.09.19-14.45.03:811][200]LogModuleManager: Shutting down and abandoning module ProjectTargetPlatformEditor (481)
[2018.09.19-14.45.03:811][200]LogModuleManager: Shutting down and abandoning module EditorSettingsViewer (478)
[2018.09.19-14.45.03:811][200]LogModuleManager: Shutting down and abandoning module SettingsEditor (476)
[2018.09.19-14.45.03:811][200]LogModuleManager: Shutting down and abandoning module ProjectLauncher (474)
[2018.09.19-14.45.03:822][200]LogModuleManager: Shutting down and abandoning module SessionFrontend (472)
[2018.09.19-14.45.03:822][200]LogModuleManager: Shutting down and abandoning module ProfilerClient (470)
[2018.09.19-14.45.03:834][200]LogModuleManager: Shutting down and abandoning module DeviceManager (468)
[2018.09.19-14.45.03:834][200]LogModuleManager: Shutting down and abandoning module TargetDeviceServices (467)
[2018.09.19-14.45.03:888][200]LogModuleManager: Shutting down and abandoning module AutomationController (464)
[2018.09.19-14.45.03:888][200]LogModuleManager: Shutting down and abandoning module AutomationWindow (462)
[2018.09.19-14.45.03:910][200]LogModuleManager: Shutting down and abandoning module Layers (460)
[2018.09.19-14.45.03:935][200]LogModuleManager: Shutting down and abandoning module ComponentVisualizers (458)
[2018.09.19-14.45.03:935][200]LogModuleManager: Shutting down and abandoning module DetailCustomizations (456)
[2018.09.19-14.45.03:935][200]LogModuleManager: Shutting down and abandoning module PackagesDialog (454)
[2018.09.19-14.45.03:935][200]LogModuleManager: Shutting down and abandoning module Persona (452)
[2018.09.19-14.45.03:950][200]LogModuleManager: Shutting down and abandoning module AdvancedPreviewScene (451)
[2018.09.19-14.45.03:950][200]LogModuleManager: Shutting down and abandoning module AnimGraph (449)
[2018.09.19-14.45.03:950][200]LogModuleManager: Shutting down and abandoning module Kismet (446)
[2018.09.19-14.45.03:957][200]LogModuleManager: Shutting down and abandoning module GraphEditor (444)
[2018.09.19-14.45.03:958][200]LogModuleManager: Shutting down and abandoning module ClassViewer (442)
[2018.09.19-14.45.03:958][200]LogModuleManager: Shutting down and abandoning module Toolbox (440)
[2018.09.19-14.45.03:958][200]LogModuleManager: Shutting down and abandoning module DesktopPlatform (439)
[2018.09.19-14.45.03:959][200]LogModuleManager: Shutting down and abandoning module ModuleUI (436)
[2018.09.19-14.45.03:967][200]LogModuleManager: Shutting down and abandoning module MovieSceneTools (434)
[2018.09.19-14.45.03:967][200]LogModuleManager: Shutting down and abandoning module OutputLog (432)
[2018.09.19-14.45.03:967][200]LogModuleManager: Shutting down and abandoning module GammaUI (430)
[2018.09.19-14.45.03:988][200]LogModuleManager: Shutting down and abandoning module Documentation (428)
[2018.09.19-14.45.03:988][200]LogModuleManager: Shutting down and abandoning module MovieSceneTracks (426)
[2018.09.19-14.45.04:007][200]LogModuleManager: Shutting down and abandoning module MovieScene (424)
[2018.09.19-14.45.04:007][200]LogModuleManager: Shutting down and abandoning module StreamingPauseRendering (422)
[2018.09.19-14.45.04:008][200]LogModuleManager: Shutting down and abandoning module LauncherPlatform (420)
[2018.09.19-14.45.04:008][200]LogModuleManager: Shutting down and abandoning module AnalyticsET (418)
[2018.09.19-14.45.04:008][200]LogModuleManager: Shutting down and abandoning module PortalServices (416)
[2018.09.19-14.45.04:008][200]LogModuleManager: Shutting down and abandoning module PortalRpc (414)
[2018.09.19-14.45.04:008][200]LogModuleManager: Shutting down and abandoning module MessagingRpc (412)
[2018.09.19-14.45.04:008][200]LogModuleManager: Shutting down and abandoning module AIModule (410)
[2018.09.19-14.45.04:008][200]LogModuleManager: Shutting down and abandoning module GameplayDebugger (409)
[2018.09.19-14.45.04:008][200]LogModuleManager: Shutting down and abandoning module AITestSuite (407)
[2018.09.19-14.45.04:008][200]LogModuleManager: Shutting down and abandoning module NavigationSystem (405)
[2018.09.19-14.45.04:008][200]LogModuleManager: Shutting down and abandoning module ProfilerService (402)
[2018.09.19-14.45.04:029][200]LogModuleManager: Shutting down and abandoning module TaskGraph (400)
[2018.09.19-14.45.04:029][200]LogModuleManager: Shutting down and abandoning module SteamVRController (398)
[2018.09.19-14.45.04:029][200]LogModuleManager: Shutting down and abandoning module ProceduralMeshComponentEditor (396)
[2018.09.19-14.45.04:029][200]LogModuleManager: Shutting down and abandoning module ProceduralMeshComponent (394)
[2018.09.19-14.45.04:029][200]LogModuleManager: Shutting down and abandoning module OculusInput (392)
[2018.09.19-14.45.04:029][200]LogModuleManager: Shutting down and abandoning module MobilePatchingUtils (390)
[2018.09.19-14.45.04:029][200]LogModuleManager: Shutting down and abandoning module EditableMesh (388)
[2018.09.19-14.45.04:029][200]LogModuleManager: Shutting down and abandoning module CustomMeshComponent (386)
[2018.09.19-14.45.04:029][200]LogModuleManager: Shutting down and abandoning module CableComponent (384)
[2018.09.19-14.45.04:029][200]LogModuleManager: Shutting down and abandoning module AudioCapture (382)
[2018.09.19-14.45.04:029][200]LogModuleManager: Shutting down and abandoning module ArchVisCharacter (380)
[2018.09.19-14.45.04:029][200]LogModuleManager: Shutting down and abandoning module AndroidPermission (378)
[2018.09.19-14.45.04:029][200]LogModuleManager: Shutting down and abandoning module NUTUnrealEngine4 (376)
[2018.09.19-14.45.04:029][200]LogModuleManager: Shutting down and abandoning module NetcodeUnitTest (374)
[2018.09.19-14.45.04:041][200]LogModuleManager: Shutting down and abandoning module MediaCompositingEditor (372)
[2018.09.19-14.45.04:041][200]LogModuleManager: Shutting down and abandoning module MediaCompositing (370)
[2018.09.19-14.45.04:041][200]LogModuleManager: Shutting down and abandoning module LinearTimecode (368)
[2018.09.19-14.45.04:041][200]LogModuleManager: Shutting down and abandoning module ImgMedia (366)
[2018.09.19-14.45.04:056][200]LogModuleManager: Shutting down and abandoning module HTML5Networking (364)
[2018.09.19-14.45.04:056][200]LogModuleManager: Shutting down and abandoning module GeometryCacheTracks (362)
[2018.09.19-14.45.04:056][200]LogModuleManager: Shutting down and abandoning module GeometryCacheSequencer (360)
[2018.09.19-14.45.04:056][200]LogModuleManager: Shutting down and abandoning module BackChannel (358)
[2018.09.19-14.45.04:073][200]LogModuleManager: Shutting down and abandoning module AppleVision (356)
[2018.09.19-14.45.04:073][200]LogModuleManager: Shutting down and abandoning module AppleImageUtils (354)
[2018.09.19-14.45.04:073][200]LogModuleManager: Shutting down and abandoning module AlembicImporter (352)
[2018.09.19-14.45.04:073][200]LogModuleManager: Shutting down and abandoning module AlembicLibrary (351)
[2018.09.19-14.45.04:073][200]LogModuleManager: Shutting down and abandoning module GeometryCache (350)
[2018.09.19-14.45.04:073][200]LogModuleManager: Shutting down and abandoning module GeometryCacheEd (349)
[2018.09.19-14.45.04:073][200]LogModuleManager: Shutting down and abandoning module DatasmithContentEditor (344)
[2018.09.19-14.45.04:073][200]LogModuleManager: Shutting down and abandoning module DatasmithContent (342)
[2018.09.19-14.45.04:074][200]LogModuleManager: Shutting down and abandoning module SpeedTreeImporter (340)
[2018.09.19-14.45.04:074][200]LogModuleManager: Shutting down and abandoning module PluginBrowser (338)
[2018.09.19-14.45.04:087][200]LogModuleManager: Shutting down and abandoning module MobileLauncherProfileWizard (336)
[2018.09.19-14.45.04:092][200]LogModuleManager: Shutting down and abandoning module PolygonModeling (334)
[2018.09.19-14.45.04:093][200]LogModuleManager: Shutting down and abandoning module MeshEditor (332)
[2018.09.19-14.45.04:093][200]LogModuleManager: Shutting down and abandoning module CryptoKeysOpenSSL (330)
[2018.09.19-14.45.04:093][200]LogModuleManager: Shutting down and abandoning module CryptoKeys (328)
[2018.09.19-14.45.04:093][200]LogModuleManager: Shutting down and abandoning module VisualStudioSourceCodeAccess (326)
[2018.09.19-14.45.04:093][200]LogModuleManager: Shutting down and abandoning module VisualStudioCodeSourceCodeAccess (324)
[2018.09.19-14.45.04:093][200]LogModuleManager: Shutting down and abandoning module UObjectPlugin (322)
[2018.09.19-14.45.04:093][200]LogModuleManager: Shutting down and abandoning module SubversionSourceControl (320)
[2018.09.19-14.45.04:093][200]LogModuleManager: Shutting down and abandoning module PerforceSourceControl (318)
[2018.09.19-14.45.04:111][200]LogModuleManager: Shutting down and abandoning module GitSourceControl (316)
[2018.09.19-14.45.04:111][200]LogModuleManager: Shutting down and abandoning module SourceControl (315)
[2018.09.19-14.45.04:121][200]LogModuleManager: Shutting down and abandoning module CLionSourceCodeAccess (312)
[2018.09.19-14.45.04:121][200]LogModuleManager: Shutting down and abandoning module LightPropagationVolumeEditor (310)
[2018.09.19-14.45.04:121][200]LogModuleManager: Shutting down and abandoning module PaperTiledImporter (308)
[2018.09.19-14.45.04:121][200]LogModuleManager: Shutting down and abandoning module PaperSpriteSheetImporter (306)
[2018.09.19-14.45.04:121][200]LogModuleManager: Shutting down and abandoning module Paper2DEditor (304)
[2018.09.19-14.45.04:141][200]LogModuleManager: Shutting down and abandoning module MeshPaint (303)
[2018.09.19-14.45.04:141][200]LogModuleManager: Shutting down and abandoning module Survival (300)
[2018.09.19-14.45.04:141][200]LogModuleManager: Shutting down and abandoning module RuntimePhysXCooking (298)
[2018.09.19-14.45.04:141][200]LogModuleManager: Shutting down and abandoning module PhysXVehiclesEditor (296)
[2018.09.19-14.45.04:141][200]LogModuleManager: Shutting down and abandoning module PhysXVehicles (294)
[2018.09.19-14.45.04:141][200]LogModuleManager: Shutting down and abandoning module OculusEditor (292)
[2018.09.19-14.45.04:141][200]LogModuleManager: Shutting down and abandoning module LocationServicesBPLibrary (290)
[2018.09.19-14.45.04:142][200]LogModuleManager: Shutting down and abandoning module ImmediatePhysicsEditor (288)
[2018.09.19-14.45.04:142][200]LogModuleManager: Shutting down and abandoning module ImmediatePhysics (286)
[2018.09.19-14.45.04:165][200]LogModuleManager: Shutting down and abandoning module ActorSequence (284)
[2018.09.19-14.45.04:165][200]LogModuleManager: Shutting down and abandoning module UdpMessaging (282)
[2018.09.19-14.45.04:267][200]LogModuleManager: Shutting down and abandoning module TcpMessaging (280)
[2018.09.19-14.45.04:367][200]LogModuleManager: Shutting down and abandoning module MagicLeapAudio (278)
[2018.09.19-14.45.04:367][200]LogModuleManager: Shutting down and abandoning module GameplayTagsEditor (276)
[2018.09.19-14.45.04:367][200]LogModuleManager: Shutting down and abandoning module FacialAnimationEditor (274)
[2018.09.19-14.45.04:367][200]LogModuleManager: Shutting down and abandoning module FacialAnimation (272)
[2018.09.19-14.45.04:367][200]LogModuleManager: Shutting down and abandoning module DataValidation (270)
[2018.09.19-14.45.04:367][200]LogModuleManager: Shutting down and abandoning module AssetManagerEditor (268)
[2018.09.19-14.45.04:378][200]LogModuleManager: Shutting down and abandoning module LevelEditor (267)
[2018.09.19-14.45.04:378][200]LogModuleManager: Shutting down and abandoning module PixelInspectorModule (266)
[2018.09.19-14.45.04:378][200]LogModuleManager: Shutting down and abandoning module CommonMenuExtensions (264)
[2018.09.19-14.45.04:378][200]LogModuleManager: Shutting down and abandoning module MainFrame (262)
[2018.09.19-14.45.04:379][200]LogModuleManager: Shutting down and abandoning module HotReload (261)
[2018.09.19-14.45.04:379][200]LogModuleManager: Shutting down and abandoning module ContentBrowser (257)
[2018.09.19-14.45.04:380][200]LogModuleManager: Shutting down and abandoning module TreeMap (255)
[2018.09.19-14.45.04:380][200]LogModuleManager: Shutting down and abandoning module LightPropagationVolumeRuntime (252)
[2018.09.19-14.45.04:380][200]LogModuleManager: Shutting down and abandoning module AISupportModule (250)
[2018.09.19-14.45.04:380][200]LogModuleManager: Shutting down and abandoning module Paper2D (248)
[2018.09.19-14.45.04:380][200]LogModuleManager: Shutting down and abandoning module WindowsMoviePlayer (246)
[2018.09.19-14.45.04:395][200]LogModuleManager: Shutting down and abandoning module WmfMedia (244)
[2018.09.19-14.45.04:408][200]LogModuleManager: Shutting down and abandoning module Media (243)
[2018.09.19-14.45.04:414][200]LogModuleManager: Shutting down and abandoning module PacketHandler (240)
[2018.09.19-14.45.04:414][200]LogModuleManager: Shutting down and abandoning module ClothingSystemEditor (238)
[2018.09.19-14.45.04:414][200]LogModuleManager: Shutting down and abandoning module ClothingSystemRuntime (236)
[2018.09.19-14.45.04:439][200]LogModuleManager: Shutting down and abandoning module MediaAssets (234)
[2018.09.19-14.45.04:440][200]LogModuleManager: Shutting down and abandoning module Overlay (232)
[2018.09.19-14.45.04:440][200]LogModuleManager: Shutting down and abandoning module OverlayEditor (231)
[2018.09.19-14.45.04:440][200]LogModuleManager: Shutting down and abandoning module VREditor (228)
[2018.09.19-14.45.04:455][200]LogModuleManager: Shutting down and abandoning module StringTableEditor (226)
[2018.09.19-14.45.04:472][200]LogModuleManager: Shutting down and abandoning module GameplayTasksEditor (224)
[2018.09.19-14.45.04:472][200]LogModuleManager: Shutting down and abandoning module BehaviorTreeEditor (222)
[2018.09.19-14.45.04:485][200]LogModuleManager: Shutting down and abandoning module FunctionalTesting (220)
[2018.09.19-14.45.04:486][200]LogModuleManager: Shutting down and abandoning module CollisionAnalyzer (218)
[2018.09.19-14.45.04:486][200]LogModuleManager: Shutting down and abandoning module WorkspaceMenuStructure (217)
[2018.09.19-14.45.04:486][200]LogModuleManager: Shutting down and abandoning module UMG (214)
[2018.09.19-14.45.04:486][200]LogModuleManager: Shutting down and abandoning module UMGEditor (213)
[2018.09.19-14.45.04:492][200]LogModuleManager: Shutting down and abandoning module Sequencer (212)
[2018.09.19-14.45.04:513][200]LogModuleManager: Shutting down and abandoning module MessageLog (209)
[2018.09.19-14.45.04:513][200]LogModuleManager: Shutting down and abandoning module SlateReflector (204)
[2018.09.19-14.45.04:535][200]LogModuleManager: Shutting down and abandoning module Slate (202)
[2018.09.19-14.45.04:535][200]LogModuleManager: Shutting down and abandoning module EditorStyle (200)
[2018.09.19-14.45.04:536][200]LogModuleManager: Shutting down and abandoning module MRMesh (198)
[2018.09.19-14.45.04:552][200]LogModuleManager: Shutting down and abandoning module SourceCodeAccess (196)
[2018.09.19-14.45.04:553][200]LogModuleManager: Shutting down and abandoning module HeadMountedDisplay (194)
[2018.09.19-14.45.04:553][200]LogModuleManager: Shutting down and abandoning module XAudio2 (192)
[2018.09.19-14.45.04:553][200]LogModuleManager: Shutting down and abandoning module Networking (190)
[2018.09.19-14.45.04:553][200]LogModuleManager: Shutting down and abandoning module Core (188)
[2018.09.19-14.45.04:553][200]LogModuleManager: Shutting down and abandoning module LevelSequence (186)
[2018.09.19-14.45.04:553][200]LogModuleManager: Shutting down and abandoning module KismetCompiler (184)
[2018.09.19-14.45.04:553][200]LogModuleManager: Shutting down and abandoning module MeshUtilities (182)
[2018.09.19-14.45.04:553][200]LogModuleManager: Shutting down and abandoning module MeshMergeUtilities (181)
[2018.09.19-14.45.04:553][200]LogModuleManager: Shutting down and abandoning module MeshReductionInterface (180)
[2018.09.19-14.45.04:553][200]LogModuleManager: Shutting down and abandoning module SimplygonSwarm (179)
[2018.09.19-14.45.04:570][200]LogModuleManager: Shutting down and abandoning module ProxyLODMeshReduction (177)
[2018.09.19-14.45.04:595][200]LogModuleManager: Shutting down and abandoning module SimplygonMeshReduction (175)
[2018.09.19-14.45.04:595][200]LogModuleManager: Shutting down and abandoning module QuadricMeshReduction (173)
[2018.09.19-14.45.04:614][200]LogModuleManager: Shutting down and abandoning module MaterialBaking (169)
[2018.09.19-14.45.04:614][200]LogModuleManager: Shutting down and abandoning module DirectoryWatcher (165)
[2018.09.19-14.45.04:614][200]LogModuleManager: Shutting down and abandoning module DerivedDataCache (162)
[2018.09.19-14.45.04:678][200]LogDerivedDataCache: Shutdown
[2018.09.19-14.45.04:678][200]LogModuleManager: Shutting down and abandoning module XGEController (160)
[2018.09.19-14.45.04:678][200]LogXGEController: Cleaning working directory: C:/Users/Kscha/AppData/Local/Temp/UnrealXGEWorkingDir/
[2018.09.19-14.45.04:697][200]LogModuleManager: Shutting down and abandoning module TargetPlatform (158)
[2018.09.19-14.45.04:697][200]LogModuleManager: Shutting down and abandoning module VulkanShaderFormat (157)
[2018.09.19-14.45.04:697][200]LogModuleManager: Shutting down and abandoning module ShaderFormatVectorVM (155)
[2018.09.19-14.45.04:712][200]LogModuleManager: Shutting down and abandoning module ShaderFormatOpenGL (153)
[2018.09.19-14.45.04:722][200]LogModuleManager: Shutting down and abandoning module ShaderFormatD3D (151)
[2018.09.19-14.45.04:722][200]LogModuleManager: Shutting down and abandoning module MetalShaderFormat (149)
[2018.09.19-14.45.04:734][200]LogModuleManager: Shutting down and abandoning module TextureFormatUncompressed (147)
[2018.09.19-14.45.04:734][200]LogModuleManager: Shutting down and abandoning module TextureFormatPVR (145)
[2018.09.19-14.45.04:734][200]LogModuleManager: Shutting down and abandoning module TextureFormatDXT (143)
[2018.09.19-14.45.04:750][200]LogModuleManager: Shutting down and abandoning module TextureFormatIntelISPCTexComp (141)
[2018.09.19-14.45.04:765][200]LogModuleManager: Shutting down and abandoning module TextureFormatASTC (139)
[2018.09.19-14.45.04:765][200]LogModuleManager: Shutting down and abandoning module ImageWrapper (138)
[2018.09.19-14.45.04:765][200]LogModuleManager: Shutting down and abandoning module TextureFormatAndroid (135)
[2018.09.19-14.45.04:766][200]LogModuleManager: Shutting down and abandoning module AudioFormatOpus (133)
[2018.09.19-14.45.04:766][200]LogModuleManager: Shutting down and abandoning module AudioFormatOgg (131)
[2018.09.19-14.45.04:766][200]LogModuleManager: Shutting down and abandoning module AudioFormatADPCM (129)
[2018.09.19-14.45.04:766][200]LogModuleManager: Shutting down and abandoning module LuminTargetPlatform (127)
[2018.09.19-14.45.04:766][200]LogModuleManager: Shutting down and abandoning module LinuxTargetPlatform (125)
[2018.09.19-14.45.04:766][200]LogModuleManager: Shutting down and abandoning module LinuxServerTargetPlatform (123)
[2018.09.19-14.45.04:766][200]LogModuleManager: Shutting down and abandoning module LinuxNoEditorTargetPlatform (121)
[2018.09.19-14.45.04:766][200]LogModuleManager: Shutting down and abandoning module LinuxClientTargetPlatform (119)
[2018.09.19-14.45.04:766][200]LogModuleManager: Shutting down and abandoning module TVOSTargetPlatform (117)
[2018.09.19-14.45.04:767][200]LogModuleManager: Shutting down and abandoning module Messaging (115)
[2018.09.19-14.45.04:767][200]LogModuleManager: Shutting down and abandoning module IOSTargetPlatform (113)
[2018.09.19-14.45.04:767][200]LogModuleManager: Shutting down and abandoning module HTML5TargetPlatform (111)
[2018.09.19-14.45.04:767][200]LogModuleManager: Shutting down and abandoning module AndroidTargetPlatform (109)
[2018.09.19-14.45.04:772][200]LogModuleManager: Shutting down and abandoning module WindowsTargetPlatform (107)
[2018.09.19-14.45.04:772][200]LogModuleManager: Shutting down and abandoning module WindowsServerTargetPlatform (105)
[2018.09.19-14.45.04:772][200]LogModuleManager: Shutting down and abandoning module WindowsNoEditorTargetPlatform (103)
[2018.09.19-14.45.04:772][200]LogModuleManager: Shutting down and abandoning module WindowsClientTargetPlatform (101)
[2018.09.19-14.45.04:772][200]LogModuleManager: Shutting down and abandoning module MacTargetPlatform (99)
[2018.09.19-14.45.04:772][200]LogModuleManager: Shutting down and abandoning module MacServerTargetPlatform (97)
[2018.09.19-14.45.04:772][200]LogModuleManager: Shutting down and abandoning module MacNoEditorTargetPlatform (95)
[2018.09.19-14.45.04:772][200]LogModuleManager: Shutting down and abandoning module MacClientTargetPlatform (93)
[2018.09.19-14.45.04:772][200]LogModuleManager: Shutting down and abandoning module AllDesktopTargetPlatform (91)
[2018.09.19-14.45.04:772][200]LogModuleManager: Shutting down and abandoning module InputCore (88)
[2018.09.19-14.45.04:772][200]LogModuleManager: Shutting down and abandoning module Settings (86)
[2018.09.19-14.45.04:772][200]LogModuleManager: Shutting down and abandoning module PhysXCooking (84)
[2018.09.19-14.45.04:772][200]LogModuleManager: Shutting down and abandoning module SteamVR (82)
[2018.09.19-14.45.04:772][200]LogModuleManager: Shutting down and abandoning module OculusHMD (80)
[2018.09.19-14.45.04:772][200]LogModuleManager: Shutting down and abandoning module ExampleDeviceProfileSelector (78)
[2018.09.19-14.45.04:772][200]LogModuleManager: Shutting down and abandoning module LauncherChunkInstaller (76)
[2018.09.19-14.45.04:773][200]LogModuleManager: Shutting down and abandoning module OnlineBlueprintSupport (74)
[2018.09.19-14.45.04:773][200]LogModuleManager: Shutting down and abandoning module OnlineSubsystem (70)
[2018.09.19-14.45.04:774][200]LogModuleManager: Shutting down and abandoning module XMPP (65)
[2018.09.19-14.45.04:812][200]LogModuleManager: Shutting down and abandoning module WebSockets (64)
[2018.09.19-14.45.04:851][200]LogModuleManager: Shutting down and abandoning module HTTP (61)
[2018.09.19-14.45.04:851][200]LogHttp: Display: Http module shutting down, but needs to wait on 1 outstanding Http requests:
[2018.09.19-14.45.04:851][200]LogHttp: Display: 	verb=[POST] url=[https://datarouter.ol.epicgames.com/datarouter/api/v1/public/data?SessionID=%7BE36CE233-4692-87DA-915C-D0B268175FF1%7D&AppID=UEEditor.Rocket.Release&AppVersion=4.20.2-4302132%2B%2B%2BUE4%2BRelease-4.20&UserID=147588c041777a9701e4caa33555a153%7C54115821793a4d9dac74f845a7218274%7Cd02f2261-9139-4d5f-89a2-e7811712aa2c&AppEnvironment=datacollector-binary&UploadType=eteventstream] status=Processing
[2018.09.19-14.45.04:883][200]LogModuleManager: Shutting down and abandoning module SSL (60)
[2018.09.19-14.45.04:884][200]LogModuleManager: Shutting down and abandoning module MagicLeapEmulator (56)
[2018.09.19-14.45.04:884][200]LogModuleManager: Shutting down and abandoning module MagicLeapPrivileges (54)
[2018.09.19-14.45.04:884][200]LogModuleManager: Shutting down and abandoning module MagicLeapIdentity (52)
[2018.09.19-14.45.04:884][200]LogModuleManager: Shutting down and abandoning module MagicLeapHelperVulkan (50)
[2018.09.19-14.45.04:884][200]LogModuleManager: Shutting down and abandoning module MagicLeapHelperOpenGL (48)
[2018.09.19-14.45.04:884][200]LogModuleManager: Shutting down and abandoning module MagicLeapSecureStorage (46)
[2018.09.19-14.45.04:884][200]LogModuleManager: Shutting down and abandoning module MagicLeapGestures (44)
[2018.09.19-14.45.04:884][200]LogModuleManager: Shutting down and abandoning module MagicLeapEyeTracker (42)
[2018.09.19-14.45.04:884][200]LogModuleManager: Shutting down and abandoning module MagicLeapController (40)
[2018.09.19-14.45.04:884][200]LogSlate: Slate User Destroyed.  User Index 0, Is Virtual User: 0
[2018.09.19-14.45.04:884][200]LogModuleManager: Shutting down and abandoning module MagicLeap (38)
[2018.09.19-14.45.04:884][200]LogModuleManager: Shutting down and abandoning module AnimationModifiers (36)
[2018.09.19-14.45.04:884][200]LogModuleManager: Shutting down and abandoning module PropertyEditor (35)
[2018.09.19-14.45.04:885][200]LogModuleManager: Shutting down and abandoning module AudioEditor (32)
[2018.09.19-14.45.04:893][200]LogModuleManager: Shutting down and abandoning module TextureCompressor (30)
[2018.09.19-14.45.04:922][200]LogModuleManager: Shutting down and abandoning module ShaderCore (28)
[2018.09.19-14.45.04:922][200]LogModuleManager: Shutting down and abandoning module Landscape (26)
[2018.09.19-14.45.04:922][200]LogModuleManager: Shutting down and abandoning module SlateRHIRenderer (24)
[2018.09.19-14.45.04:940][200]LogModuleManager: Shutting down and abandoning module OpenGLDrv (22)
[2018.09.19-14.45.04:952][200]LogModuleManager: Shutting down and abandoning module D3D11RHI (20)
[2018.09.19-14.45.04:952][200]LogModuleManager: Shutting down and abandoning module AnimGraphRuntime (18)
[2018.09.19-14.45.04:952][200]LogModuleManager: Shutting down and abandoning module Renderer (16)
[2018.09.19-14.45.04:952][200]LogModuleManager: Shutting down and abandoning module Engine (14)
[2018.09.19-14.45.04:952][200]LogModuleManager: Shutting down and abandoning module CoreUObject (12)
[2018.09.19-14.45.04:952][200]LogModuleManager: Shutting down and abandoning module NetworkFile (10)
[2018.09.19-14.45.04:963][200]LogModuleManager: Shutting down and abandoning module CookedIterativeFile (8)
[2018.09.19-14.45.04:963][200]LogModuleManager: Shutting down and abandoning module StreamingFile (6)
[2018.09.19-14.45.04:977][200]LogModuleManager: Shutting down and abandoning module SandboxFile (4)
[2018.09.19-14.45.04:977][200]LogModuleManager: Shutting down and abandoning module PakFile (2)
[2018.09.19-14.45.04:990][200]LogExit: Exiting.
[2018.09.19-14.45.05:002][200]Log file closed, 09/19/18 16:45:05
