Log file open, 09/19/18 19:04:58
LogWindows: Failed to load 'aqProf.dll' (GetLastError=126)
LogWindows: File 'aqProf.dll' does not exist
LogWindows: Failed to load 'VtuneApi.dll' (GetLastError=126)
LogWindows: File 'VtuneApi.dll' does not exist
LogWindows: Failed to load 'VtuneApi32e.dll' (GetLastError=126)
LogWindows: File 'VtuneApi32e.dll' does not exist
LogInit: Display: Running engine for game: Survival
LogPlatformFile: Not using cached read wrapper
LogTaskGraph: Started task graph with 5 named threads and 23 total threads with 3 sets of task threads.
LogStats: Stats thread started at 0.387141
LogD3D11RHI: Loaded GFSDK_Aftermath_Lib.x64.dll
LogICUInternationalization: Display: ICU TimeZone Detection - Raw Offset: +1:00, Platform Override: ''
LogPluginManager: Mounting plugin Paper2D
LogPluginManager: Mounting plugin AISupport
LogPluginManager: Mounting plugin LightPropagationVolume
LogPluginManager: Mounting plugin CLionSourceCodeAccess
LogPluginManager: Mounting plugin CodeLiteSourceCodeAccess
LogPluginManager: Mounting plugin GitSourceControl
LogPluginManager: Mounting plugin KDevelopSourceCodeAccess
LogPluginManager: Mounting plugin NullSourceCodeAccess
LogPluginManager: Mounting plugin PerforceSourceControl
LogPluginManager: Mounting plugin SubversionSourceControl
LogPluginManager: Mounting plugin UObjectPlugin
LogPluginManager: Mounting plugin VisualStudioCodeSourceCodeAccess
LogPluginManager: Mounting plugin VisualStudioSourceCodeAccess
LogPluginManager: Mounting plugin XCodeSourceCodeAccess
LogPluginManager: Mounting plugin AssetManagerEditor
LogPluginManager: Mounting plugin CryptoKeys
LogPluginManager: Mounting plugin DataValidation
LogPluginManager: Mounting plugin FacialAnimation
LogPluginManager: Mounting plugin GameplayTagsEditor
LogPluginManager: Mounting plugin MacGraphicsSwitching
LogPluginManager: Mounting plugin MeshEditor
LogPluginManager: Mounting plugin MobileLauncherProfileWizard
LogPluginManager: Mounting plugin PluginBrowser
LogPluginManager: Mounting plugin SpeedTreeImporter
LogPluginManager: Mounting plugin DatasmithContent
LogPluginManager: Mounting plugin AlembicImporter
LogPluginManager: Mounting plugin AppleImageUtils
LogPluginManager: Mounting plugin AppleVision
LogPluginManager: Mounting plugin BackChannel
LogPluginManager: Mounting plugin CharacterAI
LogPluginManager: Mounting plugin GeometryCache
LogPluginManager: Mounting plugin HTML5Networking
LogPluginManager: Mounting plugin ProxyLODPlugin
LogPluginManager: Mounting plugin MagicLeap
LogPluginManager: Mounting plugin MagicLeapEmulator
LogPluginManager: Mounting plugin MagicLeapMedia
LogPluginManager: Mounting plugin AndroidMedia
LogPluginManager: Mounting plugin AvfMedia
LogPluginManager: Mounting plugin ImgMedia
LogPluginManager: Mounting plugin LinearTimecode
LogPluginManager: Mounting plugin MediaCompositing
LogPluginManager: Mounting plugin MediaPlayerEditor
LogPluginManager: Mounting plugin WmfMedia
LogPluginManager: Mounting plugin TcpMessaging
LogPluginManager: Mounting plugin UdpMessaging
LogPluginManager: Mounting plugin ActorSequence
LogPluginManager: Mounting plugin LevelSequenceEditor
LogPluginManager: Mounting plugin MatineeToLevelSequence
LogPluginManager: Mounting plugin NetcodeUnitTest
LogPluginManager: Mounting plugin NUTUnrealEngine4
LogPluginManager: Mounting plugin OnlineSubsystemGooglePlay
LogPluginManager: Mounting plugin OnlineSubsystemIOS
LogPluginManager: Mounting plugin OnlineSubsystem
LogPluginManager: Mounting plugin OnlineSubsystemNull
LogPluginManager: Mounting plugin OnlineSubsystemUtils
LogPluginManager: Mounting plugin LauncherChunkInstaller
LogPluginManager: Mounting plugin AndroidDeviceProfileSelector
LogPluginManager: Mounting plugin AndroidMoviePlayer
LogPluginManager: Mounting plugin AndroidPermission
LogPluginManager: Mounting plugin AppleMoviePlayer
LogPluginManager: Mounting plugin ArchVisCharacter
LogPluginManager: Mounting plugin AudioCapture
LogPluginManager: Mounting plugin CableComponent
LogPluginManager: Mounting plugin CustomMeshComponent
LogPluginManager: Mounting plugin EditableMesh
LogPluginManager: Mounting plugin ExampleDeviceProfileSelector
LogPluginManager: Mounting plugin GoogleCloudMessaging
LogPluginManager: Mounting plugin ImmediatePhysics
LogPluginManager: Mounting plugin IOSDeviceProfileSelector
LogPluginManager: Mounting plugin LinuxDeviceProfileSelector
LogPluginManager: Mounting plugin LocationServicesBPLibrary
LogPluginManager: Mounting plugin MobilePatchingUtils
LogPluginManager: Mounting plugin OculusVR
LogPluginManager: Plugin shader directory ../../../Engine/Plugins/Runtime/Oculus/OculusVR/Shaders found
LogPluginManager: Mapping shader source directory ../../../Engine/Plugins/Runtime/Oculus/OculusVR/Shaders to virtual directory /Plugin/OculusVR
LogPluginManager: Mounting plugin PhysXVehicles
LogPluginManager: Mounting plugin ProceduralMeshComponent
LogPluginManager: Mounting plugin RuntimePhysXCooking
LogPluginManager: Mounting plugin SteamVR
LogPluginManager: Mounting plugin WindowsMoviePlayer
LogStreaming: Display: Took  0.128s to configure plugins.
LogInit: Using libcurl 7.55.1-DEV
LogInit:  - built for x86_64-pc-win32
LogInit:  - supports SSL with OpenSSL/1.0.2h
LogInit:  - supports HTTP deflate (compression) using libz 1.2.8
LogInit:  - other features:
LogInit:      CURL_VERSION_SSL
LogInit:      CURL_VERSION_LIBZ
LogInit:      CURL_VERSION_IPV6
LogInit:      CURL_VERSION_ASYNCHDNS
LogInit:      CURL_VERSION_LARGEFILE
LogInit:      CURL_VERSION_IDN
LogInit:  CurlRequestOptions (configurable via config and command line):
LogInit:  - bVerifyPeer = false  - Libcurl will NOT verify peer certificate
LogInit:  - bUseHttpProxy = false  - Libcurl will NOT use HTTP proxy
LogInit:  - bDontReuseConnections = false  - Libcurl will reuse connections
LogInit:  - CertBundlePath = nullptr  - Libcurl will use whatever was configured at build time.
LogInit:  - MaxHostConnections = 16  - Libcurl will limit the number of connections to a host
LogInit:  - LocalHostAddr = Default
LogInit:  - BufferSize = 65536
LogInit: WinSock: version 1.1 (2.2), MaxSocks=32767, MaxUdp=65467
LogInit: Build: ++UE4+Release-4.20-CL-4369336
LogInit: Engine Version: 4.20.3-4369336+++UE4+Release-4.20
LogInit: Compatible Engine Version: 4.20.0-4212847+++UE4+Release-4.20
LogInit: Net CL: 4212847
LogInit: OS: Windows 10 (), CPU: Intel(R) Core(TM) i7-6700K CPU @ 4.00GHz, GPU: NVIDIA GeForce GTX 1070
LogInit: Compiled (64-bit): Sep 17 2018 12:26:19
LogInit: Compiled with Visual C++: 19.13.26129.00
LogInit: Build Configuration: DebugGame
LogInit: Branch Name: ++UE4+Release-4.20
LogInit: Command Line:  -skipcompile -debug
LogInit: Base Directory: D:/Unreal Engine/UE_4.20/Engine/Binaries/Win64/
LogInit: Installed Engine Build: 1
LogDevObjectVersion: Number of dev versions registered: 20
LogDevObjectVersion:   Dev-Blueprints (B0D832E4-1F89-4F0D-ACCF-7EB736FD4AA2): 10
LogDevObjectVersion:   Dev-Build (E1C64328-A22C-4D53-A36C-8E866417BD8C): 0
LogDevObjectVersion:   Dev-Core (375EC13C-06E4-48FB-B500-84F0262A717E): 2
LogDevObjectVersion:   Dev-Editor (E4B068ED-F494-42E9-A231-DA0B2E46BB41): 24
LogDevObjectVersion:   Dev-Framework (CFFC743F-43B0-4480-9391-14DF171D2073): 34
LogDevObjectVersion:   Dev-Mobile (B02B49B5-BB20-44E9-A304-32B752E40360): 2
LogDevObjectVersion:   Dev-Networking (A4E4105C-59A1-49B5-A7C5-40C4547EDFEE): 0
LogDevObjectVersion:   Dev-Online (39C831C9-5AE6-47DC-9A44-9C173E1C8E7C): 0
LogDevObjectVersion:   Dev-Physics (78F01B33-EBEA-4F98-B9B4-84EACCB95AA2): 0
LogDevObjectVersion:   Dev-Platform (6631380F-2D4D-43E0-8009-CF276956A95A): 0
LogDevObjectVersion:   Dev-Rendering (12F88B9F-8875-4AFC-A67C-D90C383ABD29): 26
LogDevObjectVersion:   Dev-Sequencer (7B5AE74C-D270-4C10-A958-57980B212A5A): 9
LogDevObjectVersion:   Dev-VR (D7296918-1DD6-4BDD-9DE2-64A83CC13884): 2
LogDevObjectVersion:   Dev-LoadTimes (C2A15278-BFE7-4AFE-6C17-90FF531DF755): 1
LogDevObjectVersion:   Private-Geometry (6EACA3D4-40EC-4CC1-B786-8BED09428FC5): 3
LogDevObjectVersion:   Dev-AnimPhys (29E575DD-E0A3-4627-9D10-D276232CDCEA): 17
LogDevObjectVersion:   Dev-ReflectionCapture (6B266CEC-1EC7-4B8F-A30B-E4D90942FC07): 1
LogDevObjectVersion:   Dev-Automation (0DF73D61-A23F-47EA-B727-89E90C41499A): 1
LogDevObjectVersion:   FortniteMain (601D1886-AC64-4F84-AA16-D3DE0DEAC7D6): 12
LogDevObjectVersion:   Dev-Enterprise (9DFFBCD6-494F-0158-E221-12823C92A888): 1
LogStreaming: Display: Took  0.002s to delete old logs.
LogInit: Presizing for max 8388607 objects, including 0 objects not considered by GC, pre-allocating 0 bytes for permanent pool.
LogInit: Object subsystem initialized
[2018.09.19-17.04.59:314][  0]LogInit: Selected Device Profile: [Windows]
[2018.09.19-17.04.59:314][  0]LogInit: Applying CVar settings loaded from the selected device profile: [Windows]
[2018.09.19-17.04.59:328][  0]LogHAL: Display: Platform has ~ 16 GB [17117310976 / 17179869184 / 16], which maps to Larger [LargestMinGB=32, LargerMinGB=12, DefaultMinGB=8, SmallerMinGB=6, SmallestMinGB=0)
[2018.09.19-17.04.59:328][  0]LogInit: Setting Device Profile CVar: [[r.Vulkan.UseRealUBs:1]]
[2018.09.19-17.04.59:328][  0]LogInit: Going up to parent DeviceProfile []
[2018.09.19-17.04.59:329][  0]LogInit: Computer: DESKTOP-FTI3JJM
[2018.09.19-17.04.59:329][  0]LogInit: User: Kscha
[2018.09.19-17.04.59:329][  0]LogInit: CPU Page size=4096, Cores=4
[2018.09.19-17.04.59:329][  0]LogInit: High frequency timer resolution =3.914065 MHz
[2018.09.19-17.04.59:329][  0]LogMemory: Memory total: Physical=15.9GB (16GB approx)
[2018.09.19-17.04.59:329][  0]LogMemory: Platform Memory Stats for Windows
[2018.09.19-17.04.59:329][  0]LogMemory: Process Physical Memory: 101.46 MB used, 101.46 MB peak
[2018.09.19-17.04.59:329][  0]LogMemory: Process Virtual Memory: 91.33 MB used, 91.33 MB peak
[2018.09.19-17.04.59:329][  0]LogMemory: Physical Memory: 8449.63 MB used,  7874.71 MB free, 16324.34 MB total
[2018.09.19-17.04.59:329][  0]LogMemory: Virtual Memory: 4645.13 MB used,  7874.71 MB free, 134217728.00 MB total
[2018.09.19-17.04.59:422][  0]LogInit: Using OS detected language (de-DE).
[2018.09.19-17.04.59:422][  0]LogInit: Using OS detected locale (de-DE).
[2018.09.19-17.04.59:422][  0]LogTextLocalizationManager: No specific localization for 'de-DE' exists, so the 'de' localization will be used.
[2018.09.19-17.04.59:424][  0]LogStreaming: Display: Took  0.002s to InitEngineTextLocalization.
[2018.09.19-17.04.59:424][  0]LogInit: Setting process to per monitor DPI aware
[2018.09.19-17.04.59:475][  0]LogSlate: New Slate User Created.  User Index 0, Is Virtual User: 0
[2018.09.19-17.04.59:475][  0]LogSlate: Slate User Registered.  User Index 0, Is Virtual User: 0
[2018.09.19-17.04.59:655][  0]LogHMD: Failed to initialize OpenVR with code 110
[2018.09.19-17.04.59:655][  0]LogD3D11RHI: D3D11 adapters:
[2018.09.19-17.04.59:729][  0]LogD3D11RHI:    0. 'NVIDIA GeForce GTX 1070' (Feature Level 11_0)
[2018.09.19-17.04.59:729][  0]LogD3D11RHI:       8088/0/8162 MB DedicatedVideo/DedicatedSystem/SharedSystem, Outputs:3, VendorId:0x10de
[2018.09.19-17.04.59:734][  0]LogD3D11RHI:    1. 'Microsoft Basic Render Driver' (Feature Level 11_0)
[2018.09.19-17.04.59:734][  0]LogD3D11RHI:       0/0/8162 MB DedicatedVideo/DedicatedSystem/SharedSystem, Outputs:0, VendorId:0x1414
[2018.09.19-17.04.59:734][  0]LogD3D11RHI: Chosen D3D11 Adapter: 0
[2018.09.19-17.04.59:742][  0]LogD3D11RHI: Creating new Direct3DDevice
[2018.09.19-17.04.59:742][  0]LogD3D11RHI:     GPU DeviceId: 0x1b81 (for the marketing name, search the web for "GPU Device Id")
[2018.09.19-17.04.59:742][  0]LogWindows: EnumDisplayDevices:
[2018.09.19-17.04.59:742][  0]LogWindows:    0. 'NVIDIA GeForce GTX 1070' (P:0 D:1)
[2018.09.19-17.04.59:742][  0]LogWindows:    1. 'NVIDIA GeForce GTX 1070' (P:0 D:1)
[2018.09.19-17.04.59:743][  0]LogWindows:    2. 'NVIDIA GeForce GTX 1070' (P:1 D:1)
[2018.09.19-17.04.59:743][  0]LogWindows:    3. 'NVIDIA GeForce GTX 1070' (P:0 D:0)
[2018.09.19-17.04.59:743][  0]LogWindows: DebugString: FoundDriverCount:4 
[2018.09.19-17.04.59:743][  0]LogD3D11RHI:     Adapter Name: NVIDIA GeForce GTX 1070
[2018.09.19-17.04.59:743][  0]LogD3D11RHI:   Driver Version: 399.24 (internal:24.21.13.9924, unified:399.24)
[2018.09.19-17.04.59:743][  0]LogD3D11RHI:      Driver Date: 9-5-2018
[2018.09.19-17.04.59:743][  0]LogRHI: Texture pool is 5661 MB (70% of 8088 MB)
[2018.09.19-17.04.59:784][  0]LogD3D11RHI: Async texture creation enabled
[2018.09.19-17.04.59:814][  0]LogD3D11RHI: GPU Timing Frequency: 1000.000000 (Debug: 2 2)
[2018.09.19-17.04.59:905][  0]LogShaderCompilers: Guid format shader working directory is -10 characters bigger than the processId version (../../../../../Dokumente/Github Repos/Survival/Survival/Intermediate/Shaders/WorkingDirectory/20764/).
[2018.09.19-17.04.59:905][  0]LogShaderCompilers: Cleaned the shader compiler working directory 'C:/Users/Kscha/AppData/Local/Temp/UnrealShaderWorkingDir/A320902A441272342EA6EBA4F6BF7508/'.
[2018.09.19-17.05.00:746][  0]LogTemp: Display: Loaded TP AllDesktopTargetPlatform
[2018.09.19-17.05.00:761][  0]LogTemp: Display: Loaded TP MacClientTargetPlatform
[2018.09.19-17.05.00:777][  0]LogTemp: Display: Loaded TP MacNoEditorTargetPlatform
[2018.09.19-17.05.00:794][  0]LogTemp: Display: Loaded TP MacServerTargetPlatform
[2018.09.19-17.05.00:812][  0]LogTemp: Display: Loaded TP MacTargetPlatform
[2018.09.19-17.05.00:829][  0]LogTemp: Display: Loaded TP WindowsClientTargetPlatform
[2018.09.19-17.05.00:843][  0]LogTemp: Display: Loaded TP WindowsNoEditorTargetPlatform
[2018.09.19-17.05.00:863][  0]LogTemp: Display: Loaded TP WindowsServerTargetPlatform
[2018.09.19-17.05.00:871][  0]LogTemp: Display: Loaded TP WindowsTargetPlatform
[2018.09.19-17.05.00:963][  0]LogTemp: Display: Loaded TP AndroidTargetPlatform
[2018.09.19-17.05.00:963][  0]LogTemp: Display: Loaded TP AndroidTargetPlatform
[2018.09.19-17.05.00:963][  0]LogTemp: Display: Loaded TP AndroidTargetPlatform
[2018.09.19-17.05.00:963][  0]LogTemp: Display: Loaded TP AndroidTargetPlatform
[2018.09.19-17.05.00:963][  0]LogTemp: Display: Loaded TP AndroidTargetPlatform
[2018.09.19-17.05.00:963][  0]LogTemp: Display: Loaded TP AndroidTargetPlatform
[2018.09.19-17.05.00:963][  0]LogTemp: Display: Loaded TP AndroidTargetPlatform
[2018.09.19-17.05.00:963][  0]LogTemp: Display: Loaded TP AndroidTargetPlatform
[2018.09.19-17.05.00:963][  0]LogTemp: Display: Loaded TP AndroidTargetPlatform
[2018.09.19-17.05.00:963][  0]LogTemp: Display: Loaded TP AndroidTargetPlatform
[2018.09.19-17.05.00:963][  0]LogTemp: Display: Loaded TP AndroidTargetPlatform
[2018.09.19-17.05.00:963][  0]LogTemp: Display: Loaded TP AndroidTargetPlatform
[2018.09.19-17.05.00:963][  0]LogTemp: Display: Loaded TP AndroidTargetPlatform
[2018.09.19-17.05.00:963][  0]LogTemp: Display: Loaded TP AndroidTargetPlatform
[2018.09.19-17.05.00:964][  0]LogTemp: Display: Loaded TP AndroidTargetPlatform
[2018.09.19-17.05.00:964][  0]LogTemp: Display: Loaded TP AndroidTargetPlatform
[2018.09.19-17.05.00:964][  0]LogTemp: Display: Loaded TP AndroidTargetPlatform
[2018.09.19-17.05.00:964][  0]LogTemp: Display: Loaded TP AndroidTargetPlatform
[2018.09.19-17.05.00:966][  0]LogTemp: Display: Loaded TP HTML5TargetPlatform
[2018.09.19-17.05.01:037][  0]LogTemp: Display: Loaded TP IOSTargetPlatform
[2018.09.19-17.05.01:037][  0]LogTemp: Display: Loaded TP IOSTargetPlatform
[2018.09.19-17.05.01:064][  0]LogTemp: Display: Loaded TP TVOSTargetPlatform
[2018.09.19-17.05.01:064][  0]LogTemp: Display: Loaded TP TVOSTargetPlatform
[2018.09.19-17.05.01:080][  0]LogTemp: Display: Loaded TP LinuxClientTargetPlatform
[2018.09.19-17.05.01:092][  0]LogTemp: Display: Loaded TP LinuxNoEditorTargetPlatform
[2018.09.19-17.05.01:105][  0]LogTemp: Display: Loaded TP LinuxServerTargetPlatform
[2018.09.19-17.05.01:118][  0]LogTemp: Display: Loaded TP LinuxTargetPlatform
[2018.09.19-17.05.01:131][  0]LogTemp: Display: Loaded TP LuminTargetPlatform
[2018.09.19-17.05.01:131][  0]LogTargetPlatformManager: Display: Building Assets For Windows
[2018.09.19-17.05.01:209][  0]LogXGEController: Cleaning working directory: C:/Users/Kscha/AppData/Local/Temp/UnrealXGEWorkingDir/
[2018.09.19-17.05.01:209][  0]LogXGEController: Cannot use XGE Controller as Incredibuild is not installed on this machine.
[2018.09.19-17.05.01:209][  0]LogShaderCompilers: Cannot use XGE Shader Compiler as Incredibuild is not installed on this machine.
[2018.09.19-17.05.01:209][  0]LogShaderCompilers: Display: Using Local Shader Compiler.
[2018.09.19-17.05.01:882][  0]LogDerivedDataCache: Display: Max Cache Size: 512 MB
[2018.09.19-17.05.01:930][  0]LogDerivedDataCache: Loaded boot cache 0.05s 73MB C:/Users/Kscha/AppData/Local/UnrealEngine/4.20/DerivedDataCache/Boot.ddc.
[2018.09.19-17.05.01:931][  0]LogDerivedDataCache: Display: Loaded Boot cache: C:/Users/Kscha/AppData/Local/UnrealEngine/4.20/DerivedDataCache/Boot.ddc
[2018.09.19-17.05.01:931][  0]LogDerivedDataCache: FDerivedDataBackendGraph:  Pak pak cache file ../../../../../Dokumente/Github Repos/Survival/Survival/DerivedDataCache/DDC.ddp not found, will not use a pak cache.
[2018.09.19-17.05.01:931][  0]LogDerivedDataCache: Unable to find inner node Pak for hierarchical cache Hierarchy.
[2018.09.19-17.05.01:931][  0]LogDerivedDataCache: FDerivedDataBackendGraph:  CompressedPak pak cache file ../../../../../Dokumente/Github Repos/Survival/Survival/DerivedDataCache/Compressed.ddp not found, will not use a pak cache.
[2018.09.19-17.05.01:931][  0]LogDerivedDataCache: Unable to find inner node CompressedPak for hierarchical cache Hierarchy.
[2018.09.19-17.05.01:945][  0]LogDerivedDataCache: Display: Pak cache opened for reading ../../../Engine/DerivedDataCache/Compressed.ddp.
[2018.09.19-17.05.01:958][  0]LogDerivedDataCache: Using Local data cache path C:/Users/Kscha/AppData/Local/UnrealEngine/Common/DerivedDataCache: Writable
[2018.09.19-17.05.01:958][  0]LogDerivedDataCache: Shared data cache path not found in *engine.ini, will not use an Shared cache.
[2018.09.19-17.05.01:958][  0]LogDerivedDataCache: Unable to find inner node Shared for hierarchical cache Hierarchy.
[2018.09.19-17.05.01:977][  0]LogMaterial: Verifying Global Shaders for PCD3D_SM5
[2018.09.19-17.05.01:978][  0]LogSlate: Using FreeType 2.6.0
[2018.09.19-17.05.01:979][  0]LogSlate: SlateFontServices - WITH_FREETYPE: 1, WITH_HARFBUZZ: 1
[2018.09.19-17.05.02:044][  0]LogAssetRegistry: FAssetRegistry took 0.0277 seconds to start up
[2018.09.19-17.05.02:344][  0]LogInit: Selected Device Profile: [Windows]
[2018.09.19-17.05.02:488][  0]LogSimplygon: Simplygon DLL not present - disabling.
[2018.09.19-17.05.02:494][  0]LogMeshReduction: Using SimplygonSwarm for distributed automatic mesh merging
[2018.09.19-17.05.02:494][  0]LogMeshReduction: Using ProxyLODMeshReduction for automatic mesh merging
[2018.09.19-17.05.02:494][  0]LogMeshReduction: Using QuadricMeshReduction for automatic static mesh reduction
[2018.09.19-17.05.02:494][  0]LogMeshReduction: No automatic skeletal mesh reduction module available
[2018.09.19-17.05.02:526][  0]LogNetVersion: Survival 1.0.0, NetCL: 4212847, EngineNetVer: 5, GameNetVer: 0 (Checksum: 2571501108)
[2018.09.19-17.05.03:060][  0]LogPackageLocalizationCache: Processed 11 localized package path(s) for 2 prioritized culture(s) in 0.145445 seconds
[2018.09.19-17.05.03:068][  0]LogUObjectArray: 38425 objects as part of root set at end of initial load.
[2018.09.19-17.05.03:070][  0]LogUObjectAllocator: 6690872 out of 0 bytes used by permanent object pool.
[2018.09.19-17.05.03:070][  0]LogUObjectArray: CloseDisregardForGC: 0/0 objects in disregard for GC pool
[2018.09.19-17.05.03:888][  0]LogTcpMessaging: Initializing TcpMessaging bridge
[2018.09.19-17.05.03:904][  0]LogUdpMessaging: Initializing bridge on interface 0.0.0.0:0 to multicast group 230.0.0.1:6666.
[2018.09.19-17.05.04:283][  0]SourceControl: Source control is disabled
[2018.09.19-17.05.04:284][  0]SourceControl: Source control is disabled
[2018.09.19-17.05.04:287][  0]SourceControl: Source control is disabled
[2018.09.19-17.05.04:290][  0]SourceControl: Source control is disabled
[2018.09.19-17.05.04:554][  0]LogAndroidPermission: UAndroidPermissionCallbackProxy::GetInstance
[2018.09.19-17.05.04:694][  0]LogOcInput: OculusInput pre-init called
[2018.09.19-17.05.04:769][  0]LogEngine: Initializing Engine...
[2018.09.19-17.05.04:770][  0]LogHMD: Failed to initialize OpenVR with code 110
[2018.09.19-17.05.04:771][  0]LogStats: UGameplayTagsManager::ConstructGameplayTagTree: ImportINI prefixes -  0.000 s
[2018.09.19-17.05.04:771][  0]LogStats: UGameplayTagsManager::ConstructGameplayTagTree: Construct from data asset -  0.000 s
[2018.09.19-17.05.04:771][  0]LogStats: UGameplayTagsManager::ConstructGameplayTagTree: ImportINI -  0.000 s
[2018.09.19-17.05.04:771][  0]LogStats: UGameplayTagsManager::ConstructGameplayTagTree: GameplayTagTreeChangedEvent.Broadcast -  0.000 s
[2018.09.19-17.05.04:974][  0]LogInit: Initializing FReadOnlyCVARCache
[2018.09.19-17.05.04:988][  0]LogAIModule: Creating AISystem for world Untitled
[2018.09.19-17.05.05:061][  0]LogInit: XAudio2 using 'Lautsprecher (Realtek High Definition Audio)' : 2 channels at 48 kHz using 32 bits per sample (channel mask 0x3)
[2018.09.19-17.05.05:118][  0]LogInit: FAudioDevice initialized.
[2018.09.19-17.05.05:119][  0]LogNetVersion: Set ProjectVersion to 1.0.0.0. Version Checksum will be recalculated on next use.
[2018.09.19-17.05.05:190][  0]LogDerivedDataCache: Saved boot cache 0.07s 73MB C:/Users/Kscha/AppData/Local/UnrealEngine/4.20/DerivedDataCache/Boot.ddc.
[2018.09.19-17.05.05:204][  0]LogInit: Texture streaming: Enabled
[2018.09.19-17.05.05:226][  0]LogEngineSessionManager: EngineSessionManager initialized
[2018.09.19-17.05.05:239][  0]LogInit: Transaction tracking system initialized
[2018.09.19-17.05.05:267][  0]BlueprintLog: New page: Editor Load
[2018.09.19-17.05.05:434][  0]LocalizationService: Localization service is disabled
[2018.09.19-17.05.05:705][  0]LogCook: Display: Max memory allowance for cook 16384mb min free memory 0mb
[2018.09.19-17.05.05:705][  0]LogCook: Display: Mobile HDR setting 1
[2018.09.19-17.05.05:705][  0]LogGameplayTags: Display: UGameplayTagsManager::DoneAddingNativeTags. DelegateIsBound: 0
[2018.09.19-17.05.05:705][  0]LogStats: UGameplayTagsManager::ConstructGameplayTagTree: ImportINI prefixes -  0.000 s
[2018.09.19-17.05.05:705][  0]LogStats: UGameplayTagsManager::ConstructGameplayTagTree: Construct from data asset -  0.000 s
[2018.09.19-17.05.05:706][  0]LogStats: UGameplayTagsManager::ConstructGameplayTagTree: ImportINI -  0.000 s
[2018.09.19-17.05.05:706][  0]LogStats: UGameplayTagsManager::ConstructGameplayTagTree: GameplayTagTreeChangedEvent.Broadcast -  0.000 s
[2018.09.19-17.05.05:845][  0]LogFileCache: Scanning file cache for directory 'D:/Dokumente/Github Repos/Survival/Survival/Content/' took 0.01s
[2018.09.19-17.05.05:845][  0]SourceControl: Source control is disabled
[2018.09.19-17.05.05:845][  0]Cmd: MAP LOAD FILE="../../../../../Dokumente/Github Repos/Survival/Survival/Content/FirstPersonCPP/Maps/FirstPersonExampleMap.umap" TEMPLATE=0 SHOWPROGRESS=1 FEATURELEVEL=3
[2018.09.19-17.05.05:846][  0]LightingResults: New page: Lighting Build
[2018.09.19-17.05.05:847][  0]MapCheck: New page: Map Check
[2018.09.19-17.05.05:847][  0]LightingResults: New page: Lighting Build
[2018.09.19-17.05.06:020][  0]LogAIModule: Creating AISystem for world FirstPersonExampleMap
[2018.09.19-17.05.06:464][  0]LogEditorServer: Finished looking for orphan Actors (0.000 secs)
[2018.09.19-17.05.06:488][  0]Cmd: MAP CHECKDEP NOCLEARLOG
[2018.09.19-17.05.06:536][  0]MapCheck: Map check complete: 0 Error(s), 0 Warning(s), took 48,502ms to complete.
[2018.09.19-17.05.06:537][  0]LogFileHelpers: Loading map 'FirstPersonExampleMap' took 0.690
[2018.09.19-17.05.06:697][  0]LogSlate: Updating window title bar state: overlay mode, drag disabled, window buttons hidden, title bar hidden
[2018.09.19-17.05.06:705][  0]LogSlate: Updating window title bar state: overlay mode, drag disabled, window buttons hidden, title bar hidden
[2018.09.19-17.05.06:712][  0]LogSlate: Updating window title bar state: overlay mode, drag disabled, window buttons hidden, title bar hidden
[2018.09.19-17.05.06:719][  0]LogSlate: Updating window title bar state: overlay mode, drag disabled, window buttons hidden, title bar hidden
[2018.09.19-17.05.06:724][  0]LogCollectionManager: Loaded 0 collections in 0.001083 seconds
[2018.09.19-17.05.06:790][  0]LogFileCache: Scanning file cache for directory 'D:/Dokumente/Github Repos/Survival/Survival/Saved/Collections/' took 0.01s
[2018.09.19-17.05.06:790][  0]LogFileCache: Scanning file cache for directory 'D:/Dokumente/Github Repos/Survival/Survival/Content/Developers/Kscha/Collections/' took 0.01s
[2018.09.19-17.05.06:790][  0]LogFileCache: Scanning file cache for directory 'D:/Dokumente/Github Repos/Survival/Survival/Content/Collections/' took 0.02s
[2018.09.19-17.05.06:790][  0]LogCollectionManager: Rebuilt the GUID cache for 0 collections in 0.000001 seconds
[2018.09.19-17.05.06:801][  0]LogContentBrowser: Native class hierarchy populated in 0.0107 seconds. Added 2588 classes and 612 folders.
[2018.09.19-17.05.06:805][  0]LogContentBrowser: Native class hierarchy updated for 'WidgetCarousel' in 0.0003 seconds. Added 0 classes and 0 folders.
[2018.09.19-17.05.06:833][  0]LogContentBrowser: Native class hierarchy updated for 'AddContentDialog' in 0.0003 seconds. Added 0 classes and 0 folders.
[2018.09.19-17.05.06:858][  0]LogContentBrowser: Native class hierarchy updated for 'SceneOutliner' in 0.0004 seconds. Added 1 classes and 2 folders.
[2018.09.19-17.05.06:871][  0]LogSlate: Took 0.000252 seconds to synchronously load lazily loaded font '../../../Engine/Content/Slate/Fonts/Roboto-Regular.ttf' (155K)
[2018.09.19-17.05.06:873][  0]LogSlate: Took 0.000147 seconds to synchronously load lazily loaded font '../../../Engine/Content/Slate/Fonts/Roboto-Bold.ttf' (160K)
[2018.09.19-17.05.06:880][  0]LogSlate: Took 0.000188 seconds to synchronously load lazily loaded font '../../../Engine/Content/Editor/Slate/Fonts/FontAwesome.ttf' (139K)
[2018.09.19-17.05.06:953][  0]LogRenderer: Reallocating scene render targets to support 1208x576 Format 10 NumSamples 1 (Frame:1).
[2018.09.19-17.05.07:009][  0]LogSlate: Took 0.000185 seconds to synchronously load lazily loaded font '../../../Engine/Content/Slate/Fonts/Roboto-Light.ttf' (167K)
[2018.09.19-17.05.07:105][  0]LogContentBrowser: Native class hierarchy updated for 'HierarchicalLODOutliner' in 0.0005 seconds. Added 0 classes and 0 folders.
[2018.09.19-17.05.07:106][  0]LogLoad: (Engine Initialization) Total time: 9.40 seconds
[2018.09.19-17.05.07:106][  0]LogLoad: (Engine Initialization) Total Blueprint compile time: 0.00 seconds
[2018.09.19-17.05.07:143][  0]LogContentStreaming: Texture pool size now 1000 MB
[2018.09.19-17.05.07:178][  1]LogAssetRegistry: Asset discovery search completed in 5.1577 seconds
[2018.09.19-17.05.07:180][  1]LogCollectionManager: Rebuilt the object cache for 0 collections in 0.000000 seconds (found 0 objects)
[2018.09.19-17.05.07:180][  1]LogCollectionManager: Fixed up redirectors for 0 collections in 0.000100 seconds (updated 0 objects)
[2018.09.19-17.11.59:280][899]LogSlate: FSceneViewport::OnFocusLost() reason 0
[2018.09.19-17.12.03:485][398]LogSlate: Prevented a slow task dialog from being summoned while a context menu was open
[2018.09.19-17.12.06:939][803]LogTemp: Repeating last play command: Selected Viewport
[2018.09.19-17.12.06:953][803]LogBlueprintUserMessages: Early PlayInEditor Detection: Level '/Game/FirstPersonCPP/Maps/FirstPersonExampleMap.FirstPersonExampleMap:PersistentLevel' has LevelScriptBlueprint '/Game/FirstPersonCPP/Maps/FirstPersonExampleMap.FirstPersonExampleMap:PersistentLevel.FirstPersonExampleMap' with GeneratedClass '/Game/FirstPersonCPP/Maps/FirstPersonExampleMap.FirstPersonExampleMap_C' with ClassGeneratedBy '/Game/FirstPersonCPP/Maps/FirstPersonExampleMap.FirstPersonExampleMap:PersistentLevel.FirstPersonExampleMap'
[2018.09.19-17.12.06:954][803]LogPlayLevel: PlayLevel: No blueprints needed recompiling
[2018.09.19-17.12.06:968][803]PIE: New page: PIE session: FirstPersonExampleMap (19.09.2018 21:12:06)
[2018.09.19-17.12.06:969][803]LogPlayLevel: Creating play world package: /Game/FirstPersonCPP/Maps/UEDPIE_0_FirstPersonExampleMap
[2018.09.19-17.12.06:988][803]LogPlayLevel: PIE: StaticDuplicateObject took: (0.018761s)
[2018.09.19-17.12.06:988][803]LogAIModule: Creating AISystem for world FirstPersonExampleMap
[2018.09.19-17.12.06:989][803]LogPlayLevel: PIE: World Init took: (0.000916s)
[2018.09.19-17.12.06:989][803]LogPlayLevel: PIE: Created PIE world by copying editor world from /Game/FirstPersonCPP/Maps/FirstPersonExampleMap.FirstPersonExampleMap to /Game/FirstPersonCPP/Maps/UEDPIE_0_FirstPersonExampleMap.FirstPersonExampleMap (0.020081s)
[2018.09.19-17.12.07:023][803]LogInit: XAudio2 using 'Lautsprecher (Realtek High Definition Audio)' : 2 channels at 48 kHz using 32 bits per sample (channel mask 0x3)
[2018.09.19-17.12.07:055][803]LogInit: FAudioDevice initialized.
[2018.09.19-17.12.07:103][803]LogLoad: Game class is 'SurvivalGameMode'
[2018.09.19-17.12.07:106][803]LogWorld: Bringing World /Game/FirstPersonCPP/Maps/UEDPIE_0_FirstPersonExampleMap.FirstPersonExampleMap up for play (max tick rate 0) at 2018.09.19-19.12.07
[2018.09.19-17.12.07:106][803]LogWorld: Bringing up level for play took: 0.002027
[2018.09.19-17.12.07:122][803]LogContentBrowser: Native class hierarchy updated for 'MovieSceneCapture' in 0.0003 seconds. Added 10 classes and 0 folders.
[2018.09.19-17.12.07:123][803]PIE: Play in editor start time for /Game/FirstPersonCPP/Maps/UEDPIE_0_FirstPersonExampleMap 0,174
[2018.09.19-17.12.07:124][803]LogBlueprintUserMessages: Late PlayInEditor Detection: Level '/Game/FirstPersonCPP/Maps/FirstPersonExampleMap.FirstPersonExampleMap:PersistentLevel' has LevelScriptBlueprint '/Game/FirstPersonCPP/Maps/FirstPersonExampleMap.FirstPersonExampleMap:PersistentLevel.FirstPersonExampleMap' with GeneratedClass '/Game/FirstPersonCPP/Maps/FirstPersonExampleMap.FirstPersonExampleMap_C' with ClassGeneratedBy '/Game/FirstPersonCPP/Maps/FirstPersonExampleMap.FirstPersonExampleMap:PersistentLevel.FirstPersonExampleMap'
[2018.09.19-17.12.07:930][894]LogBlueprintUserMessages: Early EndPlayMap Detection: Level '/Game/FirstPersonCPP/Maps/FirstPersonExampleMap.FirstPersonExampleMap:PersistentLevel' has LevelScriptBlueprint '/Game/FirstPersonCPP/Maps/FirstPersonExampleMap.FirstPersonExampleMap:PersistentLevel.FirstPersonExampleMap' with GeneratedClass '/Game/FirstPersonCPP/Maps/FirstPersonExampleMap.FirstPersonExampleMap_C' with ClassGeneratedBy '/Game/FirstPersonCPP/Maps/FirstPersonExampleMap.FirstPersonExampleMap:PersistentLevel.FirstPersonExampleMap'
[2018.09.19-17.12.07:931][894]LogSlate: Updating window title bar state: overlay mode, drag disabled, window buttons hidden, title bar hidden
[2018.09.19-17.12.07:969][894]LogPlayLevel: Display: Shutting down PIE online subsystems
[2018.09.19-17.12.07:970][894]LogBlueprintUserMessages: Late EndPlayMap Detection: Level '/Game/FirstPersonCPP/Maps/FirstPersonExampleMap.FirstPersonExampleMap:PersistentLevel' has LevelScriptBlueprint '/Game/FirstPersonCPP/Maps/FirstPersonExampleMap.FirstPersonExampleMap:PersistentLevel.FirstPersonExampleMap' with GeneratedClass '/Game/FirstPersonCPP/Maps/FirstPersonExampleMap.FirstPersonExampleMap_C' with ClassGeneratedBy '/Game/FirstPersonCPP/Maps/FirstPersonExampleMap.FirstPersonExampleMap:PersistentLevel.FirstPersonExampleMap'
[2018.09.19-17.12.07:989][894]LogSlate: Updating window title bar state: overlay mode, drag disabled, window buttons hidden, title bar hidden
[2018.09.19-17.12.08:034][899]LogPlayLevel: Display: Destroying online subsystem :Context_1
[2018.09.19-17.12.09:734][101]LogSlate: Took 0.000143 seconds to synchronously load lazily loaded font '../../../Engine/Content/Slate/Fonts/Roboto-Italic.ttf' (157K)
[2018.09.19-17.13.11:187][273]LogEditorViewport: Clicking on Actor (context menu): StaticMeshActor (Wall1)
[2018.09.19-17.13.11:240][273]LogSlate: FSceneViewport::OnFocusLost() reason 2
[2018.09.19-17.13.14:733][686]LogSlate: FSceneViewport::OnFocusLost() reason 0
[2018.09.19-17.13.24:207][819]LogSlate: FSceneViewport::OnFocusLost() reason 0
[2018.09.19-17.15.11:050][327]Candidate modules for hot reload:
[2018.09.19-17.15.11:051][327]  Survival
[2018.09.19-17.15.11:051][327]Launching UnrealBuildTool... [D:/Unreal Engine/UE_4.20/Engine/Binaries/DotNET/UnrealBuildTool.exe  -ModuleWithSuffix=Survival,2468 Win64 DebugGame -TargetType=Editor -Project="../../../../../Dokumente/Github Repos/Survival/Survival/Survival.uproject" -canskiplink "D:/Dokumente/Github Repos/Survival/Survival/Survival.uproject" ]
[2018.09.19-17.15.11:055][327]Warning: Starting HotReload took  0.2s.
[2018.09.19-17.15.28:371][403]CompilerResultsLog: New page: Compilation - 19.09.2018 21:15:28
[2018.09.19-17.15.28:371][403]CompilerResultsLog: Using 'git status' to determine working set for adaptive non-unity build.
[2018.09.19-17.15.28:371][403]CompilerResultsLog: Creating makefile for hot reloading SurvivalEditor (game project files are newer)
[2018.09.19-17.15.28:371][403]CompilerResultsLog: Compiling game modules for hot reload
[2018.09.19-17.15.28:371][403]CompilerResultsLog: Using Visual Studio 2017 14.15.26726 toolchain (C:\Program Files (x86)\Microsoft Visual Studio\2017\Community\VC\Tools\MSVC\14.15.26726) and Windows 10.0.16299.0 SDK (C:\Program Files (x86)\Windows Kits\10).
[2018.09.19-17.15.28:371][403]CompilerResultsLog: Parsing headers for SurvivalEditor
[2018.09.19-17.15.28:371][403]CompilerResultsLog:   Running UnrealHeaderTool "D:\Dokumente\Github Repos\Survival\Survival\Survival.uproject" "D:\Dokumente\Github Repos\Survival\Survival\Intermediate\Build\Win64\SurvivalEditor\DebugGame\SurvivalEditor.uhtmanifest" -LogCmds="loginit warning, logexit warning, logdatabase error" -Unattended -WarningsAsErrors -installed
[2018.09.19-17.15.28:372][403]CompilerResultsLog: Reflection code generated for SurvivalEditor in 9,2696056 seconds
[2018.09.19-17.15.28:372][403]CompilerResultsLog: Distributing 5 actions to XGE
[2018.09.19-17.15.28:372][403]CompilerResultsLog: --------------------Build System Warning---------------------------------------
[2018.09.19-17.15.28:372][403]CompilerResultsLog: License is invalid:
[2018.09.19-17.15.28:372][403]CompilerResultsLog:     License information is invalid. Please try reloading your license file using the Coordinator Monitor application on the Coordinator machine, or reinstall IncrediBuild.
[2018.09.19-17.15.28:372][403]CompilerResultsLog:     This build will run in standalone mode.
[2018.09.19-17.15.28:372][403]CompilerResultsLog: 
[2018.09.19-17.15.28:372][403]CompilerResultsLog: -------------------------------------------------------------------------------
[2018.09.19-17.15.28:372][403]CompilerResultsLog: --------------------Project: Default-------------------------------------------
[2018.09.19-17.15.28:372][403]CompilerResultsLog: DayCycle.gen.cpp (0:00.81 at +0:00)
[2018.09.19-17.15.28:372][403]CompilerResultsLog: Survival.init.gen.cpp (0:00.67 at +0:00)
[2018.09.19-17.15.28:372][403]CompilerResultsLog: DayCycle.cpp (0:00.64 at +0:01)
[2018.09.19-17.15.28:372][403]CompilerResultsLog: UE4Editor-Survival-2468-Win64-DebugGame.dll (0:01.04 at +0:02)
[2018.09.19-17.15.28:372][403]CompilerResultsLog:    Creating library D:\Dokumente\Github Repos\Survival\Survival\Intermediate\Build\Win64\UE4Editor\DebugGame\Survival\UE4Editor-Survival-2468-Win64-DebugGame.suppressed.lib and object D:\Dokumente\Github Repos\Survival\Survival\Intermediate\Build\Win64\UE4Editor\DebugGame\Survival\UE4Editor-Survival-2468-Win64-DebugGame.suppressed.exp
[2018.09.19-17.15.28:372][403]CompilerResultsLog: UE4Editor-Survival-2468-Win64-DebugGame.lib (0:00.14 at +0:03)
[2018.09.19-17.15.28:372][403]CompilerResultsLog:    Creating library D:\Dokumente\Github Repos\Survival\Survival\Intermediate\Build\Win64\UE4Editor\DebugGame\Survival\UE4Editor-Survival-2468-Win64-DebugGame.lib and object D:\Dokumente\Github Repos\Survival\Survival\Intermediate\Build\Win64\UE4Editor\DebugGame\Survival\UE4Editor-Survival-2468-Win64-DebugGame.exp
