Log file open, 09/19/18 16:00:30
LogWindows: Failed to load 'aqProf.dll' (GetLastError=126)
LogWindows: File 'aqProf.dll' does not exist
LogWindows: Failed to load 'VtuneApi.dll' (GetLastError=126)
LogWindows: File 'VtuneApi.dll' does not exist
LogWindows: Failed to load 'VtuneApi32e.dll' (GetLastError=126)
LogWindows: File 'VtuneApi32e.dll' does not exist
LogInit: Display: Running engine for game: Survival
LogPlatformFile: Not using cached read wrapper
LogTaskGraph: Started task graph with 5 named threads and 23 total threads with 3 sets of task threads.
LogStats: Stats thread started at 0.353265
LogD3D11RHI: Loaded GFSDK_Aftermath_Lib.x64.dll
LogICUInternationalization: Display: ICU TimeZone Detection - Raw Offset: +1:00, Platform Override: ''
LogPluginManager: Mounting plugin Paper2D
LogPluginManager: Mounting plugin AISupport
LogPluginManager: Mounting plugin LightPropagationVolume
LogPluginManager: Mounting plugin CLionSourceCodeAccess
LogPluginManager: Mounting plugin CodeLiteSourceCodeAccess
LogPluginManager: Mounting plugin GitSourceControl
LogPluginManager: Mounting plugin KDevelopSourceCodeAccess
LogPluginManager: Mounting plugin NullSourceCodeAccess
LogPluginManager: Mounting plugin PerforceSourceControl
LogPluginManager: Mounting plugin SubversionSourceControl
LogPluginManager: Mounting plugin UObjectPlugin
LogPluginManager: Mounting plugin VisualStudioCodeSourceCodeAccess
LogPluginManager: Mounting plugin VisualStudioSourceCodeAccess
LogPluginManager: Mounting plugin XCodeSourceCodeAccess
LogPluginManager: Mounting plugin AssetManagerEditor
LogPluginManager: Mounting plugin CryptoKeys
LogPluginManager: Mounting plugin DataValidation
LogPluginManager: Mounting plugin FacialAnimation
LogPluginManager: Mounting plugin GameplayTagsEditor
LogPluginManager: Mounting plugin MacGraphicsSwitching
LogPluginManager: Mounting plugin MeshEditor
LogPluginManager: Mounting plugin MobileLauncherProfileWizard
LogPluginManager: Mounting plugin PluginBrowser
LogPluginManager: Mounting plugin SpeedTreeImporter
LogPluginManager: Mounting plugin DatasmithContent
LogPluginManager: Mounting plugin AlembicImporter
LogPluginManager: Mounting plugin AppleImageUtils
LogPluginManager: Mounting plugin AppleVision
LogPluginManager: Mounting plugin BackChannel
LogPluginManager: Mounting plugin CharacterAI
LogPluginManager: Mounting plugin GeometryCache
LogPluginManager: Mounting plugin HTML5Networking
LogPluginManager: Mounting plugin ProxyLODPlugin
LogPluginManager: Mounting plugin MagicLeap
LogPluginManager: Mounting plugin MagicLeapEmulator
LogPluginManager: Mounting plugin MagicLeapMedia
LogPluginManager: Mounting plugin AndroidMedia
LogPluginManager: Mounting plugin AvfMedia
LogPluginManager: Mounting plugin ImgMedia
LogPluginManager: Mounting plugin LinearTimecode
LogPluginManager: Mounting plugin MediaCompositing
LogPluginManager: Mounting plugin MediaPlayerEditor
LogPluginManager: Mounting plugin WmfMedia
LogPluginManager: Mounting plugin TcpMessaging
LogPluginManager: Mounting plugin UdpMessaging
LogPluginManager: Mounting plugin ActorSequence
LogPluginManager: Mounting plugin LevelSequenceEditor
LogPluginManager: Mounting plugin MatineeToLevelSequence
LogPluginManager: Mounting plugin NetcodeUnitTest
LogPluginManager: Mounting plugin NUTUnrealEngine4
LogPluginManager: Mounting plugin OnlineSubsystemGooglePlay
LogPluginManager: Mounting plugin OnlineSubsystemIOS
LogPluginManager: Mounting plugin OnlineSubsystem
LogPluginManager: Mounting plugin OnlineSubsystemNull
LogPluginManager: Mounting plugin OnlineSubsystemUtils
LogPluginManager: Mounting plugin LauncherChunkInstaller
LogPluginManager: Mounting plugin AndroidDeviceProfileSelector
LogPluginManager: Mounting plugin AndroidMoviePlayer
LogPluginManager: Mounting plugin AndroidPermission
LogPluginManager: Mounting plugin AppleMoviePlayer
LogPluginManager: Mounting plugin ArchVisCharacter
LogPluginManager: Mounting plugin AudioCapture
LogPluginManager: Mounting plugin CableComponent
LogPluginManager: Mounting plugin CustomMeshComponent
LogPluginManager: Mounting plugin EditableMesh
LogPluginManager: Mounting plugin ExampleDeviceProfileSelector
LogPluginManager: Mounting plugin GoogleCloudMessaging
LogPluginManager: Mounting plugin ImmediatePhysics
LogPluginManager: Mounting plugin IOSDeviceProfileSelector
LogPluginManager: Mounting plugin LinuxDeviceProfileSelector
LogPluginManager: Mounting plugin LocationServicesBPLibrary
LogPluginManager: Mounting plugin MobilePatchingUtils
LogPluginManager: Mounting plugin OculusVR
LogPluginManager: Plugin shader directory ../../../Engine/Plugins/Runtime/Oculus/OculusVR/Shaders found
LogPluginManager: Mapping shader source directory ../../../Engine/Plugins/Runtime/Oculus/OculusVR/Shaders to virtual directory /Plugin/OculusVR
LogPluginManager: Mounting plugin PhysXVehicles
LogPluginManager: Mounting plugin ProceduralMeshComponent
LogPluginManager: Mounting plugin RuntimePhysXCooking
LogPluginManager: Mounting plugin SteamVR
LogPluginManager: Mounting plugin WindowsMoviePlayer
LogStreaming: Display: Took  0.091s to configure plugins.
LogInit: Using libcurl 7.55.1-DEV
LogInit:  - built for x86_64-pc-win32
LogInit:  - supports SSL with OpenSSL/1.0.2h
LogInit:  - supports HTTP deflate (compression) using libz 1.2.8
LogInit:  - other features:
LogInit:      CURL_VERSION_SSL
LogInit:      CURL_VERSION_LIBZ
LogInit:      CURL_VERSION_IPV6
LogInit:      CURL_VERSION_ASYNCHDNS
LogInit:      CURL_VERSION_LARGEFILE
LogInit:      CURL_VERSION_IDN
LogInit:  CurlRequestOptions (configurable via config and command line):
LogInit:  - bVerifyPeer = false  - Libcurl will NOT verify peer certificate
LogInit:  - bUseHttpProxy = false  - Libcurl will NOT use HTTP proxy
LogInit:  - bDontReuseConnections = false  - Libcurl will reuse connections
LogInit:  - CertBundlePath = nullptr  - Libcurl will use whatever was configured at build time.
LogInit:  - MaxHostConnections = 16  - Libcurl will limit the number of connections to a host
LogInit:  - LocalHostAddr = Default
LogInit:  - BufferSize = 65536
LogInit: WinSock: version 1.1 (2.2), MaxSocks=32767, MaxUdp=65467
LogInit: Build: ++UE4+Release-4.20-CL-4302132
LogInit: Engine Version: 4.20.2-4302132+++UE4+Release-4.20
LogInit: Compatible Engine Version: 4.20.0-4212847+++UE4+Release-4.20
LogInit: Net CL: 4212847
LogInit: OS: Windows 10 (), CPU: Intel(R) Core(TM) i7-6700K CPU @ 4.00GHz, GPU: NVIDIA GeForce GTX 1070
LogInit: Compiled (64-bit): Aug 21 2018 02:06:06
LogInit: Compiled with Visual C++: 19.13.26129.00
LogInit: Build Configuration: DebugGame
LogInit: Branch Name: ++UE4+Release-4.20
LogInit: Command Line:  -skipcompile -debug
LogInit: Base Directory: D:/Unreal Engine/UE_4.20/Engine/Binaries/Win64/
LogInit: Installed Engine Build: 1
LogDevObjectVersion: Number of dev versions registered: 20
LogDevObjectVersion:   Dev-Blueprints (B0D832E4-1F89-4F0D-ACCF-7EB736FD4AA2): 10
LogDevObjectVersion:   Dev-Build (E1C64328-A22C-4D53-A36C-8E866417BD8C): 0
LogDevObjectVersion:   Dev-Core (375EC13C-06E4-48FB-B500-84F0262A717E): 2
LogDevObjectVersion:   Dev-Editor (E4B068ED-F494-42E9-A231-DA0B2E46BB41): 24
LogDevObjectVersion:   Dev-Framework (CFFC743F-43B0-4480-9391-14DF171D2073): 34
LogDevObjectVersion:   Dev-Mobile (B02B49B5-BB20-44E9-A304-32B752E40360): 2
LogDevObjectVersion:   Dev-Networking (A4E4105C-59A1-49B5-A7C5-40C4547EDFEE): 0
LogDevObjectVersion:   Dev-Online (39C831C9-5AE6-47DC-9A44-9C173E1C8E7C): 0
LogDevObjectVersion:   Dev-Physics (78F01B33-EBEA-4F98-B9B4-84EACCB95AA2): 0
LogDevObjectVersion:   Dev-Platform (6631380F-2D4D-43E0-8009-CF276956A95A): 0
LogDevObjectVersion:   Dev-Rendering (12F88B9F-8875-4AFC-A67C-D90C383ABD29): 26
LogDevObjectVersion:   Dev-Sequencer (7B5AE74C-D270-4C10-A958-57980B212A5A): 9
LogDevObjectVersion:   Dev-VR (D7296918-1DD6-4BDD-9DE2-64A83CC13884): 2
LogDevObjectVersion:   Dev-LoadTimes (C2A15278-BFE7-4AFE-6C17-90FF531DF755): 1
LogDevObjectVersion:   Private-Geometry (6EACA3D4-40EC-4CC1-B786-8BED09428FC5): 3
LogDevObjectVersion:   Dev-AnimPhys (29E575DD-E0A3-4627-9D10-D276232CDCEA): 17
LogDevObjectVersion:   Dev-ReflectionCapture (6B266CEC-1EC7-4B8F-A30B-E4D90942FC07): 1
LogDevObjectVersion:   Dev-Automation (0DF73D61-A23F-47EA-B727-89E90C41499A): 1
LogDevObjectVersion:   FortniteMain (601D1886-AC64-4F84-AA16-D3DE0DEAC7D6): 12
LogDevObjectVersion:   Dev-Enterprise (9DFFBCD6-494F-0158-E221-12823C92A888): 1
LogStreaming: Display: Took  0.000s to delete old logs.
LogInit: Presizing for max 8388607 objects, including 0 objects not considered by GC, pre-allocating 0 bytes for permanent pool.
LogInit: Object subsystem initialized
[2018.09.19-14.00.31:211][  0]LogInit: Selected Device Profile: [Windows]
[2018.09.19-14.00.31:212][  0]LogInit: Applying CVar settings loaded from the selected device profile: [Windows]
[2018.09.19-14.00.31:226][  0]LogHAL: Display: Platform has ~ 16 GB [17117310976 / 17179869184 / 16], which maps to Larger [LargestMinGB=32, LargerMinGB=12, DefaultMinGB=8, SmallerMinGB=6, SmallestMinGB=0)
[2018.09.19-14.00.31:226][  0]LogInit: Setting Device Profile CVar: [[r.Vulkan.UseRealUBs:1]]
[2018.09.19-14.00.31:226][  0]LogInit: Going up to parent DeviceProfile []
[2018.09.19-14.00.31:226][  0]LogInit: Computer: DESKTOP-FTI3JJM
[2018.09.19-14.00.31:226][  0]LogInit: User: Kscha
[2018.09.19-14.00.31:226][  0]LogInit: CPU Page size=4096, Cores=4
[2018.09.19-14.00.31:226][  0]LogInit: High frequency timer resolution =3.914065 MHz
[2018.09.19-14.00.31:227][  0]LogMemory: Memory total: Physical=15.9GB (16GB approx)
[2018.09.19-14.00.31:227][  0]LogMemory: Platform Memory Stats for Windows
[2018.09.19-14.00.31:227][  0]LogMemory: Process Physical Memory: 102.09 MB used, 102.09 MB peak
[2018.09.19-14.00.31:227][  0]LogMemory: Process Virtual Memory: 93.66 MB used, 93.66 MB peak
[2018.09.19-14.00.31:227][  0]LogMemory: Physical Memory: 6601.52 MB used,  9722.82 MB free, 16324.34 MB total
[2018.09.19-14.00.31:227][  0]LogMemory: Virtual Memory: 4647.57 MB used,  9722.82 MB free, 134217728.00 MB total
[2018.09.19-14.00.31:319][  0]LogInit: Using OS detected language (de-DE).
[2018.09.19-14.00.31:319][  0]LogInit: Using OS detected locale (de-DE).
[2018.09.19-14.00.31:320][  0]LogTextLocalizationManager: No specific localization for 'de-DE' exists, so the 'de' localization will be used.
[2018.09.19-14.00.31:321][  0]LogStreaming: Display: Took  0.002s to InitEngineTextLocalization.
[2018.09.19-14.00.31:321][  0]LogInit: Setting process to per monitor DPI aware
[2018.09.19-14.00.31:378][  0]LogSlate: New Slate User Created.  User Index 0, Is Virtual User: 0
[2018.09.19-14.00.31:378][  0]LogSlate: Slate User Registered.  User Index 0, Is Virtual User: 0
[2018.09.19-14.00.31:548][  0]LogHMD: Failed to initialize OpenVR with code 110
[2018.09.19-14.00.31:548][  0]LogD3D11RHI: D3D11 adapters:
[2018.09.19-14.00.31:605][  0]LogD3D11RHI:    0. 'NVIDIA GeForce GTX 1070' (Feature Level 11_0)
[2018.09.19-14.00.31:605][  0]LogD3D11RHI:       8088/0/8162 MB DedicatedVideo/DedicatedSystem/SharedSystem, Outputs:3, VendorId:0x10de
[2018.09.19-14.00.31:609][  0]LogD3D11RHI:    1. 'Microsoft Basic Render Driver' (Feature Level 11_0)
[2018.09.19-14.00.31:609][  0]LogD3D11RHI:       0/0/8162 MB DedicatedVideo/DedicatedSystem/SharedSystem, Outputs:0, VendorId:0x1414
[2018.09.19-14.00.31:609][  0]LogD3D11RHI: Chosen D3D11 Adapter: 0
[2018.09.19-14.00.31:615][  0]LogD3D11RHI: Creating new Direct3DDevice
[2018.09.19-14.00.31:615][  0]LogD3D11RHI:     GPU DeviceId: 0x1b81 (for the marketing name, search the web for "GPU Device Id")
[2018.09.19-14.00.31:615][  0]LogWindows: EnumDisplayDevices:
[2018.09.19-14.00.31:615][  0]LogWindows:    0. 'NVIDIA GeForce GTX 1070' (P:0 D:1)
[2018.09.19-14.00.31:615][  0]LogWindows:    1. 'NVIDIA GeForce GTX 1070' (P:0 D:1)
[2018.09.19-14.00.31:615][  0]LogWindows:    2. 'NVIDIA GeForce GTX 1070' (P:1 D:1)
[2018.09.19-14.00.31:616][  0]LogWindows:    3. 'NVIDIA GeForce GTX 1070' (P:0 D:0)
[2018.09.19-14.00.31:616][  0]LogWindows: DebugString: FoundDriverCount:4 
[2018.09.19-14.00.31:616][  0]LogD3D11RHI:     Adapter Name: NVIDIA GeForce GTX 1070
[2018.09.19-14.00.31:616][  0]LogD3D11RHI:   Driver Version: 399.24 (internal:24.21.13.9924, unified:399.24)
[2018.09.19-14.00.31:616][  0]LogD3D11RHI:      Driver Date: 9-5-2018
[2018.09.19-14.00.31:616][  0]LogRHI: Texture pool is 5661 MB (70% of 8088 MB)
[2018.09.19-14.00.31:648][  0]LogD3D11RHI: Async texture creation enabled
[2018.09.19-14.00.31:677][  0]LogD3D11RHI: GPU Timing Frequency: 1000.000000 (Debug: 2 2)
[2018.09.19-14.00.31:768][  0]LogShaderCompilers: Guid format shader working directory is -10 characters bigger than the processId version (../../../../../Dokumente/Github Repos/Survival/Survival/Intermediate/Shaders/WorkingDirectory/17956/).
[2018.09.19-14.00.31:768][  0]LogShaderCompilers: Cleaned the shader compiler working directory 'C:/Users/Kscha/AppData/Local/Temp/UnrealShaderWorkingDir/0F9DC4484C1C112312737BAD1CF9AC96/'.
[2018.09.19-14.00.32:005][  0]LogTemp: Display: Loaded TP AllDesktopTargetPlatform
[2018.09.19-14.00.32:018][  0]LogTemp: Display: Loaded TP MacClientTargetPlatform
[2018.09.19-14.00.32:034][  0]LogTemp: Display: Loaded TP MacNoEditorTargetPlatform
[2018.09.19-14.00.32:046][  0]LogTemp: Display: Loaded TP MacServerTargetPlatform
[2018.09.19-14.00.32:059][  0]LogTemp: Display: Loaded TP MacTargetPlatform
[2018.09.19-14.00.32:072][  0]LogTemp: Display: Loaded TP WindowsClientTargetPlatform
[2018.09.19-14.00.32:085][  0]LogTemp: Display: Loaded TP WindowsNoEditorTargetPlatform
[2018.09.19-14.00.32:097][  0]LogTemp: Display: Loaded TP WindowsServerTargetPlatform
[2018.09.19-14.00.32:103][  0]LogTemp: Display: Loaded TP WindowsTargetPlatform
[2018.09.19-14.00.32:169][  0]LogTemp: Display: Loaded TP AndroidTargetPlatform
[2018.09.19-14.00.32:170][  0]LogTemp: Display: Loaded TP AndroidTargetPlatform
[2018.09.19-14.00.32:170][  0]LogTemp: Display: Loaded TP AndroidTargetPlatform
[2018.09.19-14.00.32:170][  0]LogTemp: Display: Loaded TP AndroidTargetPlatform
[2018.09.19-14.00.32:170][  0]LogTemp: Display: Loaded TP AndroidTargetPlatform
[2018.09.19-14.00.32:170][  0]LogTemp: Display: Loaded TP AndroidTargetPlatform
[2018.09.19-14.00.32:170][  0]LogTemp: Display: Loaded TP AndroidTargetPlatform
[2018.09.19-14.00.32:170][  0]LogTemp: Display: Loaded TP AndroidTargetPlatform
[2018.09.19-14.00.32:170][  0]LogTemp: Display: Loaded TP AndroidTargetPlatform
[2018.09.19-14.00.32:170][  0]LogTemp: Display: Loaded TP AndroidTargetPlatform
[2018.09.19-14.00.32:170][  0]LogTemp: Display: Loaded TP AndroidTargetPlatform
[2018.09.19-14.00.32:170][  0]LogTemp: Display: Loaded TP AndroidTargetPlatform
[2018.09.19-14.00.32:170][  0]LogTemp: Display: Loaded TP AndroidTargetPlatform
[2018.09.19-14.00.32:170][  0]LogTemp: Display: Loaded TP AndroidTargetPlatform
[2018.09.19-14.00.32:170][  0]LogTemp: Display: Loaded TP AndroidTargetPlatform
[2018.09.19-14.00.32:170][  0]LogTemp: Display: Loaded TP AndroidTargetPlatform
[2018.09.19-14.00.32:170][  0]LogTemp: Display: Loaded TP AndroidTargetPlatform
[2018.09.19-14.00.32:170][  0]LogTemp: Display: Loaded TP AndroidTargetPlatform
[2018.09.19-14.00.32:172][  0]LogTemp: Display: Loaded TP HTML5TargetPlatform
[2018.09.19-14.00.32:234][  0]LogTemp: Display: Loaded TP IOSTargetPlatform
[2018.09.19-14.00.32:234][  0]LogTemp: Display: Loaded TP IOSTargetPlatform
[2018.09.19-14.00.32:254][  0]LogTemp: Display: Loaded TP TVOSTargetPlatform
[2018.09.19-14.00.32:254][  0]LogTemp: Display: Loaded TP TVOSTargetPlatform
[2018.09.19-14.00.32:266][  0]LogTemp: Display: Loaded TP LinuxClientTargetPlatform
[2018.09.19-14.00.32:278][  0]LogTemp: Display: Loaded TP LinuxNoEditorTargetPlatform
[2018.09.19-14.00.32:289][  0]LogTemp: Display: Loaded TP LinuxServerTargetPlatform
[2018.09.19-14.00.32:301][  0]LogTemp: Display: Loaded TP LinuxTargetPlatform
[2018.09.19-14.00.32:315][  0]LogTemp: Display: Loaded TP LuminTargetPlatform
[2018.09.19-14.00.32:315][  0]LogTargetPlatformManager: Display: Building Assets For Windows
[2018.09.19-14.00.32:386][  0]LogXGEController: Cleaning working directory: C:/Users/Kscha/AppData/Local/Temp/UnrealXGEWorkingDir/
[2018.09.19-14.00.32:386][  0]LogXGEController: Cannot use XGE Controller as Incredibuild is not installed on this machine.
[2018.09.19-14.00.32:386][  0]LogShaderCompilers: Cannot use XGE Shader Compiler as Incredibuild is not installed on this machine.
[2018.09.19-14.00.32:386][  0]LogShaderCompilers: Display: Using Local Shader Compiler.
[2018.09.19-14.00.32:986][  0]LogDerivedDataCache: Display: Max Cache Size: 512 MB
[2018.09.19-14.00.33:032][  0]LogDerivedDataCache: Loaded boot cache 0.05s 73MB C:/Users/Kscha/AppData/Local/UnrealEngine/4.20/DerivedDataCache/Boot.ddc.
[2018.09.19-14.00.33:033][  0]LogDerivedDataCache: Display: Loaded Boot cache: C:/Users/Kscha/AppData/Local/UnrealEngine/4.20/DerivedDataCache/Boot.ddc
[2018.09.19-14.00.33:033][  0]LogDerivedDataCache: FDerivedDataBackendGraph:  Pak pak cache file ../../../../../Dokumente/Github Repos/Survival/Survival/DerivedDataCache/DDC.ddp not found, will not use a pak cache.
[2018.09.19-14.00.33:033][  0]LogDerivedDataCache: Unable to find inner node Pak for hierarchical cache Hierarchy.
[2018.09.19-14.00.33:033][  0]LogDerivedDataCache: FDerivedDataBackendGraph:  CompressedPak pak cache file ../../../../../Dokumente/Github Repos/Survival/Survival/DerivedDataCache/Compressed.ddp not found, will not use a pak cache.
[2018.09.19-14.00.33:033][  0]LogDerivedDataCache: Unable to find inner node CompressedPak for hierarchical cache Hierarchy.
[2018.09.19-14.00.33:044][  0]LogDerivedDataCache: Display: Pak cache opened for reading ../../../Engine/DerivedDataCache/Compressed.ddp.
[2018.09.19-14.00.33:056][  0]LogDerivedDataCache: Using Local data cache path C:/Users/Kscha/AppData/Local/UnrealEngine/Common/DerivedDataCache: Writable
[2018.09.19-14.00.33:056][  0]LogDerivedDataCache: Shared data cache path not found in *engine.ini, will not use an Shared cache.
[2018.09.19-14.00.33:056][  0]LogDerivedDataCache: Unable to find inner node Shared for hierarchical cache Hierarchy.
[2018.09.19-14.00.33:071][  0]LogMaterial: Verifying Global Shaders for PCD3D_SM5
[2018.09.19-14.00.33:072][  0]LogSlate: Using FreeType 2.6.0
[2018.09.19-14.00.33:073][  0]LogSlate: SlateFontServices - WITH_FREETYPE: 1, WITH_HARFBUZZ: 1
[2018.09.19-14.00.33:134][  0]LogAssetRegistry: FAssetRegistry took 0.0266 seconds to start up
[2018.09.19-14.00.33:403][  0]LogInit: Selected Device Profile: [Windows]
[2018.09.19-14.00.33:516][  0]LogSimplygon: Simplygon DLL not present - disabling.
[2018.09.19-14.00.33:520][  0]LogMeshReduction: Using SimplygonSwarm for distributed automatic mesh merging
[2018.09.19-14.00.33:520][  0]LogMeshReduction: Using ProxyLODMeshReduction for automatic mesh merging
[2018.09.19-14.00.33:520][  0]LogMeshReduction: Using QuadricMeshReduction for automatic static mesh reduction
[2018.09.19-14.00.33:520][  0]LogMeshReduction: No automatic skeletal mesh reduction module available
[2018.09.19-14.00.33:550][  0]LogNetVersion: Survival 1.0.0, NetCL: 4212847, EngineNetVer: 5, GameNetVer: 0 (Checksum: 2571501108)
[2018.09.19-14.00.33:928][  0]LogPackageLocalizationCache: Processed 11 localized package path(s) for 2 prioritized culture(s) in 0.086398 seconds
[2018.09.19-14.00.33:935][  0]LogUObjectArray: 38425 objects as part of root set at end of initial load.
[2018.09.19-14.00.33:935][  0]LogUObjectAllocator: 6690864 out of 0 bytes used by permanent object pool.
[2018.09.19-14.00.33:935][  0]LogUObjectArray: CloseDisregardForGC: 0/0 objects in disregard for GC pool
[2018.09.19-14.00.34:663][  0]LogTcpMessaging: Initializing TcpMessaging bridge
[2018.09.19-14.00.34:678][  0]LogUdpMessaging: Initializing bridge on interface 0.0.0.0:0 to multicast group 230.0.0.1:6666.
[2018.09.19-14.00.34:987][  0]SourceControl: Source control is disabled
[2018.09.19-14.00.34:987][  0]SourceControl: Source control is disabled
[2018.09.19-14.00.34:989][  0]SourceControl: Source control is disabled
[2018.09.19-14.00.34:991][  0]SourceControl: Source control is disabled
[2018.09.19-14.00.35:196][  0]LogAndroidPermission: UAndroidPermissionCallbackProxy::GetInstance
[2018.09.19-14.00.35:294][  0]LogOcInput: OculusInput pre-init called
[2018.09.19-14.00.35:347][  0]LogEngine: Initializing Engine...
[2018.09.19-14.00.35:348][  0]LogHMD: Failed to initialize OpenVR with code 110
[2018.09.19-14.00.35:349][  0]LogStats: UGameplayTagsManager::ConstructGameplayTagTree: ImportINI prefixes -  0.000 s
[2018.09.19-14.00.35:349][  0]LogStats: UGameplayTagsManager::ConstructGameplayTagTree: Construct from data asset -  0.000 s
[2018.09.19-14.00.35:349][  0]LogStats: UGameplayTagsManager::ConstructGameplayTagTree: ImportINI -  0.000 s
[2018.09.19-14.00.35:349][  0]LogStats: UGameplayTagsManager::ConstructGameplayTagTree: GameplayTagTreeChangedEvent.Broadcast -  0.000 s
[2018.09.19-14.00.35:509][  0]LogInit: Initializing FReadOnlyCVARCache
[2018.09.19-14.00.35:519][  0]LogAIModule: Creating AISystem for world Untitled
[2018.09.19-14.00.35:533][  0]LogInit: XAudio2 using 'Lautsprecher (Realtek High Definition Audio)' : 2 channels at 48 kHz using 32 bits per sample (channel mask 0x3)
[2018.09.19-14.00.35:585][  0]LogInit: FAudioDevice initialized.
[2018.09.19-14.00.35:585][  0]LogNetVersion: Set ProjectVersion to 1.0.0.0. Version Checksum will be recalculated on next use.
[2018.09.19-14.00.35:650][  0]LogDerivedDataCache: Saved boot cache 0.07s 73MB C:/Users/Kscha/AppData/Local/UnrealEngine/4.20/DerivedDataCache/Boot.ddc.
[2018.09.19-14.00.35:653][  0]LogInit: Texture streaming: Enabled
[2018.09.19-14.00.35:672][  0]LogEngineSessionManager: EngineSessionManager initialized
[2018.09.19-14.00.35:678][  0]LogInit: Transaction tracking system initialized
[2018.09.19-14.00.35:700][  0]BlueprintLog: New page: Editor Load
[2018.09.19-14.00.35:826][  0]LocalizationService: Localization service is disabled
[2018.09.19-14.00.36:040][  0]LogCook: Display: Max memory allowance for cook 16384mb min free memory 0mb
[2018.09.19-14.00.36:040][  0]LogCook: Display: Mobile HDR setting 1
[2018.09.19-14.00.36:040][  0]LogGameplayTags: Display: UGameplayTagsManager::DoneAddingNativeTags. DelegateIsBound: 0
[2018.09.19-14.00.36:040][  0]LogStats: UGameplayTagsManager::ConstructGameplayTagTree: ImportINI prefixes -  0.000 s
[2018.09.19-14.00.36:040][  0]LogStats: UGameplayTagsManager::ConstructGameplayTagTree: Construct from data asset -  0.000 s
[2018.09.19-14.00.36:041][  0]LogStats: UGameplayTagsManager::ConstructGameplayTagTree: ImportINI -  0.000 s
[2018.09.19-14.00.36:041][  0]LogStats: UGameplayTagsManager::ConstructGameplayTagTree: GameplayTagTreeChangedEvent.Broadcast -  0.000 s
[2018.09.19-14.00.36:154][  0]LogFileCache: Scanning file cache for directory 'D:/Dokumente/Github Repos/Survival/Survival/Content/' took 0.01s
[2018.09.19-14.00.36:154][  0]SourceControl: Source control is disabled
[2018.09.19-14.00.36:154][  0]Cmd: MAP LOAD FILE="../../../../../Dokumente/Github Repos/Survival/Survival/Content/FirstPersonCPP/Maps/FirstPersonExampleMap.umap" TEMPLATE=0 SHOWPROGRESS=1 FEATURELEVEL=3
[2018.09.19-14.00.36:155][  0]LightingResults: New page: Lighting Build
[2018.09.19-14.00.36:156][  0]MapCheck: New page: Map Check
[2018.09.19-14.00.36:156][  0]LightingResults: New page: Lighting Build
[2018.09.19-14.00.36:313][  0]LogAIModule: Creating AISystem for world FirstPersonExampleMap
[2018.09.19-14.00.36:321][  0]LogEditorServer: Finished looking for orphan Actors (0.000 secs)
[2018.09.19-14.00.36:340][  0]Cmd: MAP CHECKDEP NOCLEARLOG
[2018.09.19-14.00.36:374][  0]MapCheck: Map check complete: 0 Error(s), 0 Warning(s), took 33,907ms to complete.
[2018.09.19-14.00.36:374][  0]LogFileHelpers: Loading map 'FirstPersonExampleMap' took 0.221
[2018.09.19-14.00.36:569][  0]LogSlate: Updating window title bar state: overlay mode, drag disabled, window buttons hidden, title bar hidden
[2018.09.19-14.00.36:575][  0]LogSlate: Updating window title bar state: overlay mode, drag disabled, window buttons hidden, title bar hidden
[2018.09.19-14.00.36:582][  0]LogSlate: Updating window title bar state: overlay mode, drag disabled, window buttons hidden, title bar hidden
[2018.09.19-14.00.36:588][  0]LogSlate: Updating window title bar state: overlay mode, drag disabled, window buttons hidden, title bar hidden
[2018.09.19-14.00.36:592][  0]LogCollectionManager: Loaded 0 collections in 0.000665 seconds
[2018.09.19-14.00.36:655][  0]LogFileCache: Scanning file cache for directory 'D:/Dokumente/Github Repos/Survival/Survival/Saved/Collections/' took 0.01s
[2018.09.19-14.00.36:655][  0]LogFileCache: Scanning file cache for directory 'D:/Dokumente/Github Repos/Survival/Survival/Content/Developers/Kscha/Collections/' took 0.01s
[2018.09.19-14.00.36:655][  0]LogFileCache: Scanning file cache for directory 'D:/Dokumente/Github Repos/Survival/Survival/Content/Collections/' took 0.01s
[2018.09.19-14.00.36:655][  0]LogCollectionManager: Rebuilt the GUID cache for 0 collections in 0.000000 seconds
[2018.09.19-14.00.36:663][  0]LogContentBrowser: Native class hierarchy populated in 0.0074 seconds. Added 2587 classes and 611 folders.
[2018.09.19-14.00.36:667][  0]LogContentBrowser: Native class hierarchy updated for 'WidgetCarousel' in 0.0003 seconds. Added 0 classes and 0 folders.
[2018.09.19-14.00.36:693][  0]LogContentBrowser: Native class hierarchy updated for 'AddContentDialog' in 0.0003 seconds. Added 0 classes and 0 folders.
[2018.09.19-14.00.36:723][  0]LogContentBrowser: Native class hierarchy updated for 'SceneOutliner' in 0.0004 seconds. Added 1 classes and 2 folders.
[2018.09.19-14.00.36:736][  0]LogSlate: Took 0.000140 seconds to synchronously load lazily loaded font '../../../Engine/Content/Slate/Fonts/Roboto-Regular.ttf' (155K)
[2018.09.19-14.00.36:738][  0]LogSlate: Took 0.000170 seconds to synchronously load lazily loaded font '../../../Engine/Content/Slate/Fonts/Roboto-Bold.ttf' (160K)
[2018.09.19-14.00.36:743][  0]LogSlate: Took 0.000173 seconds to synchronously load lazily loaded font '../../../Engine/Content/Editor/Slate/Fonts/FontAwesome.ttf' (139K)
[2018.09.19-14.00.36:802][  0]LogRenderer: Reallocating scene render targets to support 1208x576 Format 10 NumSamples 1 (Frame:1).
[2018.09.19-14.00.36:855][  0]LogSlate: Took 0.000143 seconds to synchronously load lazily loaded font '../../../Engine/Content/Slate/Fonts/Roboto-Light.ttf' (167K)
[2018.09.19-14.00.36:911][  0]LogContentBrowser: Native class hierarchy updated for 'HierarchicalLODOutliner' in 0.0003 seconds. Added 0 classes and 0 folders.
[2018.09.19-14.00.36:911][  0]LogLoad: (Engine Initialization) Total time: 7.25 seconds
[2018.09.19-14.00.36:911][  0]LogLoad: (Engine Initialization) Total Blueprint compile time: 0.00 seconds
[2018.09.19-14.00.36:922][  0]LogWindowsTextInputMethodSystem: Display: IME system now deactivated.
[2018.09.19-14.00.36:942][  0]LogContentStreaming: Texture pool size now 1000 MB
[2018.09.19-14.00.36:963][  1]LogAssetRegistry: Asset discovery search completed in 3.8527 seconds
[2018.09.19-14.00.36:965][  1]LogCollectionManager: Rebuilt the object cache for 0 collections in 0.000001 seconds (found 0 objects)
[2018.09.19-14.00.36:965][  1]LogCollectionManager: Fixed up redirectors for 0 collections in 0.000140 seconds (updated 0 objects)
[2018.09.19-14.02.13:012][693]LogSlate: FSceneViewport::OnFocusLost() reason 0
[2018.09.19-14.02.13:236][695]Candidate modules for hot reload:
[2018.09.19-14.02.13:236][695]  Survival
[2018.09.19-14.02.13:236][695]Launching UnrealBuildTool... [D:/Unreal Engine/UE_4.20/Engine/Binaries/DotNET/UnrealBuildTool.exe  -ModuleWithSuffix=Survival,8328 Win64 DebugGame -TargetType=Editor -Project="../../../../../Dokumente/Github Repos/Survival/Survival/Survival.uproject" -canskiplink "D:/Dokumente/Github Repos/Survival/Survival/Survival.uproject" ]
[2018.09.19-14.02.13:239][695]Warning: Starting HotReload took  0.2s.
[2018.09.19-14.02.14:612][860]CompilerResultsLog: New page: Compilation - 19.09.2018 18:02:14
[2018.09.19-14.02.14:612][860]CompilerResultsLog: Using 'git status' to determine working set for adaptive non-unity build.
[2018.09.19-14.02.14:612][860]CompilerResultsLog: Compiling game modules for hot reload
[2018.09.19-14.02.14:612][860]CompilerResultsLog: Target is up to date
[2018.09.19-14.02.14:612][860]CompilerResultsLog: Total build time: 1,18 seconds (NoActionsToExecute executor: 0,00 seconds)
[2018.09.19-14.02.14:612][860]LogMainFrame: MainFrame: Module compiling took 1.397 seconds
[2018.09.19-14.02.14:641][860]LogContentBrowser: Native class hierarchy populated in 0.0075 seconds. Added 2588 classes and 613 folders.
[2018.09.19-14.02.14:641][860]Display: HotReload took  1.6s.
[2018.09.19-14.02.22:602][809]LogEditorViewport: Clicking on Actor (LMB): FirstPersonCharacter_C (FirstPersonCharacter2)
[2018.09.19-14.02.23:407][887]LogSlate: Took 0.000176 seconds to synchronously load lazily loaded font '../../../Engine/Content/Slate/Fonts/Roboto-Italic.ttf' (157K)
[2018.09.19-14.02.26:019][200]LogSlate: FSceneViewport::OnFocusLost() reason 0
[2018.09.19-14.03.06:119][ 97]Candidate modules for hot reload:
[2018.09.19-14.03.06:120][ 97]  Survival
[2018.09.19-14.03.06:120][ 97]Launching UnrealBuildTool... [D:/Unreal Engine/UE_4.20/Engine/Binaries/DotNET/UnrealBuildTool.exe  -ModuleWithSuffix=Survival,8479 Win64 DebugGame -TargetType=Editor -Project="../../../../../Dokumente/Github Repos/Survival/Survival/Survival.uproject" -canskiplink "D:/Dokumente/Github Repos/Survival/Survival/Survival.uproject" ]
[2018.09.19-14.03.06:123][ 97]Warning: Starting HotReload took  0.0s.
[2018.09.19-14.03.16:198][306]CompilerResultsLog: New page: Compilation - 19.09.2018 18:03:16
[2018.09.19-14.03.16:199][306]CompilerResultsLog: Using 'git status' to determine working set for adaptive non-unity build.
[2018.09.19-14.03.16:199][306]CompilerResultsLog: Compiling game modules for hot reload
[2018.09.19-14.03.16:199][306]CompilerResultsLog: Parsing headers for SurvivalEditor
[2018.09.19-14.03.16:199][306]CompilerResultsLog:   Running UnrealHeaderTool "D:\Dokumente\Github Repos\Survival\Survival\Survival.uproject" "D:\Dokumente\Github Repos\Survival\Survival\Intermediate\Build\Win64\SurvivalEditor\DebugGame\SurvivalEditor.uhtmanifest" -LogCmds="loginit warning, logexit warning, logdatabase error" -Unattended -WarningsAsErrors -installed
[2018.09.19-14.03.16:199][306]CompilerResultsLog: Error: D:/Dokumente/Github Repos/Survival/Survival/Source/Survival/Character/Inventory.h(23)  : LogCompile: Error: Unknown variable specifier 'VisibleEverywhere'
[2018.09.19-14.03.16:199][306]CompilerResultsLog: Error: D:/Dokumente/Github Repos/Survival/Survival/Source/Survival/Character/Inventory.h(24)  : LogCompile: Error: Property has a Category set but is not exposed to the editor or Blueprints with EditAnywhere, BlueprintReadWrite, VisibleAnywhere, BlueprintReadOnly, BlueprintAssignable, BlueprintCallable keywords.
[2018.09.19-14.03.16:199][306]CompilerResultsLog: UnrealHeaderTool failed for target 'SurvivalEditor' (platform: Win64, module info: D:\Dokumente\Github Repos\Survival\Survival\Intermediate\Build\Win64\SurvivalEditor\DebugGame\SurvivalEditor.uhtmanifest).
[2018.09.19-14.03.16:199][306]LogMainFrame: MainFrame: Module compiling took 10.102 seconds
[2018.09.19-14.03.16:199][306]Warning: HotReload failed, recompile failed
[2018.09.19-14.03.35:447][603]LogSlate: Window 'Message Log' being destroyed
[2018.09.19-14.03.35:450][603]LogSlate: Window 'Message Log' being destroyed
[2018.09.19-14.03.45:890][ 29]Candidate modules for hot reload:
[2018.09.19-14.03.45:890][ 29]  Survival
[2018.09.19-14.03.45:890][ 29]Launching UnrealBuildTool... [D:/Unreal Engine/UE_4.20/Engine/Binaries/DotNET/UnrealBuildTool.exe  -ModuleWithSuffix=Survival,1494 Win64 DebugGame -TargetType=Editor -Project="../../../../../Dokumente/Github Repos/Survival/Survival/Survival.uproject" -canskiplink "D:/Dokumente/Github Repos/Survival/Survival/Survival.uproject" ]
[2018.09.19-14.03.45:892][ 29]Warning: Starting HotReload took  0.0s.
[2018.09.19-14.04.00:506][255]CompilerResultsLog: New page: Compilation - 19.09.2018 18:04:00
[2018.09.19-14.04.00:507][255]CompilerResultsLog: Using 'git status' to determine working set for adaptive non-unity build.
[2018.09.19-14.04.00:507][255]CompilerResultsLog: Compiling game modules for hot reload
[2018.09.19-14.04.00:507][255]CompilerResultsLog: Parsing headers for SurvivalEditor
[2018.09.19-14.04.00:507][255]CompilerResultsLog:   Running UnrealHeaderTool "D:\Dokumente\Github Repos\Survival\Survival\Survival.uproject" "D:\Dokumente\Github Repos\Survival\Survival\Intermediate\Build\Win64\SurvivalEditor\DebugGame\SurvivalEditor.uhtmanifest" -LogCmds="loginit warning, logexit warning, logdatabase error" -Unattended -WarningsAsErrors -installed
[2018.09.19-14.04.00:507][255]CompilerResultsLog: Reflection code generated for SurvivalEditor in 7,7653914 seconds
[2018.09.19-14.04.00:507][255]CompilerResultsLog: Distributing 6 actions to XGE
[2018.09.19-14.04.00:507][255]CompilerResultsLog: --------------------Build System Warning---------------------------------------
[2018.09.19-14.04.00:507][255]CompilerResultsLog: License is invalid:
[2018.09.19-14.04.00:507][255]CompilerResultsLog:     License information is invalid. Please try reloading your license file using the Coordinator Monitor application on the Coordinator machine, or reinstall IncrediBuild.
[2018.09.19-14.04.00:508][255]CompilerResultsLog:     This build will run in standalone mode.
[2018.09.19-14.04.00:508][255]CompilerResultsLog: 
[2018.09.19-14.04.00:508][255]CompilerResultsLog: -------------------------------------------------------------------------------
[2018.09.19-14.04.00:508][255]CompilerResultsLog: --------------------Project: Default-------------------------------------------
[2018.09.19-14.04.00:508][255]CompilerResultsLog: Survival.init.gen.cpp (0:00.75 at +0:00)
[2018.09.19-14.04.00:508][255]CompilerResultsLog: Inventory.gen.cpp (0:00.71 at +0:00)
[2018.09.19-14.04.00:508][255]CompilerResultsLog: SurvivalCharacter.cpp (0:01.87 at +0:01)
[2018.09.19-14.04.00:508][255]CompilerResultsLog: d:\dokumente\github repos\survival\survival\source\survival\character\SurvivalCharacter.h(139): warning C4263: 'void ASurvivalCharacter::Crouch(void)': member function does not override any base class virtual member function
[2018.09.19-14.04.00:509][255]CompilerResultsLog: d:\dokumente\github repos\survival\survival\source\survival\character\SurvivalCharacter.h(170): warning C4264: 'void ACharacter::Crouch(bool)': no override available for virtual member function from base 'ACharacter'; function is hidden
[2018.09.19-14.04.00:509][255]CompilerResultsLog: D:\Unreal Engine\UE_4.20\Engine\Source\Runtime\Engine\Classes\GameFramework/Character.h(719): note: see declaration of 'ACharacter::Crouch'
[2018.09.19-14.04.00:509][255]CompilerResultsLog: D:\Unreal Engine\UE_4.20\Engine\Source\Runtime\Engine\Classes\GameFramework/Character.h(210): note: see declaration of 'ACharacter'
[2018.09.19-14.04.00:509][255]CompilerResultsLog: d:\dokumente\github repos\survival\survival\source\survival\character\SurvivalCharacter.h(140): warning C4263: 'void ASurvivalCharacter::UnCrouch(void)': member function does not override any base class virtual member function
[2018.09.19-14.04.00:509][255]CompilerResultsLog: d:\dokumente\github repos\survival\survival\source\survival\character\SurvivalCharacter.h(170): warning C4264: 'void ACharacter::UnCrouch(bool)': no override available for virtual member function from base 'ACharacter'; function is hidden
[2018.09.19-14.04.00:509][255]CompilerResultsLog: D:\Unreal Engine\UE_4.20\Engine\Source\Runtime\Engine\Classes\GameFramework/Character.h(728): note: see declaration of 'ACharacter::UnCrouch'
[2018.09.19-14.04.00:509][255]CompilerResultsLog: D:\Unreal Engine\UE_4.20\Engine\Source\Runtime\Engine\Classes\GameFramework/Character.h(210): note: see declaration of 'ACharacter'
[2018.09.19-14.04.00:509][255]CompilerResultsLog: Inventory.cpp (0:00.71 at +0:03)
[2018.09.19-14.04.00:509][255]CompilerResultsLog: D:\Dokumente\Github Repos\Survival\Survival\Source\Survival\Character/SurvivalCharacter.h(139): warning C4263: 'void ASurvivalCharacter::Crouch(void)': member function does not override any base class virtual member function
[2018.09.19-14.04.00:509][255]CompilerResultsLog: D:\Dokumente\Github Repos\Survival\Survival\Source\Survival\Character/SurvivalCharacter.h(170): warning C4264: 'void ACharacter::Crouch(bool)': no override available for virtual member function from base 'ACharacter'; function is hidden
[2018.09.19-14.04.00:509][255]CompilerResultsLog: D:\Unreal Engine\UE_4.20\Engine\Source\Runtime\Engine\Classes\GameFramework/Character.h(719): note: see declaration of 'ACharacter::Crouch'
[2018.09.19-14.04.00:509][255]CompilerResultsLog: D:\Unreal Engine\UE_4.20\Engine\Source\Runtime\Engine\Classes\GameFramework/Character.h(210): note: see declaration of 'ACharacter'
[2018.09.19-14.04.00:510][255]CompilerResultsLog: D:\Dokumente\Github Repos\Survival\Survival\Source\Survival\Character/SurvivalCharacter.h(140): warning C4263: 'void ASurvivalCharacter::UnCrouch(void)': member function does not override any base class virtual member function
[2018.09.19-14.04.00:510][255]CompilerResultsLog: D:\Dokumente\Github Repos\Survival\Survival\Source\Survival\Character/SurvivalCharacter.h(170): warning C4264: 'void ACharacter::UnCrouch(bool)': no override available for virtual member function from base 'ACharacter'; function is hidden
[2018.09.19-14.04.00:510][255]CompilerResultsLog: D:\Unreal Engine\UE_4.20\Engine\Source\Runtime\Engine\Classes\GameFramework/Character.h(728): note: see declaration of 'ACharacter::UnCrouch'
[2018.09.19-14.04.00:510][255]CompilerResultsLog: D:\Unreal Engine\UE_4.20\Engine\Source\Runtime\Engine\Classes\GameFramework/Character.h(210): note: see declaration of 'ACharacter'
[2018.09.19-14.04.00:510][255]CompilerResultsLog: UE4Editor-Survival-1494-Win64-DebugGame.dll (0:00.86 at +0:04)
[2018.09.19-14.04.00:510][255]CompilerResultsLog:    Creating library D:\Dokumente\Github Repos\Survival\Survival\Intermediate\Build\Win64\UE4Editor\DebugGame\Survival\UE4Editor-Survival-1494-Win64-DebugGame.suppressed.lib and object D:\Dokumente\Github Repos\Survival\Survival\Intermediate\Build\Win64\UE4Editor\DebugGame\Survival\UE4Editor-Survival-1494-Win64-DebugGame.suppressed.exp
[2018.09.19-14.04.00:510][255]CompilerResultsLog: UE4Editor-Survival-1494-Win64-DebugGame.lib (0:00.09 at +0:04)
[2018.09.19-14.04.00:510][255]CompilerResultsLog:    Creating library D:\Dokumente\Github Repos\Survival\Survival\Intermediate\Build\Win64\UE4Editor\DebugGame\Survival\UE4Editor-Survival-1494-Win64-DebugGame.lib and object D:\Dokumente\Github Repos\Survival\Survival\Intermediate\Build\Win64\UE4Editor\DebugGame\Survival\UE4Editor-Survival-1494-Win64-DebugGame.exp
[2018.09.19-14.04.00:510][255]CompilerResultsLog: ---------------------- Done ----------------------
[2018.09.19-14.04.00:510][255]CompilerResultsLog: 
[2018.09.19-14.04.00:510][255]CompilerResultsLog:     Rebuild All: 1 succeeded, 0 failed, 0 skipped
[2018.09.19-14.04.00:510][255]CompilerResultsLog: 
[2018.09.19-14.04.00:510][255]CompilerResultsLog: 1 build system warning(s):
[2018.09.19-14.04.00:510][255]CompilerResultsLog:    - License is invalid
[2018.09.19-14.04.00:510][255]CompilerResultsLog: 
[2018.09.19-14.04.00:510][255]CompilerResultsLog: Total build time: 14,30 seconds (XGE executor: 5,18 seconds)
[2018.09.19-14.04.00:510][255]LogMainFrame: MainFrame: Module compiling took 14.640 seconds
[2018.09.19-14.04.00:551][255]LogClass: Could not find existing class Inventory in package /Script/Survival for HotReload, assuming new class
[2018.09.19-14.04.00:551][255]LogClass: Function GetItemProps is new.
[2018.09.19-14.04.00:551][255]LogClass: Function IsEnabled is new.
[2018.09.19-14.04.00:562][255]LogClass: EItemType HotReload.
[2018.09.19-14.04.00:562][255]LogClass: ItemProperties HotReload.
[2018.09.19-14.04.00:564][255]LogHotReload: Re-instancing Consumables after hot-reload.
[2018.09.19-14.04.00:622][255]LogHotReload: Re-instancing Inventory after hot-reload.
[2018.09.19-14.04.00:665][255]LogHotReload: Re-instancing Item after hot-reload.
[2018.09.19-14.04.00:707][255]LogHotReload: Re-instancing Knife after hot-reload.
[2018.09.19-14.04.00:746][255]LogHotReload: Re-instancing RangeWeapon after hot-reload.
[2018.09.19-14.04.00:792][255]LogHotReload: Re-instancing Weapon after hot-reload.
[2018.09.19-14.04.00:834][255]LogContentBrowser: Native class hierarchy updated for 'Survival' in 0.0004 seconds. Added 15 classes and 8 folders.
[2018.09.19-14.04.00:836][255]Display: HotReload successful (3 functions remapped  1 scriptstructs remapped)
[2018.09.19-14.04.00:952][255]LogContentBrowser: Native class hierarchy populated in 0.0078 seconds. Added 2588 classes and 613 folders.
[2018.09.19-14.04.00:952][255]Display: HotReload took 15.1s.
[2018.09.19-14.04.35:094][572]LogSlate: FSceneViewport::OnFocusLost() reason 0
[2018.09.19-14.04.36:421][696]Candidate modules for hot reload:
[2018.09.19-14.04.36:421][696]  Survival
[2018.09.19-14.04.36:421][696]Launching UnrealBuildTool... [D:/Unreal Engine/UE_4.20/Engine/Binaries/DotNET/UnrealBuildTool.exe  -ModuleWithSuffix=Survival,2226 Win64 DebugGame -TargetType=Editor -Project="../../../../../Dokumente/Github Repos/Survival/Survival/Survival.uproject" -canskiplink "D:/Dokumente/Github Repos/Survival/Survival/Survival.uproject" ]
[2018.09.19-14.04.36:423][696]Warning: Starting HotReload took  0.0s.
[2018.09.19-14.04.51:536][865]CompilerResultsLog: New page: Compilation - 19.09.2018 18:04:51
[2018.09.19-14.04.51:537][865]CompilerResultsLog: Using 'git status' to determine working set for adaptive non-unity build.
[2018.09.19-14.04.51:537][865]CompilerResultsLog: Compiling game modules for hot reload
[2018.09.19-14.04.51:537][865]CompilerResultsLog: Parsing headers for SurvivalEditor
[2018.09.19-14.04.51:537][865]CompilerResultsLog:   Running UnrealHeaderTool "D:\Dokumente\Github Repos\Survival\Survival\Survival.uproject" "D:\Dokumente\Github Repos\Survival\Survival\Intermediate\Build\Win64\SurvivalEditor\DebugGame\SurvivalEditor.uhtmanifest" -LogCmds="loginit warning, logexit warning, logdatabase error" -Unattended -WarningsAsErrors -installed
[2018.09.19-14.04.51:538][865]CompilerResultsLog: Reflection code generated for SurvivalEditor in 7,2055034 seconds
[2018.09.19-14.04.51:538][865]CompilerResultsLog: Distributing 8 actions to XGE
[2018.09.19-14.04.51:538][865]CompilerResultsLog: --------------------Build System Warning---------------------------------------
[2018.09.19-14.04.51:538][865]CompilerResultsLog: License is invalid:
[2018.09.19-14.04.51:539][865]CompilerResultsLog:     License information is invalid. Please try reloading your license file using the Coordinator Monitor application on the Coordinator machine, or reinstall IncrediBuild.
[2018.09.19-14.04.51:539][865]CompilerResultsLog:     This build will run in standalone mode.
[2018.09.19-14.04.51:539][865]CompilerResultsLog: 
[2018.09.19-14.04.51:539][865]CompilerResultsLog: -------------------------------------------------------------------------------
[2018.09.19-14.04.51:539][865]CompilerResultsLog: --------------------Project: Default-------------------------------------------
[2018.09.19-14.04.51:539][865]CompilerResultsLog: SurvivalCharacter.gen.cpp (0:00.81 at +0:00)
[2018.09.19-14.04.51:540][865]CompilerResultsLog: D:\Dokumente\Github Repos\Survival\Survival\Source\Survival/Character/SurvivalCharacter.h(139): warning C4263: 'void ASurvivalCharacter::Crouch(void)': member function does not override any base class virtual member function
[2018.09.19-14.04.51:540][865]CompilerResultsLog: D:\Dokumente\Github Repos\Survival\Survival\Source\Survival/Character/SurvivalCharacter.h(170): warning C4264: 'void ACharacter::Crouch(bool)': no override available for virtual member function from base 'ACharacter'; function is hidden
[2018.09.19-14.04.51:540][865]CompilerResultsLog: Runtime\Engine\Classes\GameFramework/Character.h(719): note: see declaration of 'ACharacter::Crouch'
[2018.09.19-14.04.51:540][865]CompilerResultsLog: Runtime\Engine\Classes\GameFramework/Character.h(210): note: see declaration of 'ACharacter'
[2018.09.19-14.04.51:541][865]CompilerResultsLog: D:\Dokumente\Github Repos\Survival\Survival\Source\Survival/Character/SurvivalCharacter.h(140): warning C4263: 'void ASurvivalCharacter::UnCrouch(void)': member function does not override any base class virtual member function
[2018.09.19-14.04.51:541][865]CompilerResultsLog: D:\Dokumente\Github Repos\Survival\Survival\Source\Survival/Character/SurvivalCharacter.h(170): warning C4264: 'void ACharacter::UnCrouch(bool)': no override available for virtual member function from base 'ACharacter'; function is hidden
[2018.09.19-14.04.51:541][865]CompilerResultsLog: Runtime\Engine\Classes\GameFramework/Character.h(728): note: see declaration of 'ACharacter::UnCrouch'
[2018.09.19-14.04.51:541][865]CompilerResultsLog: Runtime\Engine\Classes\GameFramework/Character.h(210): note: see declaration of 'ACharacter'
[2018.09.19-14.04.51:542][865]CompilerResultsLog: Survival.init.gen.cpp (0:00.54 at +0:00)
[2018.09.19-14.04.51:542][865]CompilerResultsLog: Inventory.gen.cpp (0:00.59 at +0:01)
[2018.09.19-14.04.51:542][865]CompilerResultsLog: Abilities.gen.cpp (0:00.59 at +0:01)
[2018.09.19-14.04.51:542][865]CompilerResultsLog: SurvivalCharacter.cpp (0:01.85 at +0:02)
[2018.09.19-14.04.51:542][865]CompilerResultsLog: d:\dokumente\github repos\survival\survival\source\survival\character\SurvivalCharacter.h(139): warning C4263: 'void ASurvivalCharacter::Crouch(void)': member function does not override any base class virtual member function
[2018.09.19-14.04.51:543][865]CompilerResultsLog: d:\dokumente\github repos\survival\survival\source\survival\character\SurvivalCharacter.h(170): warning C4264: 'void ACharacter::Crouch(bool)': no override available for virtual member function from base 'ACharacter'; function is hidden
[2018.09.19-14.04.51:543][865]CompilerResultsLog: D:\Unreal Engine\UE_4.20\Engine\Source\Runtime\Engine\Classes\GameFramework/Character.h(719): note: see declaration of 'ACharacter::Crouch'
[2018.09.19-14.04.51:543][865]CompilerResultsLog: D:\Unreal Engine\UE_4.20\Engine\Source\Runtime\Engine\Classes\GameFramework/Character.h(210): note: see declaration of 'ACharacter'
[2018.09.19-14.04.51:543][865]CompilerResultsLog: d:\dokumente\github repos\survival\survival\source\survival\character\SurvivalCharacter.h(140): warning C4263: 'void ASurvivalCharacter::UnCrouch(void)': member function does not override any base class virtual member function
[2018.09.19-14.04.51:543][865]CompilerResultsLog: d:\dokumente\github repos\survival\survival\source\survival\character\SurvivalCharacter.h(170): warning C4264: 'void ACharacter::UnCrouch(bool)': no override available for virtual member function from base 'ACharacter'; function is hidden
[2018.09.19-14.04.51:544][865]CompilerResultsLog: D:\Unreal Engine\UE_4.20\Engine\Source\Runtime\Engine\Classes\GameFramework/Character.h(728): note: see declaration of 'ACharacter::UnCrouch'
[2018.09.19-14.04.51:544][865]CompilerResultsLog: D:\Unreal Engine\UE_4.20\Engine\Source\Runtime\Engine\Classes\GameFramework/Character.h(210): note: see declaration of 'ACharacter'
[2018.09.19-14.04.51:544][865]CompilerResultsLog: Abilities.cpp (0:00.54 at +0:04)
[2018.09.19-14.04.51:544][865]CompilerResultsLog: UE4Editor-Survival-2226-Win64-DebugGame.dll (0:00.84 at +0:04)
[2018.09.19-14.04.51:544][865]CompilerResultsLog:    Creating library D:\Dokumente\Github Repos\Survival\Survival\Intermediate\Build\Win64\UE4Editor\DebugGame\Survival\UE4Editor-Survival-2226-Win64-DebugGame.suppressed.lib and object D:\Dokumente\Github Repos\Survival\Survival\Intermediate\Build\Win64\UE4Editor\DebugGame\Survival\UE4Editor-Survival-2226-Win64-DebugGame.suppressed.exp
[2018.09.19-14.04.51:545][865]CompilerResultsLog: UE4Editor-Survival-2226-Win64-DebugGame.lib (0:00.10 at +0:05)
[2018.09.19-14.04.51:545][865]CompilerResultsLog:    Creating library D:\Dokumente\Github Repos\Survival\Survival\Intermediate\Build\Win64\UE4Editor\DebugGame\Survival\UE4Editor-Survival-2226-Win64-DebugGame.lib and object D:\Dokumente\Github Repos\Survival\Survival\Intermediate\Build\Win64\UE4Editor\DebugGame\Survival\UE4Editor-Survival-2226-Win64-DebugGame.exp
[2018.09.19-14.04.51:545][865]CompilerResultsLog: ---------------------- Done ----------------------
[2018.09.19-14.04.51:545][865]CompilerResultsLog: 
[2018.09.19-14.04.51:545][865]CompilerResultsLog:     Rebuild All: 1 succeeded, 0 failed, 0 skipped
[2018.09.19-14.04.51:545][865]CompilerResultsLog: 
[2018.09.19-14.04.51:546][865]CompilerResultsLog: 1 build system warning(s):
[2018.09.19-14.04.51:546][865]CompilerResultsLog:    - License is invalid
[2018.09.19-14.04.51:546][865]CompilerResultsLog: 
[2018.09.19-14.04.51:546][865]CompilerResultsLog: Total build time: 14,54 seconds (XGE executor: 6,08 seconds)
[2018.09.19-14.04.51:546][865]LogMainFrame: MainFrame: Module compiling took 15.151 seconds
[2018.09.19-14.04.51:600][865]LogClass: Could not find existing class Abilities in package /Script/Survival for HotReload, assuming new class
