Log file open, 09/20/18 00:38:04
LogWindows: Failed to load 'aqProf.dll' (GetLastError=126)
LogWindows: File 'aqProf.dll' does not exist
LogWindows: Failed to load 'VtuneApi.dll' (GetLastError=126)
LogWindows: File 'VtuneApi.dll' does not exist
LogWindows: Failed to load 'VtuneApi32e.dll' (GetLastError=126)
LogWindows: File 'VtuneApi32e.dll' does not exist
LogInit: Display: Running engine for game: Survival
LogPlatformFile: Not using cached read wrapper
LogTaskGraph: Started task graph with 5 named threads and 23 total threads with 3 sets of task threads.
LogStats: Stats thread started at 0.445121
LogD3D11RHI: Loaded GFSDK_Aftermath_Lib.x64.dll
LogICUInternationalization: Display: ICU TimeZone Detection - Raw Offset: +1:00, Platform Override: ''
LogPluginManager: Mounting plugin Paper2D
LogPluginManager: Mounting plugin AISupport
LogPluginManager: Mounting plugin LightPropagationVolume
LogPluginManager: Mounting plugin CLionSourceCodeAccess
LogPluginManager: Mounting plugin CodeLiteSourceCodeAccess
LogPluginManager: Mounting plugin GitSourceControl
LogPluginManager: Mounting plugin KDevelopSourceCodeAccess
LogPluginManager: Mounting plugin NullSourceCodeAccess
LogPluginManager: Mounting plugin PerforceSourceControl
LogPluginManager: Mounting plugin SubversionSourceControl
LogPluginManager: Mounting plugin UObjectPlugin
LogPluginManager: Mounting plugin VisualStudioCodeSourceCodeAccess
LogPluginManager: Mounting plugin VisualStudioSourceCodeAccess
LogPluginManager: Mounting plugin XCodeSourceCodeAccess
LogPluginManager: Mounting plugin AssetManagerEditor
LogPluginManager: Mounting plugin CryptoKeys
LogPluginManager: Mounting plugin DataValidation
LogPluginManager: Mounting plugin FacialAnimation
LogPluginManager: Mounting plugin GameplayTagsEditor
LogPluginManager: Mounting plugin MacGraphicsSwitching
LogPluginManager: Mounting plugin MeshEditor
LogPluginManager: Mounting plugin MobileLauncherProfileWizard
LogPluginManager: Mounting plugin PluginBrowser
LogPluginManager: Mounting plugin SpeedTreeImporter
LogPluginManager: Mounting plugin DatasmithContent
LogPluginManager: Mounting plugin AlembicImporter
LogPluginManager: Mounting plugin AppleImageUtils
LogPluginManager: Mounting plugin AppleVision
LogPluginManager: Mounting plugin BackChannel
LogPluginManager: Mounting plugin CharacterAI
LogPluginManager: Mounting plugin GeometryCache
LogPluginManager: Mounting plugin HTML5Networking
LogPluginManager: Mounting plugin ProxyLODPlugin
LogPluginManager: Mounting plugin MagicLeap
LogPluginManager: Mounting plugin MagicLeapEmulator
LogPluginManager: Mounting plugin MagicLeapMedia
LogPluginManager: Mounting plugin AndroidMedia
LogPluginManager: Mounting plugin AvfMedia
LogPluginManager: Mounting plugin ImgMedia
LogPluginManager: Mounting plugin LinearTimecode
LogPluginManager: Mounting plugin MediaCompositing
LogPluginManager: Mounting plugin MediaPlayerEditor
LogPluginManager: Mounting plugin WmfMedia
LogPluginManager: Mounting plugin TcpMessaging
LogPluginManager: Mounting plugin UdpMessaging
LogPluginManager: Mounting plugin ActorSequence
LogPluginManager: Mounting plugin LevelSequenceEditor
LogPluginManager: Mounting plugin MatineeToLevelSequence
LogPluginManager: Mounting plugin NetcodeUnitTest
LogPluginManager: Mounting plugin NUTUnrealEngine4
LogPluginManager: Mounting plugin OnlineSubsystemGooglePlay
LogPluginManager: Mounting plugin OnlineSubsystemIOS
LogPluginManager: Mounting plugin OnlineSubsystem
LogPluginManager: Mounting plugin OnlineSubsystemNull
LogPluginManager: Mounting plugin OnlineSubsystemUtils
LogPluginManager: Mounting plugin LauncherChunkInstaller
LogPluginManager: Mounting plugin AndroidDeviceProfileSelector
LogPluginManager: Mounting plugin AndroidMoviePlayer
LogPluginManager: Mounting plugin AndroidPermission
LogPluginManager: Mounting plugin AppleMoviePlayer
LogPluginManager: Mounting plugin ArchVisCharacter
LogPluginManager: Mounting plugin AudioCapture
LogPluginManager: Mounting plugin CableComponent
LogPluginManager: Mounting plugin CustomMeshComponent
LogPluginManager: Mounting plugin EditableMesh
LogPluginManager: Mounting plugin ExampleDeviceProfileSelector
LogPluginManager: Mounting plugin GoogleCloudMessaging
LogPluginManager: Mounting plugin ImmediatePhysics
LogPluginManager: Mounting plugin IOSDeviceProfileSelector
LogPluginManager: Mounting plugin LinuxDeviceProfileSelector
LogPluginManager: Mounting plugin LocationServicesBPLibrary
LogPluginManager: Mounting plugin MobilePatchingUtils
LogPluginManager: Mounting plugin OculusVR
LogPluginManager: Plugin shader directory ../../../Engine/Plugins/Runtime/Oculus/OculusVR/Shaders found
LogPluginManager: Mapping shader source directory ../../../Engine/Plugins/Runtime/Oculus/OculusVR/Shaders to virtual directory /Plugin/OculusVR
LogPluginManager: Mounting plugin PhysXVehicles
LogPluginManager: Mounting plugin ProceduralMeshComponent
LogPluginManager: Mounting plugin RuntimePhysXCooking
LogPluginManager: Mounting plugin SteamVR
LogPluginManager: Mounting plugin WindowsMoviePlayer
LogStreaming: Display: Took  0.126s to configure plugins.
LogInit: Using libcurl 7.55.1-DEV
LogInit:  - built for x86_64-pc-win32
LogInit:  - supports SSL with OpenSSL/1.0.2h
LogInit:  - supports HTTP deflate (compression) using libz 1.2.8
LogInit:  - other features:
LogInit:      CURL_VERSION_SSL
LogInit:      CURL_VERSION_LIBZ
LogInit:      CURL_VERSION_IPV6
LogInit:      CURL_VERSION_ASYNCHDNS
LogInit:      CURL_VERSION_LARGEFILE
LogInit:      CURL_VERSION_IDN
LogInit:  CurlRequestOptions (configurable via config and command line):
LogInit:  - bVerifyPeer = false  - Libcurl will NOT verify peer certificate
LogInit:  - bUseHttpProxy = false  - Libcurl will NOT use HTTP proxy
LogInit:  - bDontReuseConnections = false  - Libcurl will reuse connections
LogInit:  - CertBundlePath = nullptr  - Libcurl will use whatever was configured at build time.
LogInit:  - MaxHostConnections = 16  - Libcurl will limit the number of connections to a host
LogInit:  - LocalHostAddr = Default
LogInit:  - BufferSize = 65536
LogInit: WinSock: version 1.1 (2.2), MaxSocks=32767, MaxUdp=65467
LogInit: Build: ++UE4+Release-4.20-CL-4369336
LogInit: Engine Version: 4.20.3-4369336+++UE4+Release-4.20
LogInit: Compatible Engine Version: 4.20.0-4212847+++UE4+Release-4.20
LogInit: Net CL: 4212847
LogInit: OS: Windows 10 (), CPU: Intel(R) Core(TM) i7-6700K CPU @ 4.00GHz, GPU: NVIDIA GeForce GTX 1070
LogInit: Compiled (64-bit): Sep 17 2018 12:26:19
LogInit: Compiled with Visual C++: 19.13.26129.00
LogInit: Build Configuration: DebugGame
LogInit: Branch Name: ++UE4+Release-4.20
LogInit: Command Line:  -skipcompile -debug
LogInit: Base Directory: D:/Unreal Engine/UE_4.20/Engine/Binaries/Win64/
LogInit: Installed Engine Build: 1
LogDevObjectVersion: Number of dev versions registered: 20
LogDevObjectVersion:   Dev-Blueprints (B0D832E4-1F89-4F0D-ACCF-7EB736FD4AA2): 10
LogDevObjectVersion:   Dev-Build (E1C64328-A22C-4D53-A36C-8E866417BD8C): 0
LogDevObjectVersion:   Dev-Core (375EC13C-06E4-48FB-B500-84F0262A717E): 2
LogDevObjectVersion:   Dev-Editor (E4B068ED-F494-42E9-A231-DA0B2E46BB41): 24
LogDevObjectVersion:   Dev-Framework (CFFC743F-43B0-4480-9391-14DF171D2073): 34
LogDevObjectVersion:   Dev-Mobile (B02B49B5-BB20-44E9-A304-32B752E40360): 2
LogDevObjectVersion:   Dev-Networking (A4E4105C-59A1-49B5-A7C5-40C4547EDFEE): 0
LogDevObjectVersion:   Dev-Online (39C831C9-5AE6-47DC-9A44-9C173E1C8E7C): 0
LogDevObjectVersion:   Dev-Physics (78F01B33-EBEA-4F98-B9B4-84EACCB95AA2): 0
LogDevObjectVersion:   Dev-Platform (6631380F-2D4D-43E0-8009-CF276956A95A): 0
LogDevObjectVersion:   Dev-Rendering (12F88B9F-8875-4AFC-A67C-D90C383ABD29): 26
LogDevObjectVersion:   Dev-Sequencer (7B5AE74C-D270-4C10-A958-57980B212A5A): 9
LogDevObjectVersion:   Dev-VR (D7296918-1DD6-4BDD-9DE2-64A83CC13884): 2
LogDevObjectVersion:   Dev-LoadTimes (C2A15278-BFE7-4AFE-6C17-90FF531DF755): 1
LogDevObjectVersion:   Private-Geometry (6EACA3D4-40EC-4CC1-B786-8BED09428FC5): 3
LogDevObjectVersion:   Dev-AnimPhys (29E575DD-E0A3-4627-9D10-D276232CDCEA): 17
LogDevObjectVersion:   Dev-ReflectionCapture (6B266CEC-1EC7-4B8F-A30B-E4D90942FC07): 1
LogDevObjectVersion:   Dev-Automation (0DF73D61-A23F-47EA-B727-89E90C41499A): 1
LogDevObjectVersion:   FortniteMain (601D1886-AC64-4F84-AA16-D3DE0DEAC7D6): 12
LogDevObjectVersion:   Dev-Enterprise (9DFFBCD6-494F-0158-E221-12823C92A888): 1
LogStreaming: Display: Took  0.003s to delete old logs.
LogInit: Presizing for max 8388607 objects, including 0 objects not considered by GC, pre-allocating 0 bytes for permanent pool.
LogInit: Object subsystem initialized
[2018.09.19-22.38.05:277][  0]LogInit: Selected Device Profile: [Windows]
[2018.09.19-22.38.05:277][  0]LogInit: Applying CVar settings loaded from the selected device profile: [Windows]
[2018.09.19-22.38.05:291][  0]LogHAL: Display: Platform has ~ 16 GB [17117310976 / 17179869184 / 16], which maps to Larger [LargestMinGB=32, LargerMinGB=12, DefaultMinGB=8, SmallerMinGB=6, SmallestMinGB=0)
[2018.09.19-22.38.05:292][  0]LogInit: Setting Device Profile CVar: [[r.Vulkan.UseRealUBs:1]]
[2018.09.19-22.38.05:292][  0]LogInit: Going up to parent DeviceProfile []
[2018.09.19-22.38.05:292][  0]LogInit: Computer: DESKTOP-FTI3JJM
[2018.09.19-22.38.05:292][  0]LogInit: User: Kscha
[2018.09.19-22.38.05:292][  0]LogInit: CPU Page size=4096, Cores=4
[2018.09.19-22.38.05:292][  0]LogInit: High frequency timer resolution =3.914065 MHz
[2018.09.19-22.38.05:292][  0]LogMemory: Memory total: Physical=15.9GB (16GB approx)
[2018.09.19-22.38.05:292][  0]LogMemory: Platform Memory Stats for Windows
[2018.09.19-22.38.05:293][  0]LogMemory: Process Physical Memory: 101.38 MB used, 101.38 MB peak
[2018.09.19-22.38.05:293][  0]LogMemory: Process Virtual Memory: 91.09 MB used, 91.09 MB peak
[2018.09.19-22.38.05:293][  0]LogMemory: Physical Memory: 9308.31 MB used,  7016.03 MB free, 16324.34 MB total
[2018.09.19-22.38.05:293][  0]LogMemory: Virtual Memory: 4645.13 MB used,  7016.03 MB free, 134217728.00 MB total
[2018.09.19-22.38.05:381][  0]LogInit: Using OS detected language (de-DE).
[2018.09.19-22.38.05:381][  0]LogInit: Using OS detected locale (de-DE).
[2018.09.19-22.38.05:381][  0]LogTextLocalizationManager: No specific localization for 'de-DE' exists, so the 'de' localization will be used.
[2018.09.19-22.38.05:382][  0]LogStreaming: Display: Took  0.002s to InitEngineTextLocalization.
[2018.09.19-22.38.05:382][  0]LogInit: Setting process to per monitor DPI aware
[2018.09.19-22.38.05:437][  0]LogSlate: New Slate User Created.  User Index 0, Is Virtual User: 0
[2018.09.19-22.38.05:437][  0]LogSlate: Slate User Registered.  User Index 0, Is Virtual User: 0
[2018.09.19-22.38.05:591][  0]LogHMD: Failed to initialize OpenVR with code 110
[2018.09.19-22.38.05:591][  0]LogD3D11RHI: D3D11 adapters:
[2018.09.19-22.38.05:649][  0]LogD3D11RHI:    0. 'NVIDIA GeForce GTX 1070' (Feature Level 11_0)
[2018.09.19-22.38.05:649][  0]LogD3D11RHI:       8088/0/8162 MB DedicatedVideo/DedicatedSystem/SharedSystem, Outputs:3, VendorId:0x10de
[2018.09.19-22.38.05:653][  0]LogD3D11RHI:    1. 'Microsoft Basic Render Driver' (Feature Level 11_0)
[2018.09.19-22.38.05:653][  0]LogD3D11RHI:       0/0/8162 MB DedicatedVideo/DedicatedSystem/SharedSystem, Outputs:0, VendorId:0x1414
[2018.09.19-22.38.05:653][  0]LogD3D11RHI: Chosen D3D11 Adapter: 0
[2018.09.19-22.38.05:660][  0]LogD3D11RHI: Creating new Direct3DDevice
[2018.09.19-22.38.05:661][  0]LogD3D11RHI:     GPU DeviceId: 0x1b81 (for the marketing name, search the web for "GPU Device Id")
[2018.09.19-22.38.05:661][  0]LogWindows: EnumDisplayDevices:
[2018.09.19-22.38.05:661][  0]LogWindows:    0. 'NVIDIA GeForce GTX 1070' (P:0 D:1)
[2018.09.19-22.38.05:661][  0]LogWindows:    1. 'NVIDIA GeForce GTX 1070' (P:0 D:1)
[2018.09.19-22.38.05:661][  0]LogWindows:    2. 'NVIDIA GeForce GTX 1070' (P:1 D:1)
[2018.09.19-22.38.05:661][  0]LogWindows:    3. 'NVIDIA GeForce GTX 1070' (P:0 D:0)
[2018.09.19-22.38.05:661][  0]LogWindows: DebugString: FoundDriverCount:4 
[2018.09.19-22.38.05:662][  0]LogD3D11RHI:     Adapter Name: NVIDIA GeForce GTX 1070
[2018.09.19-22.38.05:662][  0]LogD3D11RHI:   Driver Version: 399.24 (internal:24.21.13.9924, unified:399.24)
[2018.09.19-22.38.05:662][  0]LogD3D11RHI:      Driver Date: 9-5-2018
[2018.09.19-22.38.05:662][  0]LogRHI: Texture pool is 5661 MB (70% of 8088 MB)
[2018.09.19-22.38.05:696][  0]LogD3D11RHI: Async texture creation enabled
[2018.09.19-22.38.05:724][  0]LogD3D11RHI: GPU Timing Frequency: 1000.000000 (Debug: 2 2)
[2018.09.19-22.38.05:818][  0]LogShaderCompilers: Guid format shader working directory is -9 characters bigger than the processId version (../../../../../Dokumente/Github Repos/Survival/Survival/Intermediate/Shaders/WorkingDirectory/2412/).
[2018.09.19-22.38.05:822][  0]LogShaderCompilers: Cleaned the shader compiler working directory 'C:/Users/Kscha/AppData/Local/Temp/UnrealShaderWorkingDir/51899CFE4A095E1318A68293732ABC7F/'.
[2018.09.19-22.38.06:055][  0]LogTemp: Display: Loaded TP AllDesktopTargetPlatform
[2018.09.19-22.38.06:069][  0]LogTemp: Display: Loaded TP MacClientTargetPlatform
[2018.09.19-22.38.06:081][  0]LogTemp: Display: Loaded TP MacNoEditorTargetPlatform
[2018.09.19-22.38.06:096][  0]LogTemp: Display: Loaded TP MacServerTargetPlatform
[2018.09.19-22.38.06:108][  0]LogTemp: Display: Loaded TP MacTargetPlatform
[2018.09.19-22.38.06:120][  0]LogTemp: Display: Loaded TP WindowsClientTargetPlatform
[2018.09.19-22.38.06:140][  0]LogTemp: Display: Loaded TP WindowsNoEditorTargetPlatform
[2018.09.19-22.38.06:153][  0]LogTemp: Display: Loaded TP WindowsServerTargetPlatform
[2018.09.19-22.38.06:159][  0]LogTemp: Display: Loaded TP WindowsTargetPlatform
[2018.09.19-22.38.06:235][  0]LogTemp: Display: Loaded TP AndroidTargetPlatform
[2018.09.19-22.38.06:235][  0]LogTemp: Display: Loaded TP AndroidTargetPlatform
[2018.09.19-22.38.06:235][  0]LogTemp: Display: Loaded TP AndroidTargetPlatform
[2018.09.19-22.38.06:235][  0]LogTemp: Display: Loaded TP AndroidTargetPlatform
[2018.09.19-22.38.06:235][  0]LogTemp: Display: Loaded TP AndroidTargetPlatform
[2018.09.19-22.38.06:235][  0]LogTemp: Display: Loaded TP AndroidTargetPlatform
[2018.09.19-22.38.06:235][  0]LogTemp: Display: Loaded TP AndroidTargetPlatform
[2018.09.19-22.38.06:235][  0]LogTemp: Display: Loaded TP AndroidTargetPlatform
[2018.09.19-22.38.06:235][  0]LogTemp: Display: Loaded TP AndroidTargetPlatform
[2018.09.19-22.38.06:235][  0]LogTemp: Display: Loaded TP AndroidTargetPlatform
[2018.09.19-22.38.06:235][  0]LogTemp: Display: Loaded TP AndroidTargetPlatform
[2018.09.19-22.38.06:236][  0]LogTemp: Display: Loaded TP AndroidTargetPlatform
[2018.09.19-22.38.06:236][  0]LogTemp: Display: Loaded TP AndroidTargetPlatform
[2018.09.19-22.38.06:236][  0]LogTemp: Display: Loaded TP AndroidTargetPlatform
[2018.09.19-22.38.06:236][  0]LogTemp: Display: Loaded TP AndroidTargetPlatform
[2018.09.19-22.38.06:236][  0]LogTemp: Display: Loaded TP AndroidTargetPlatform
[2018.09.19-22.38.06:236][  0]LogTemp: Display: Loaded TP AndroidTargetPlatform
[2018.09.19-22.38.06:236][  0]LogTemp: Display: Loaded TP AndroidTargetPlatform
[2018.09.19-22.38.06:240][  0]LogTemp: Display: Loaded TP HTML5TargetPlatform
[2018.09.19-22.38.06:305][  0]LogTemp: Display: Loaded TP IOSTargetPlatform
[2018.09.19-22.38.06:305][  0]LogTemp: Display: Loaded TP IOSTargetPlatform
[2018.09.19-22.38.06:329][  0]LogTemp: Display: Loaded TP TVOSTargetPlatform
[2018.09.19-22.38.06:329][  0]LogTemp: Display: Loaded TP TVOSTargetPlatform
[2018.09.19-22.38.06:341][  0]LogTemp: Display: Loaded TP LinuxClientTargetPlatform
[2018.09.19-22.38.06:352][  0]LogTemp: Display: Loaded TP LinuxNoEditorTargetPlatform
[2018.09.19-22.38.06:364][  0]LogTemp: Display: Loaded TP LinuxServerTargetPlatform
[2018.09.19-22.38.06:376][  0]LogTemp: Display: Loaded TP LinuxTargetPlatform
[2018.09.19-22.38.06:386][  0]LogTemp: Display: Loaded TP LuminTargetPlatform
[2018.09.19-22.38.06:386][  0]LogTargetPlatformManager: Display: Building Assets For Windows
[2018.09.19-22.38.06:466][  0]LogXGEController: Cleaning working directory: C:/Users/Kscha/AppData/Local/Temp/UnrealXGEWorkingDir/
[2018.09.19-22.38.06:466][  0]LogXGEController: Cannot use XGE Controller as Incredibuild is not installed on this machine.
[2018.09.19-22.38.06:466][  0]LogShaderCompilers: Cannot use XGE Shader Compiler as Incredibuild is not installed on this machine.
[2018.09.19-22.38.06:466][  0]LogShaderCompilers: Display: Using Local Shader Compiler.
[2018.09.19-22.38.07:098][  0]LogDerivedDataCache: Display: Max Cache Size: 512 MB
[2018.09.19-22.38.07:149][  0]LogDerivedDataCache: Loaded boot cache 0.05s 73MB C:/Users/Kscha/AppData/Local/UnrealEngine/4.20/DerivedDataCache/Boot.ddc.
[2018.09.19-22.38.07:149][  0]LogDerivedDataCache: Display: Loaded Boot cache: C:/Users/Kscha/AppData/Local/UnrealEngine/4.20/DerivedDataCache/Boot.ddc
[2018.09.19-22.38.07:149][  0]LogDerivedDataCache: FDerivedDataBackendGraph:  Pak pak cache file ../../../../../Dokumente/Github Repos/Survival/Survival/DerivedDataCache/DDC.ddp not found, will not use a pak cache.
[2018.09.19-22.38.07:149][  0]LogDerivedDataCache: Unable to find inner node Pak for hierarchical cache Hierarchy.
[2018.09.19-22.38.07:149][  0]LogDerivedDataCache: FDerivedDataBackendGraph:  CompressedPak pak cache file ../../../../../Dokumente/Github Repos/Survival/Survival/DerivedDataCache/Compressed.ddp not found, will not use a pak cache.
[2018.09.19-22.38.07:150][  0]LogDerivedDataCache: Unable to find inner node CompressedPak for hierarchical cache Hierarchy.
[2018.09.19-22.38.07:162][  0]LogDerivedDataCache: Display: Pak cache opened for reading ../../../Engine/DerivedDataCache/Compressed.ddp.
[2018.09.19-22.38.07:174][  0]LogDerivedDataCache: Using Local data cache path C:/Users/Kscha/AppData/Local/UnrealEngine/Common/DerivedDataCache: Writable
[2018.09.19-22.38.07:174][  0]LogDerivedDataCache: Shared data cache path not found in *engine.ini, will not use an Shared cache.
[2018.09.19-22.38.07:174][  0]LogDerivedDataCache: Unable to find inner node Shared for hierarchical cache Hierarchy.
[2018.09.19-22.38.07:189][  0]LogMaterial: Verifying Global Shaders for PCD3D_SM5
[2018.09.19-22.38.07:189][  0]LogSlate: Using FreeType 2.6.0
[2018.09.19-22.38.07:190][  0]LogSlate: SlateFontServices - WITH_FREETYPE: 1, WITH_HARFBUZZ: 1
[2018.09.19-22.38.07:256][  0]LogAssetRegistry: FAssetRegistry took 0.0279 seconds to start up
[2018.09.19-22.38.07:566][  0]LogInit: Selected Device Profile: [Windows]
[2018.09.19-22.38.07:705][  0]LogSimplygon: Simplygon DLL not present - disabling.
[2018.09.19-22.38.07:711][  0]LogMeshReduction: Using SimplygonSwarm for distributed automatic mesh merging
[2018.09.19-22.38.07:711][  0]LogMeshReduction: Using ProxyLODMeshReduction for automatic mesh merging
[2018.09.19-22.38.07:711][  0]LogMeshReduction: Using QuadricMeshReduction for automatic static mesh reduction
[2018.09.19-22.38.07:711][  0]LogMeshReduction: No automatic skeletal mesh reduction module available
[2018.09.19-22.38.07:745][  0]LogNetVersion: Survival 1.0.0, NetCL: 4212847, EngineNetVer: 5, GameNetVer: 0 (Checksum: 2571501108)
[2018.09.19-22.38.08:304][  0]LogPackageLocalizationCache: Processed 11 localized package path(s) for 2 prioritized culture(s) in 0.149783 seconds
[2018.09.19-22.38.08:313][  0]LogUObjectArray: 38425 objects as part of root set at end of initial load.
[2018.09.19-22.38.08:313][  0]LogUObjectAllocator: 6690872 out of 0 bytes used by permanent object pool.
[2018.09.19-22.38.08:313][  0]LogUObjectArray: CloseDisregardForGC: 0/0 objects in disregard for GC pool
[2018.09.19-22.38.09:221][  0]LogTcpMessaging: Initializing TcpMessaging bridge
[2018.09.19-22.38.09:237][  0]LogUdpMessaging: Initializing bridge on interface 0.0.0.0:0 to multicast group 230.0.0.1:6666.
[2018.09.19-22.38.09:590][  0]SourceControl: Source control is disabled
[2018.09.19-22.38.09:591][  0]SourceControl: Source control is disabled
[2018.09.19-22.38.09:593][  0]SourceControl: Source control is disabled
[2018.09.19-22.38.09:596][  0]SourceControl: Source control is disabled
[2018.09.19-22.38.09:839][  0]LogAndroidPermission: UAndroidPermissionCallbackProxy::GetInstance
[2018.09.19-22.38.09:982][  0]LogOcInput: OculusInput pre-init called
[2018.09.19-22.38.10:047][  0]LogEngine: Initializing Engine...
[2018.09.19-22.38.10:047][  0]LogHMD: Failed to initialize OpenVR with code 110
[2018.09.19-22.38.10:049][  0]LogStats: UGameplayTagsManager::ConstructGameplayTagTree: ImportINI prefixes -  0.000 s
[2018.09.19-22.38.10:049][  0]LogStats: UGameplayTagsManager::ConstructGameplayTagTree: Construct from data asset -  0.000 s
[2018.09.19-22.38.10:049][  0]LogStats: UGameplayTagsManager::ConstructGameplayTagTree: ImportINI -  0.000 s
[2018.09.19-22.38.10:049][  0]LogStats: UGameplayTagsManager::ConstructGameplayTagTree: GameplayTagTreeChangedEvent.Broadcast -  0.000 s
[2018.09.19-22.38.10:233][  0]LogInit: Initializing FReadOnlyCVARCache
[2018.09.19-22.38.10:246][  0]LogAIModule: Creating AISystem for world Untitled
[2018.09.19-22.38.10:322][  0]LogInit: XAudio2 using 'Lautsprecher (Realtek High Definition Audio)' : 2 channels at 48 kHz using 32 bits per sample (channel mask 0x3)
[2018.09.19-22.38.10:358][  0]LogInit: FAudioDevice initialized.
[2018.09.19-22.38.10:358][  0]LogNetVersion: Set ProjectVersion to 1.0.0.0. Version Checksum will be recalculated on next use.
[2018.09.19-22.38.10:427][  0]LogDerivedDataCache: Saved boot cache 0.07s 73MB C:/Users/Kscha/AppData/Local/UnrealEngine/4.20/DerivedDataCache/Boot.ddc.
[2018.09.19-22.38.10:434][  0]LogInit: Texture streaming: Enabled
[2018.09.19-22.38.10:455][  0]LogEngineSessionManager: EngineSessionManager initialized
[2018.09.19-22.38.10:462][  0]LogInit: Transaction tracking system initialized
[2018.09.19-22.38.10:487][  0]BlueprintLog: New page: Editor Load
[2018.09.19-22.38.10:673][  0]LocalizationService: Localization service is disabled
[2018.09.19-22.38.10:930][  0]LogCook: Display: Max memory allowance for cook 16384mb min free memory 0mb
[2018.09.19-22.38.10:930][  0]LogCook: Display: Mobile HDR setting 1
[2018.09.19-22.38.10:930][  0]LogGameplayTags: Display: UGameplayTagsManager::DoneAddingNativeTags. DelegateIsBound: 0
[2018.09.19-22.38.10:930][  0]LogStats: UGameplayTagsManager::ConstructGameplayTagTree: ImportINI prefixes -  0.000 s
[2018.09.19-22.38.10:930][  0]LogStats: UGameplayTagsManager::ConstructGameplayTagTree: Construct from data asset -  0.000 s
[2018.09.19-22.38.10:931][  0]LogStats: UGameplayTagsManager::ConstructGameplayTagTree: ImportINI -  0.000 s
[2018.09.19-22.38.10:931][  0]LogStats: UGameplayTagsManager::ConstructGameplayTagTree: GameplayTagTreeChangedEvent.Broadcast -  0.000 s
[2018.09.19-22.38.11:064][  0]LogFileCache: Scanning file cache for directory 'D:/Dokumente/Github Repos/Survival/Survival/Content/' took 0.01s
[2018.09.19-22.38.11:064][  0]SourceControl: Source control is disabled
[2018.09.19-22.38.11:064][  0]Cmd: MAP LOAD FILE="../../../../../Dokumente/Github Repos/Survival/Survival/Content/FirstPersonCPP/Maps/FirstPersonExampleMap.umap" TEMPLATE=0 SHOWPROGRESS=1 FEATURELEVEL=3
[2018.09.19-22.38.11:065][  0]LightingResults: New page: Lighting Build
[2018.09.19-22.38.11:066][  0]MapCheck: New page: Map Check
[2018.09.19-22.38.11:066][  0]LightingResults: New page: Lighting Build
[2018.09.19-22.38.11:235][  0]LogAIModule: Creating AISystem for world FirstPersonExampleMap
[2018.09.19-22.38.11:244][  0]LogEditorServer: Finished looking for orphan Actors (0.000 secs)
[2018.09.19-22.38.11:264][  0]Cmd: MAP CHECKDEP NOCLEARLOG
[2018.09.19-22.38.11:304][  0]MapCheck: Map check complete: 0 Error(s), 0 Warning(s), took 39,907ms to complete.
[2018.09.19-22.38.11:304][  0]LogFileHelpers: Loading map 'FirstPersonExampleMap' took 0.239
[2018.09.19-22.38.11:491][  0]LogSlate: Updating window title bar state: overlay mode, drag disabled, window buttons hidden, title bar hidden
[2018.09.19-22.38.11:500][  0]LogSlate: Updating window title bar state: overlay mode, drag disabled, window buttons hidden, title bar hidden
[2018.09.19-22.38.11:506][  0]LogSlate: Updating window title bar state: overlay mode, drag disabled, window buttons hidden, title bar hidden
[2018.09.19-22.38.11:515][  0]LogSlate: Updating window title bar state: overlay mode, drag disabled, window buttons hidden, title bar hidden
[2018.09.19-22.38.11:521][  0]LogCollectionManager: Loaded 0 collections in 0.000911 seconds
[2018.09.19-22.38.11:582][  0]LogFileCache: Scanning file cache for directory 'D:/Dokumente/Github Repos/Survival/Survival/Saved/Collections/' took 0.01s
[2018.09.19-22.38.11:582][  0]LogFileCache: Scanning file cache for directory 'D:/Dokumente/Github Repos/Survival/Survival/Content/Developers/Kscha/Collections/' took 0.01s
[2018.09.19-22.38.11:582][  0]LogFileCache: Scanning file cache for directory 'D:/Dokumente/Github Repos/Survival/Survival/Content/Collections/' took 0.01s
[2018.09.19-22.38.11:582][  0]LogCollectionManager: Rebuilt the GUID cache for 0 collections in 0.000000 seconds
[2018.09.19-22.38.11:590][  0]LogContentBrowser: Native class hierarchy populated in 0.0077 seconds. Added 2587 classes and 612 folders.
[2018.09.19-22.38.11:594][  0]LogContentBrowser: Native class hierarchy updated for 'WidgetCarousel' in 0.0003 seconds. Added 0 classes and 0 folders.
[2018.09.19-22.38.11:620][  0]LogContentBrowser: Native class hierarchy updated for 'AddContentDialog' in 0.0003 seconds. Added 0 classes and 0 folders.
[2018.09.19-22.38.11:649][  0]LogContentBrowser: Native class hierarchy updated for 'SceneOutliner' in 0.0003 seconds. Added 1 classes and 2 folders.
[2018.09.19-22.38.11:661][  0]LogSlate: Took 0.000146 seconds to synchronously load lazily loaded font '../../../Engine/Content/Slate/Fonts/Roboto-Regular.ttf' (155K)
[2018.09.19-22.38.11:663][  0]LogSlate: Took 0.000191 seconds to synchronously load lazily loaded font '../../../Engine/Content/Slate/Fonts/Roboto-Bold.ttf' (160K)
[2018.09.19-22.38.11:669][  0]LogSlate: Took 0.000183 seconds to synchronously load lazily loaded font '../../../Engine/Content/Editor/Slate/Fonts/FontAwesome.ttf' (139K)
[2018.09.19-22.38.11:740][  0]LogRenderer: Reallocating scene render targets to support 1208x576 Format 10 NumSamples 1 (Frame:1).
[2018.09.19-22.38.11:887][  0]LogContentBrowser: Native class hierarchy updated for 'HierarchicalLODOutliner' in 0.0004 seconds. Added 0 classes and 0 folders.
[2018.09.19-22.38.11:887][  0]LogLoad: (Engine Initialization) Total time: 8.18 seconds
[2018.09.19-22.38.11:887][  0]LogLoad: (Engine Initialization) Total Blueprint compile time: 0.00 seconds
[2018.09.19-22.38.11:898][  0]LogWindowsTextInputMethodSystem: Display: IME system now deactivated.
[2018.09.19-22.38.11:919][  0]LogContentStreaming: Texture pool size now 1000 MB
[2018.09.19-22.38.11:980][  1]LogAssetRegistry: Asset discovery search completed in 4.7481 seconds
[2018.09.19-22.38.11:982][  1]LogCollectionManager: Rebuilt the object cache for 0 collections in 0.000000 seconds (found 0 objects)
[2018.09.19-22.38.11:982][  1]LogCollectionManager: Fixed up redirectors for 0 collections in 0.000124 seconds (updated 0 objects)
[2018.09.19-22.38.14:116][245]LogSlate: FSceneViewport::OnFocusLost() reason 0
[2018.09.19-22.38.15:262][370]LogSlate: Took 0.000152 seconds to synchronously load lazily loaded font '../../../Engine/Content/Slate/Fonts/Roboto-Light.ttf' (167K)
[2018.09.19-22.38.18:867][774]LogSlate: Took 0.000132 seconds to synchronously load lazily loaded font '../../../Engine/Content/Slate/Fonts/Roboto-Light.ttf' (167K)
[2018.09.19-22.38.18:906][774]LogSlate: Took 0.000185 seconds to synchronously load lazily loaded font '../../../Engine/Content/Slate/Fonts/Roboto-BoldCondensed.ttf' (158K)
[2018.09.19-22.38.58:820][422]Running D:/Unreal Engine/UE_4.20/Engine/Binaries/DotNET/UnrealBuildTool.exe Win64 DebugGame -TargetType=Editor -Project="D:/Dokumente/Github Repos/Survival/Survival/Survival.uproject" -invalidatemakefilesonly
[2018.09.19-22.38.59:329][422]Invalidating makefiles only in this run.
[2018.09.19-22.38.59:469][422]Candidate modules for hot reload:
[2018.09.19-22.38.59:469][422]  Survival
[2018.09.19-22.38.59:469][422]Launching UnrealBuildTool... [D:/Unreal Engine/UE_4.20/Engine/Binaries/DotNET/UnrealBuildTool.exe  -ModuleWithSuffix=Survival,4657 Win64 DebugGame -TargetType=Editor -Project="../../../../../Dokumente/Github Repos/Survival/Survival/Survival.uproject" -canskiplink "D:/Dokumente/Github Repos/Survival/Survival/Survival.uproject" ]
[2018.09.19-22.39.15:893][422]CompilerResultsLog: New page: Compilation - 20.09.2018 02:39:15
[2018.09.19-22.39.15:893][422]CompilerResultsLog: Using 'git status' to determine working set for adaptive non-unity build.
[2018.09.19-22.39.15:893][422]CompilerResultsLog: Creating makefile for hot reloading SurvivalEditor (no existing makefile)
[2018.09.19-22.39.15:893][422]CompilerResultsLog: Compiling game modules for hot reload
[2018.09.19-22.39.15:893][422]CompilerResultsLog: Using Visual Studio 2017 14.15.26726 toolchain (C:\Program Files (x86)\Microsoft Visual Studio\2017\Community\VC\Tools\MSVC\14.15.26726) and Windows 10.0.16299.0 SDK (C:\Program Files (x86)\Windows Kits\10).
[2018.09.19-22.39.15:893][422]CompilerResultsLog: Parsing headers for SurvivalEditor
[2018.09.19-22.39.15:893][422]CompilerResultsLog:   Running UnrealHeaderTool "D:\Dokumente\Github Repos\Survival\Survival\Survival.uproject" "D:\Dokumente\Github Repos\Survival\Survival\Intermediate\Build\Win64\SurvivalEditor\DebugGame\SurvivalEditor.uhtmanifest" -LogCmds="loginit warning, logexit warning, logdatabase error" -Unattended -WarningsAsErrors -installed
[2018.09.19-22.39.15:893][422]CompilerResultsLog: Reflection code generated for SurvivalEditor in 8,721804 seconds
[2018.09.19-22.39.15:894][422]CompilerResultsLog: Distributing 5 actions to XGE
[2018.09.19-22.39.15:894][422]CompilerResultsLog: --------------------Build System Warning---------------------------------------
[2018.09.19-22.39.15:894][422]CompilerResultsLog: License is invalid:
[2018.09.19-22.39.15:894][422]CompilerResultsLog:     License information is invalid. Please try reloading your license file using the Coordinator Monitor application on the Coordinator machine, or reinstall IncrediBuild.
[2018.09.19-22.39.15:894][422]CompilerResultsLog:     This build will run in standalone mode.
[2018.09.19-22.39.15:894][422]CompilerResultsLog: 
[2018.09.19-22.39.15:894][422]CompilerResultsLog: -------------------------------------------------------------------------------
[2018.09.19-22.39.15:894][422]CompilerResultsLog: --------------------Project: Default-------------------------------------------
[2018.09.19-22.39.15:894][422]CompilerResultsLog: Survival.init.gen.cpp (0:00.71 at +0:00)
[2018.09.19-22.39.15:894][422]CompilerResultsLog: ClimbPhysMat.gen.cpp (0:00.68 at +0:00)
[2018.09.19-22.39.15:894][422]CompilerResultsLog: ClimbPhysMat.cpp (0:00.64 at +0:01)
[2018.09.19-22.39.15:894][422]CompilerResultsLog: UE4Editor-Survival-4657-Win64-DebugGame.dll (0:00.90 at +0:02)
[2018.09.19-22.39.15:894][422]CompilerResultsLog:    Creating library D:\Dokumente\Github Repos\Survival\Survival\Intermediate\Build\Win64\UE4Editor\DebugGame\Survival\UE4Editor-Survival-4657-Win64-DebugGame.suppressed.lib and object D:\Dokumente\Github Repos\Survival\Survival\Intermediate\Build\Win64\UE4Editor\DebugGame\Survival\UE4Editor-Survival-4657-Win64-DebugGame.suppressed.exp
[2018.09.19-22.39.15:895][422]CompilerResultsLog: UE4Editor-Survival-4657-Win64-DebugGame.lib (0:00.07 at +0:02)
[2018.09.19-22.39.15:895][422]CompilerResultsLog:    Creating library D:\Dokumente\Github Repos\Survival\Survival\Intermediate\Build\Win64\UE4Editor\DebugGame\Survival\UE4Editor-Survival-4657-Win64-DebugGame.lib and object D:\Dokumente\Github Repos\Survival\Survival\Intermediate\Build\Win64\UE4Editor\DebugGame\Survival\UE4Editor-Survival-4657-Win64-DebugGame.exp
[2018.09.19-22.39.15:895][422]CompilerResultsLog: ---------------------- Done ----------------------
[2018.09.19-22.39.15:895][422]CompilerResultsLog: 
[2018.09.19-22.39.15:895][422]CompilerResultsLog:     Rebuild All: 1 succeeded, 0 failed, 0 skipped
[2018.09.19-22.39.15:895][422]CompilerResultsLog: 
[2018.09.19-22.39.15:895][422]CompilerResultsLog: 1 build system warning(s):
[2018.09.19-22.39.15:895][422]CompilerResultsLog:    - License is invalid
[2018.09.19-22.39.15:895][422]CompilerResultsLog: 
[2018.09.19-22.39.15:895][422]CompilerResultsLog: Total build time: 16,21 seconds (XGE executor: 3,20 seconds)
[2018.09.19-22.39.15:895][422]LogMainFrame: MainFrame: Module compiling took 16.448 seconds
[2018.09.19-22.39.15:934][422]LogClass: Could not find existing class ClimbPhysMat in package /Script/Survival for HotReload, assuming new class
[2018.09.19-22.39.15:946][422]LogClass: EItemType HotReload.
[2018.09.19-22.39.15:946][422]LogClass: ItemProperties HotReload.
[2018.09.19-22.39.15:953][422]LogContentBrowser: Native class hierarchy updated for 'Survival' in 0.0003 seconds. Added 16 classes and 10 folders.
[2018.09.19-22.39.15:955][422]Display: HotReload successful (6 functions remapped  1 scriptstructs remapped)
[2018.09.19-22.39.16:070][422]LogContentBrowser: Native class hierarchy populated in 0.0080 seconds. Added 2589 classes and 615 folders.
[2018.09.19-22.39.16:071][422]Display: HotReload took 16.6s.
[2018.09.19-22.39.16:072][422]Warning: HotReload operation took 16.6s.
[2018.09.19-22.39.16:300][422]LogVSAccessor: Warning: Couldn't goto line number '1' in 'D:/Dokumente/Github Repos/Survival/Survival/Source/Survival/World/PhysicalMaterials/ClimbPhysMat.h'
[2018.09.19-22.39.16:457][422]LogSlate: Window 'Add C++ Class' being destroyed
[2018.09.19-22.39.16:468][422]LogHotReload: New module detected: UE4Editor-Survival-4657-Win64-DebugGame.dll
[2018.09.19-22.39.16:491][423]LogHotReload: Starting Hot-Reload from IDE
[2018.09.19-22.39.16:636][423]LogContentBrowser: Native class hierarchy updated for 'Survival' in 0.0004 seconds. Added 16 classes and 10 folders.
[2018.09.19-22.39.16:640][423]Display: HotReload successful (0 functions remapped  1 scriptstructs remapped)
[2018.09.19-22.39.16:669][423]LogContentBrowser: Native class hierarchy populated in 0.0084 seconds. Added 2589 classes and 615 folders.
[2018.09.19-22.39.16:691][423]Display: HotReload took  0.2s.
[2018.09.19-22.39.51:233][526]Candidate modules for hot reload:
[2018.09.19-22.39.51:233][526]  Survival
[2018.09.19-22.39.51:234][526]Launching UnrealBuildTool... [D:/Unreal Engine/UE_4.20/Engine/Binaries/DotNET/UnrealBuildTool.exe  -ModuleWithSuffix=Survival,9983 Win64 DebugGame -TargetType=Editor -Project="../../../../../Dokumente/Github Repos/Survival/Survival/Survival.uproject" -canskiplink "D:/Dokumente/Github Repos/Survival/Survival/Survival.uproject" ]
[2018.09.19-22.39.51:237][526]Warning: Starting HotReload took  0.0s.
[2018.09.19-22.40.05:289][156]CompilerResultsLog: New page: Compilation - 20.09.2018 02:40:05
[2018.09.19-22.40.05:289][156]CompilerResultsLog: Using 'git status' to determine working set for adaptive non-unity build.
[2018.09.19-22.40.05:289][156]CompilerResultsLog: Compiling game modules for hot reload
[2018.09.19-22.40.05:289][156]CompilerResultsLog: Parsing headers for SurvivalEditor
[2018.09.19-22.40.05:289][156]CompilerResultsLog:   Running UnrealHeaderTool "D:\Dokumente\Github Repos\Survival\Survival\Survival.uproject" "D:\Dokumente\Github Repos\Survival\Survival\Intermediate\Build\Win64\SurvivalEditor\DebugGame\SurvivalEditor.uhtmanifest" -LogCmds="loginit warning, logexit warning, logdatabase error" -Unattended -WarningsAsErrors -installed
[2018.09.19-22.40.05:289][156]CompilerResultsLog: Reflection code generated for SurvivalEditor in 9,0963629 seconds
[2018.09.19-22.40.05:289][156]CompilerResultsLog: Distributing 5 actions to XGE
[2018.09.19-22.40.05:289][156]CompilerResultsLog: --------------------Build System Warning---------------------------------------
[2018.09.19-22.40.05:290][156]CompilerResultsLog: License is invalid:
[2018.09.19-22.40.05:290][156]CompilerResultsLog:     License information is invalid. Please try reloading your license file using the Coordinator Monitor application on the Coordinator machine, or reinstall IncrediBuild.
[2018.09.19-22.40.05:290][156]CompilerResultsLog:     This build will run in standalone mode.
[2018.09.19-22.40.05:290][156]CompilerResultsLog: 
[2018.09.19-22.40.05:290][156]CompilerResultsLog: -------------------------------------------------------------------------------
[2018.09.19-22.40.05:290][156]CompilerResultsLog: --------------------Project: Default-------------------------------------------
[2018.09.19-22.40.05:290][156]CompilerResultsLog: Survival.init.gen.cpp (0:00.76 at +0:00)
[2018.09.19-22.40.05:290][156]CompilerResultsLog: ClimbPhysMat.gen.cpp (0:00.65 at +0:00)
[2018.09.19-22.40.05:290][156]CompilerResultsLog: ClimbPhysMat.cpp (0:00.62 at +0:01)
[2018.09.19-22.40.05:290][156]CompilerResultsLog: UE4Editor-Survival-9983-Win64-DebugGame.dll (0:00.95 at +0:02)
[2018.09.19-22.40.05:290][156]CompilerResultsLog:    Creating library D:\Dokumente\Github Repos\Survival\Survival\Intermediate\Build\Win64\UE4Editor\DebugGame\Survival\UE4Editor-Survival-9983-Win64-DebugGame.suppressed.lib and object D:\Dokumente\Github Repos\Survival\Survival\Intermediate\Build\Win64\UE4Editor\DebugGame\Survival\UE4Editor-Survival-9983-Win64-DebugGame.suppressed.exp
[2018.09.19-22.40.05:290][156]CompilerResultsLog: UE4Editor-Survival-9983-Win64-DebugGame.lib (0:00.11 at +0:03)
[2018.09.19-22.40.05:290][156]CompilerResultsLog:    Creating library D:\Dokumente\Github Repos\Survival\Survival\Intermediate\Build\Win64\UE4Editor\DebugGame\Survival\UE4Editor-Survival-9983-Win64-DebugGame.lib and object D:\Dokumente\Github Repos\Survival\Survival\Intermediate\Build\Win64\UE4Editor\DebugGame\Survival\UE4Editor-Survival-9983-Win64-DebugGame.exp
[2018.09.19-22.40.05:290][156]CompilerResultsLog: ---------------------- Done ----------------------
[2018.09.19-22.40.05:291][156]CompilerResultsLog: 
[2018.09.19-22.40.05:291][156]CompilerResultsLog:     Rebuild All: 1 succeeded, 0 failed, 0 skipped
[2018.09.19-22.40.05:291][156]CompilerResultsLog: 
[2018.09.19-22.40.05:291][156]CompilerResultsLog: 1 build system warning(s):
[2018.09.19-22.40.05:291][156]CompilerResultsLog:    - License is invalid
[2018.09.19-22.40.05:291][156]CompilerResultsLog: 
[2018.09.19-22.40.05:291][156]CompilerResultsLog: Total build time: 13,85 seconds (XGE executor: 3,28 seconds)
[2018.09.19-22.40.05:291][156]LogMainFrame: MainFrame: Module compiling took 14.080 seconds
[2018.09.19-22.40.05:332][156]LogClass: Could not find existing class ClimbPhysMat in package /Script/Survival for HotReload, assuming new class
[2018.09.19-22.40.05:347][156]LogClass: EItemType HotReload.
[2018.09.19-22.40.05:347][156]LogClass: ItemProperties HotReload.
[2018.09.19-22.40.05:350][156]LogHotReload: Re-instancing ClimbPhysMat after hot-reload.
[2018.09.19-22.40.05:398][156]LogContentBrowser: Native class hierarchy updated for 'Survival' in 0.0004 seconds. Added 16 classes and 10 folders.
[2018.09.19-22.40.05:401][156]Display: HotReload successful (6 functions remapped  1 scriptstructs remapped)
[2018.09.19-22.40.05:448][156]LogContentBrowser: Native class hierarchy populated in 0.0080 seconds. Added 2589 classes and 615 folders.
[2018.09.19-22.40.05:448][156]Display: HotReload took 14.2s.
[2018.09.19-22.40.12:604][712]LogSlate: Window 'Pick Physical Material Class' being destroyed
[2018.09.19-22.40.23:701][982]LogSavePackage: Moving '../../../../../Dokumente/Github Repos/Survival/Survival/Saved/FirstPersonExampleMap9DEAE331428C5D4DEEEBB19BE23B3489.tmp' to '../../../../../Dokumente/Github Repos/Survival/Survival/Content/FirstPersonCPP/Maps/FirstPersonExampleMap.umap'
[2018.09.19-22.40.24:832][982]LogSavePackage: Moving '../../../../../Dokumente/Github Repos/Survival/Survival/Saved/FirstPersonExampleMap_BuiltData8D25EEA743FE7D06EC10E0970275D8A3.tmp' to '../../../../../Dokumente/Github Repos/Survival/Survival/Content/FirstPersonCPP/Maps/FirstPersonExampleMap_BuiltData.uasset'
[2018.09.19-22.40.25:829][100]LogEditorViewport: Clicking on Actor (LMB): StaticMeshActor (EditorCube21)
[2018.09.19-22.40.28:768][419]LogSlate: FSceneViewport::OnFocusLost() reason 2
[2018.09.19-22.40.29:577][513]LogSlate: Took 0.000169 seconds to synchronously load lazily loaded font '../../../Engine/Content/Slate/Fonts/Roboto-Italic.ttf' (157K)
[2018.09.19-22.40.29:948][556]LogSlate: FSceneViewport::OnFocusLost() reason 0
[2018.09.19-22.40.31:905][761]LogSavePackage: Moving '../../../../../Dokumente/Github Repos/Survival/Survival/Saved/FirstPersonExampleMap0D8F8C664DEEC8E8853C1E9D02E29B5E.tmp' to '../../../../../Dokumente/Github Repos/Survival/Survival/Content/FirstPersonCPP/Maps/FirstPersonExampleMap.umap'
[2018.09.19-22.40.32:684][761]LogSavePackage: Moving '../../../../../Dokumente/Github Repos/Survival/Survival/Saved/FirstPersonExampleMap_BuiltData76FEF08945DE78953003E6BA4049F4A5.tmp' to '../../../../../Dokumente/Github Repos/Survival/Survival/Content/FirstPersonCPP/Maps/FirstPersonExampleMap_BuiltData.uasset'
[2018.09.19-22.40.33:951][909]LogAssetEditorManager: Opening Asset editor for ClimbPhysMat /Game/PhysicalMaterials/TreePhysMat.TreePhysMat
[2018.09.19-22.40.37:243][270]Cmd: OBJ SAVEPACKAGE PACKAGE="/Game/PhysicalMaterials/TreePhysMat" FILE="../../../../../Dokumente/Github Repos/Survival/Survival/Content/PhysicalMaterials/TreePhysMat.uasset" SILENT=true
[2018.09.19-22.40.37:253][270]LogSavePackage: Moving '../../../../../Dokumente/Github Repos/Survival/Survival/Saved/TreePhysMat90F7ED034254AAE314A721B398156F79.tmp' to '../../../../../Dokumente/Github Repos/Survival/Survival/Content/PhysicalMaterials/TreePhysMat.uasset'
[2018.09.19-22.40.38:099][369]LogSlate: FSceneViewport::OnFocusLost() reason 0
[2018.09.19-22.40.38:155][376]LogSlate: Window 'TreePhysMat - Generic Asset Editor' being destroyed
[2018.09.19-22.40.38:159][376]LogSlate: Window 'TreePhysMat - Generic Asset Editor' being destroyed
[2018.09.19-22.41.52:113][650]LogSlate: FSceneViewport::OnFocusLost() reason 0
[2018.09.19-22.41.52:400][650]Candidate modules for hot reload:
[2018.09.19-22.41.52:400][650]  Survival
[2018.09.19-22.41.52:400][650]Launching UnrealBuildTool... [D:/Unreal Engine/UE_4.20/Engine/Binaries/DotNET/UnrealBuildTool.exe  -ModuleWithSuffix=Survival,3359 Win64 DebugGame -TargetType=Editor -Project="../../../../../Dokumente/Github Repos/Survival/Survival/Survival.uproject" -canskiplink "D:/Dokumente/Github Repos/Survival/Survival/Survival.uproject" ]
[2018.09.19-22.41.52:404][650]Warning: Starting HotReload took  0.0s.
[2018.09.19-22.41.57:859][277]CompilerResultsLog: New page: Compilation - 20.09.2018 02:41:57
[2018.09.19-22.41.57:859][277]CompilerResultsLog: Using 'git status' to determine working set for adaptive non-unity build.
[2018.09.19-22.41.57:859][277]CompilerResultsLog: Compiling game modules for hot reload
[2018.09.19-22.41.57:860][277]CompilerResultsLog: Distributing 3 actions to XGE
[2018.09.19-22.41.57:860][277]CompilerResultsLog: --------------------Build System Warning---------------------------------------
[2018.09.19-22.41.57:860][277]CompilerResultsLog: License is invalid:
[2018.09.19-22.41.57:860][277]CompilerResultsLog:     License information is invalid. Please try reloading your license file using the Coordinator Monitor application on the Coordinator machine, or reinstall IncrediBuild.
[2018.09.19-22.41.57:860][277]CompilerResultsLog:     This build will run in standalone mode.
[2018.09.19-22.41.57:860][277]CompilerResultsLog: 
[2018.09.19-22.41.57:860][277]CompilerResultsLog: -------------------------------------------------------------------------------
[2018.09.19-22.41.57:860][277]CompilerResultsLog: --------------------Project: Default-------------------------------------------
[2018.09.19-22.41.57:860][277]CompilerResultsLog: SurvivalCharacter.cpp (0:02.51 at +0:00)
[2018.09.19-22.41.57:860][277]CompilerResultsLog: d:\dokumente\github repos\survival\survival\source\survival\character\SurvivalCharacter.h(139): warning C4263: 'void ASurvivalCharacter::Crouch(void)': member function does not override any base class virtual member function
[2018.09.19-22.41.57:860][277]CompilerResultsLog: d:\dokumente\github repos\survival\survival\source\survival\character\SurvivalCharacter.h(172): warning C4264: 'void ACharacter::Crouch(bool)': no override available for virtual member function from base 'ACharacter'; function is hidden
[2018.09.19-22.41.57:860][277]CompilerResultsLog: D:\Unreal Engine\UE_4.20\Engine\Source\Runtime\Engine\Classes\GameFramework/Character.h(719): note: see declaration of 'ACharacter::Crouch'
[2018.09.19-22.41.57:860][277]CompilerResultsLog: D:\Unreal Engine\UE_4.20\Engine\Source\Runtime\Engine\Classes\GameFramework/Character.h(210): note: see declaration of 'ACharacter'
[2018.09.19-22.41.57:861][277]CompilerResultsLog: d:\dokumente\github repos\survival\survival\source\survival\character\SurvivalCharacter.h(140): warning C4263: 'void ASurvivalCharacter::UnCrouch(void)': member function does not override any base class virtual member function
[2018.09.19-22.41.57:861][277]CompilerResultsLog: d:\dokumente\github repos\survival\survival\source\survival\character\SurvivalCharacter.h(172): warning C4264: 'void ACharacter::UnCrouch(bool)': no override available for virtual member function from base 'ACharacter'; function is hidden
[2018.09.19-22.41.57:861][277]CompilerResultsLog: D:\Unreal Engine\UE_4.20\Engine\Source\Runtime\Engine\Classes\GameFramework/Character.h(728): note: see declaration of 'ACharacter::UnCrouch'
[2018.09.19-22.41.57:861][277]CompilerResultsLog: D:\Unreal Engine\UE_4.20\Engine\Source\Runtime\Engine\Classes\GameFramework/Character.h(210): note: see declaration of 'ACharacter'
[2018.09.19-22.41.57:861][277]CompilerResultsLog: UE4Editor-Survival-3359-Win64-DebugGame.dll (0:01.03 at +0:02)
[2018.09.19-22.41.57:861][277]CompilerResultsLog:    Creating library D:\Dokumente\Github Repos\Survival\Survival\Intermediate\Build\Win64\UE4Editor\DebugGame\Survival\UE4Editor-Survival-3359-Win64-DebugGame.suppressed.lib and object D:\Dokumente\Github Repos\Survival\Survival\Intermediate\Build\Win64\UE4Editor\DebugGame\Survival\UE4Editor-Survival-3359-Win64-DebugGame.suppressed.exp
[2018.09.19-22.41.57:861][277]CompilerResultsLog: UE4Editor-Survival-3359-Win64-DebugGame.lib (0:00.10 at +0:03)
[2018.09.19-22.41.57:861][277]CompilerResultsLog:    Creating library D:\Dokumente\Github Repos\Survival\Survival\Intermediate\Build\Win64\UE4Editor\DebugGame\Survival\UE4Editor-Survival-3359-Win64-DebugGame.lib and object D:\Dokumente\Github Repos\Survival\Survival\Intermediate\Build\Win64\UE4Editor\DebugGame\Survival\UE4Editor-Survival-3359-Win64-DebugGame.exp
[2018.09.19-22.41.57:861][277]CompilerResultsLog: ---------------------- Done ----------------------
[2018.09.19-22.41.57:861][277]CompilerResultsLog: 
[2018.09.19-22.41.57:861][277]CompilerResultsLog:     Rebuild All: 1 succeeded, 0 failed, 0 skipped
[2018.09.19-22.41.57:861][277]CompilerResultsLog: 
[2018.09.19-22.41.57:861][277]CompilerResultsLog: 1 build system warning(s):
[2018.09.19-22.41.57:862][277]CompilerResultsLog:    - License is invalid
[2018.09.19-22.41.57:862][277]CompilerResultsLog: 
[2018.09.19-22.41.57:862][277]CompilerResultsLog: Total build time: 5,26 seconds (XGE executor: 3,80 seconds)
[2018.09.19-22.41.57:862][277]LogMainFrame: MainFrame: Module compiling took 5.485 seconds
[2018.09.19-22.41.57:918][277]LogClass: EItemType HotReload.
[2018.09.19-22.41.57:918][277]LogClass: ItemProperties HotReload.
[2018.09.19-22.41.57:926][277]LogContentBrowser: Native class hierarchy updated for 'Survival' in 0.0004 seconds. Added 16 classes and 10 folders.
[2018.09.19-22.41.57:928][277]Display: HotReload successful (6 functions remapped  1 scriptstructs remapped)
[2018.09.19-22.41.57:982][277]LogContentBrowser: Native class hierarchy populated in 0.0089 seconds. Added 2589 classes and 615 folders.
[2018.09.19-22.41.57:982][277]Display: HotReload took  5.6s.
[2018.09.19-22.42.00:130][526]LogTemp: Repeating last play command: Selected Viewport
[2018.09.19-22.42.00:146][526]LogBlueprintUserMessages: Early PlayInEditor Detection: Level '/Game/FirstPersonCPP/Maps/FirstPersonExampleMap.FirstPersonExampleMap:PersistentLevel' has LevelScriptBlueprint '/Game/FirstPersonCPP/Maps/FirstPersonExampleMap.FirstPersonExampleMap:PersistentLevel.FirstPersonExampleMap' with GeneratedClass '/Game/FirstPersonCPP/Maps/FirstPersonExampleMap.FirstPersonExampleMap_C' with ClassGeneratedBy '/Game/FirstPersonCPP/Maps/FirstPersonExampleMap.FirstPersonExampleMap:PersistentLevel.FirstPersonExampleMap'
[2018.09.19-22.42.00:147][526]LogPlayLevel: PlayLevel: No blueprints needed recompiling
[2018.09.19-22.42.00:160][526]PIE: New page: PIE session: FirstPersonExampleMap (20.09.2018 02:42:00)
[2018.09.19-22.42.00:160][526]LogPlayLevel: Creating play world package: /Game/FirstPersonCPP/Maps/UEDPIE_0_FirstPersonExampleMap
[2018.09.19-22.42.00:172][526]LogPlayLevel: PIE: StaticDuplicateObject took: (0.011154s)
[2018.09.19-22.42.00:173][526]LogAIModule: Creating AISystem for world FirstPersonExampleMap
[2018.09.19-22.42.00:173][526]LogPlayLevel: PIE: World Init took: (0.001697s)
[2018.09.19-22.42.00:173][526]LogPlayLevel: PIE: Created PIE world by copying editor world from /Game/FirstPersonCPP/Maps/FirstPersonExampleMap.FirstPersonExampleMap to /Game/FirstPersonCPP/Maps/UEDPIE_0_FirstPersonExampleMap.FirstPersonExampleMap (0.013275s)
[2018.09.19-22.42.00:208][526]LogInit: XAudio2 using 'Lautsprecher (Realtek High Definition Audio)' : 2 channels at 48 kHz using 32 bits per sample (channel mask 0x3)
[2018.09.19-22.42.00:240][526]LogInit: FAudioDevice initialized.
[2018.09.19-22.42.00:285][526]LogLoad: Game class is 'SurvivalGameMode'
[2018.09.19-22.42.00:288][526]LogWorld: Bringing World /Game/FirstPersonCPP/Maps/UEDPIE_0_FirstPersonExampleMap.FirstPersonExampleMap up for play (max tick rate 0) at 2018.09.20-00.42.00
[2018.09.19-22.42.00:288][526]LogWorld: Bringing up level for play took: 0.001858
[2018.09.19-22.42.00:313][526]LogContentBrowser: Native class hierarchy updated for 'MovieSceneCapture' in 0.0003 seconds. Added 10 classes and 0 folders.
[2018.09.19-22.42.00:314][526]PIE: Play in editor start time for /Game/FirstPersonCPP/Maps/UEDPIE_0_FirstPersonExampleMap -0,636
[2018.09.19-22.42.00:314][526]LogBlueprintUserMessages: Late PlayInEditor Detection: Level '/Game/FirstPersonCPP/Maps/FirstPersonExampleMap.FirstPersonExampleMap:PersistentLevel' has LevelScriptBlueprint '/Game/FirstPersonCPP/Maps/FirstPersonExampleMap.FirstPersonExampleMap:PersistentLevel.FirstPersonExampleMap' with GeneratedClass '/Game/FirstPersonCPP/Maps/FirstPersonExampleMap.FirstPersonExampleMap_C' with ClassGeneratedBy '/Game/FirstPersonCPP/Maps/FirstPersonExampleMap.FirstPersonExampleMap:PersistentLevel.FirstPersonExampleMap'
[2018.09.19-22.42.12:493][933]LogBlueprintUserMessages: Early EndPlayMap Detection: Level '/Game/FirstPersonCPP/Maps/FirstPersonExampleMap.FirstPersonExampleMap:PersistentLevel' has LevelScriptBlueprint '/Game/FirstPersonCPP/Maps/FirstPersonExampleMap.FirstPersonExampleMap:PersistentLevel.FirstPersonExampleMap' with GeneratedClass '/Game/FirstPersonCPP/Maps/FirstPersonExampleMap.FirstPersonExampleMap_C' with ClassGeneratedBy '/Game/FirstPersonCPP/Maps/FirstPersonExampleMap.FirstPersonExampleMap:PersistentLevel.FirstPersonExampleMap'
[2018.09.19-22.42.12:493][933]LogSlate: Updating window title bar state: overlay mode, drag disabled, window buttons hidden, title bar hidden
[2018.09.19-22.42.12:537][933]LogPlayLevel: Display: Shutting down PIE online subsystems
[2018.09.19-22.42.12:537][933]LogBlueprintUserMessages: Late EndPlayMap Detection: Level '/Game/FirstPersonCPP/Maps/FirstPersonExampleMap.FirstPersonExampleMap:PersistentLevel' has LevelScriptBlueprint '/Game/FirstPersonCPP/Maps/FirstPersonExampleMap.FirstPersonExampleMap:PersistentLevel.FirstPersonExampleMap' with GeneratedClass '/Game/FirstPersonCPP/Maps/FirstPersonExampleMap.FirstPersonExampleMap_C' with ClassGeneratedBy '/Game/FirstPersonCPP/Maps/FirstPersonExampleMap.FirstPersonExampleMap:PersistentLevel.FirstPersonExampleMap'
[2018.09.19-22.42.12:566][933]LogSlate: Updating window title bar state: overlay mode, drag disabled, window buttons hidden, title bar hidden
[2018.09.19-22.42.12:616][934]LogPlayLevel: Display: Destroying online subsystem :Context_3
[2018.09.19-22.42.13:014][981]LogEditorViewport: Clicking on Actor (LMB): StaticMeshActor (EditorCube21)
[2018.09.19-22.42.14:415][139]LogSlate: FSceneViewport::OnFocusLost() reason 2
[2018.09.19-22.49.34:601][605]LogSlate: FSceneViewport::OnFocusLost() reason 0
[2018.09.19-22.49.34:706][612]Candidate modules for hot reload:
[2018.09.19-22.49.34:706][612]  Survival
[2018.09.19-22.49.34:706][612]Launching UnrealBuildTool... [D:/Unreal Engine/UE_4.20/Engine/Binaries/DotNET/UnrealBuildTool.exe  -ModuleWithSuffix=Survival,8577 Win64 DebugGame -TargetType=Editor -Project="../../../../../Dokumente/Github Repos/Survival/Survival/Survival.uproject" -canskiplink "D:/Dokumente/Github Repos/Survival/Survival/Survival.uproject" ]
[2018.09.19-22.49.34:708][612]Warning: Starting HotReload took  0.0s.
[2018.09.19-22.49.38:704][885]CompilerResultsLog: New page: Compilation - 20.09.2018 02:49:38
[2018.09.19-22.49.38:704][885]CompilerResultsLog: Using 'git status' to determine working set for adaptive non-unity build.
[2018.09.19-22.49.38:705][885]CompilerResultsLog: Compiling game modules for hot reload
[2018.09.19-22.49.38:705][885]CompilerResultsLog: Distributing 3 actions to XGE
[2018.09.19-22.49.38:705][885]CompilerResultsLog: --------------------Build System Warning---------------------------------------
[2018.09.19-22.49.38:705][885]CompilerResultsLog: License is invalid:
[2018.09.19-22.49.38:705][885]CompilerResultsLog:     License information is invalid. Please try reloading your license file using the Coordinator Monitor application on the Coordinator machine, or reinstall IncrediBuild.
[2018.09.19-22.49.38:705][885]CompilerResultsLog:     This build will run in standalone mode.
[2018.09.19-22.49.38:705][885]CompilerResultsLog: 
[2018.09.19-22.49.38:705][885]CompilerResultsLog: -------------------------------------------------------------------------------
[2018.09.19-22.49.38:705][885]CompilerResultsLog: --------------------Project: Default-------------------------------------------
[2018.09.19-22.49.38:705][885]CompilerResultsLog: SurvivalCharacter.cpp (0:01.85 at +0:00)
[2018.09.19-22.49.38:706][885]CompilerResultsLog: d:\dokumente\github repos\survival\survival\source\survival\character\SurvivalCharacter.h(139): warning C4263: 'void ASurvivalCharacter::Crouch(void)': member function does not override any base class virtual member function
[2018.09.19-22.49.38:706][885]CompilerResultsLog: d:\dokumente\github repos\survival\survival\source\survival\character\SurvivalCharacter.h(172): warning C4264: 'void ACharacter::Crouch(bool)': no override available for virtual member function from base 'ACharacter'; function is hidden
[2018.09.19-22.49.38:706][885]CompilerResultsLog: D:\Unreal Engine\UE_4.20\Engine\Source\Runtime\Engine\Classes\GameFramework/Character.h(719): note: see declaration of 'ACharacter::Crouch'
[2018.09.19-22.49.38:706][885]CompilerResultsLog: D:\Unreal Engine\UE_4.20\Engine\Source\Runtime\Engine\Classes\GameFramework/Character.h(210): note: see declaration of 'ACharacter'
[2018.09.19-22.49.38:706][885]CompilerResultsLog: d:\dokumente\github repos\survival\survival\source\survival\character\SurvivalCharacter.h(140): warning C4263: 'void ASurvivalCharacter::UnCrouch(void)': member function does not override any base class virtual member function
[2018.09.19-22.49.38:706][885]CompilerResultsLog: d:\dokumente\github repos\survival\survival\source\survival\character\SurvivalCharacter.h(172): warning C4264: 'void ACharacter::UnCrouch(bool)': no override available for virtual member function from base 'ACharacter'; function is hidden
[2018.09.19-22.49.38:706][885]CompilerResultsLog: D:\Unreal Engine\UE_4.20\Engine\Source\Runtime\Engine\Classes\GameFramework/Character.h(728): note: see declaration of 'ACharacter::UnCrouch'
[2018.09.19-22.49.38:706][885]CompilerResultsLog: D:\Unreal Engine\UE_4.20\Engine\Source\Runtime\Engine\Classes\GameFramework/Character.h(210): note: see declaration of 'ACharacter'
[2018.09.19-22.49.38:706][885]CompilerResultsLog: Error: D:\Dokumente\Github Repos\Survival\Survival\Source\Survival\Character\SurvivalCharacter.cpp(133) : error C2440: 'initializing': cannot convert from 'T *' to 'TWeakObjectPtr<UClimbPhysMat,FWeakObjectPtr>'
[2018.09.19-22.49.38:706][885]CompilerResultsLog:         with
[2018.09.19-22.49.38:706][885]CompilerResultsLog:         [
[2018.09.19-22.49.38:706][885]CompilerResultsLog:             T=TWeakObjectPtr<UClimbPhysMat,FWeakObjectPtr>
[2018.09.19-22.49.38:706][885]CompilerResultsLog:         ]
[2018.09.19-22.49.38:707][885]CompilerResultsLog: D:\Dokumente\Github Repos\Survival\Survival\Source\Survival\Character\SurvivalCharacter.cpp(133): note: No constructor could take the source type, or constructor overload resolution was ambiguous
[2018.09.19-22.49.38:707][885]CompilerResultsLog: Error: D:\Dokumente\Github Repos\Survival\Survival\Source\Survival\Character\SurvivalCharacter.cpp(134) : error C2451: conditional expression of type 'TWeakObjectPtr<UClimbPhysMat,FWeakObjectPtr>' is illegal
[2018.09.19-22.49.38:707][885]CompilerResultsLog: D:\Dokumente\Github Repos\Survival\Survival\Source\Survival\Character\SurvivalCharacter.cpp(134): note: No user-defined-conversion operator available that can perform this conversion, or the operator cannot be called
[2018.09.19-22.49.38:707][885]CompilerResultsLog: 
[2018.09.19-22.49.38:707][885]CompilerResultsLog: Error executing C:\Program Files (x86)\Microsoft Visual Studio\2017\Community\VC\Tools\MSVC\14.15.26726\bin\HostX64\x64\cl.exe (tool returned code: 2)
[2018.09.19-22.49.38:707][885]CompilerResultsLog: ---------------------- Done ----------------------
[2018.09.19-22.49.38:707][885]CompilerResultsLog: 
[2018.09.19-22.49.38:707][885]CompilerResultsLog:     Rebuild All: 0 succeeded, 1 failed, 0 skipped
[2018.09.19-22.49.38:707][885]CompilerResultsLog: 
[2018.09.19-22.49.38:707][885]CompilerResultsLog: 1 build system warning(s):
[2018.09.19-22.49.38:707][885]CompilerResultsLog:    - License is invalid
[2018.09.19-22.49.38:707][885]CompilerResultsLog: 
[2018.09.19-22.49.38:707][885]CompilerResultsLog: ERROR: UBT ERROR: Failed to produce item: D:\Dokumente\Github Repos\Survival\Survival\Binaries\Win64\UE4Editor-Survival-8577-Win64-DebugGame.dll
[2018.09.19-22.49.38:707][885]CompilerResultsLog:        (see ../Programs/UnrealBuildTool/Log.txt for full exception trace)
[2018.09.19-22.49.38:707][885]CompilerResultsLog: Total build time: 3,69 seconds (XGE executor: 0,00 seconds)
[2018.09.19-22.49.38:708][885]LogMainFrame: MainFrame: Module compiling took 4.026 seconds
[2018.09.19-22.49.38:708][885]Warning: HotReload failed, recompile failed
[2018.09.19-22.50.38:109][ 64]Candidate modules for hot reload:
[2018.09.19-22.50.38:109][ 64]  Survival
[2018.09.19-22.50.38:109][ 64]Launching UnrealBuildTool... [D:/Unreal Engine/UE_4.20/Engine/Binaries/DotNET/UnrealBuildTool.exe  -ModuleWithSuffix=Survival,6482 Win64 DebugGame -TargetType=Editor -Project="../../../../../Dokumente/Github Repos/Survival/Survival/Survival.uproject" -canskiplink "D:/Dokumente/Github Repos/Survival/Survival/Survival.uproject" ]
[2018.09.19-22.50.38:112][ 64]Warning: Starting HotReload took  0.0s.
[2018.09.19-22.50.42:464][567]CompilerResultsLog: New page: Compilation - 20.09.2018 02:50:42
[2018.09.19-22.50.42:464][567]CompilerResultsLog: Using 'git status' to determine working set for adaptive non-unity build.
[2018.09.19-22.50.42:464][567]CompilerResultsLog: Compiling game modules for hot reload
[2018.09.19-22.50.42:464][567]CompilerResultsLog: Distributing 3 actions to XGE
[2018.09.19-22.50.42:464][567]CompilerResultsLog: --------------------Build System Warning---------------------------------------
[2018.09.19-22.50.42:465][567]CompilerResultsLog: License is invalid:
[2018.09.19-22.50.42:465][567]CompilerResultsLog:     License information is invalid. Please try reloading your license file using the Coordinator Monitor application on the Coordinator machine, or reinstall IncrediBuild.
[2018.09.19-22.50.42:465][567]CompilerResultsLog:     This build will run in standalone mode.
[2018.09.19-22.50.42:465][567]CompilerResultsLog: 
[2018.09.19-22.50.42:465][567]CompilerResultsLog: -------------------------------------------------------------------------------
[2018.09.19-22.50.42:465][567]CompilerResultsLog: --------------------Project: Default-------------------------------------------
[2018.09.19-22.50.42:465][567]CompilerResultsLog: SurvivalCharacter.cpp (0:02.42 at +0:00)
[2018.09.19-22.50.42:465][567]CompilerResultsLog: d:\dokumente\github repos\survival\survival\source\survival\character\SurvivalCharacter.h(139): warning C4263: 'void ASurvivalCharacter::Crouch(void)': member function does not override any base class virtual member function
[2018.09.19-22.50.42:465][567]CompilerResultsLog: d:\dokumente\github repos\survival\survival\source\survival\character\SurvivalCharacter.h(172): warning C4264: 'void ACharacter::Crouch(bool)': no override available for virtual member function from base 'ACharacter'; function is hidden
[2018.09.19-22.50.42:465][567]CompilerResultsLog: D:\Unreal Engine\UE_4.20\Engine\Source\Runtime\Engine\Classes\GameFramework/Character.h(719): note: see declaration of 'ACharacter::Crouch'
[2018.09.19-22.50.42:465][567]CompilerResultsLog: D:\Unreal Engine\UE_4.20\Engine\Source\Runtime\Engine\Classes\GameFramework/Character.h(210): note: see declaration of 'ACharacter'
[2018.09.19-22.50.42:465][567]CompilerResultsLog: d:\dokumente\github repos\survival\survival\source\survival\character\SurvivalCharacter.h(140): warning C4263: 'void ASurvivalCharacter::UnCrouch(void)': member function does not override any base class virtual member function
[2018.09.19-22.50.42:465][567]CompilerResultsLog: d:\dokumente\github repos\survival\survival\source\survival\character\SurvivalCharacter.h(172): warning C4264: 'void ACharacter::UnCrouch(bool)': no override available for virtual member function from base 'ACharacter'; function is hidden
[2018.09.19-22.50.42:465][567]CompilerResultsLog: D:\Unreal Engine\UE_4.20\Engine\Source\Runtime\Engine\Classes\GameFramework/Character.h(728): note: see declaration of 'ACharacter::UnCrouch'
[2018.09.19-22.50.42:466][567]CompilerResultsLog: D:\Unreal Engine\UE_4.20\Engine\Source\Runtime\Engine\Classes\GameFramework/Character.h(210): note: see declaration of 'ACharacter'
[2018.09.19-22.50.42:466][567]CompilerResultsLog: Error: D:\Unreal Engine\UE_4.20\Engine\Source\Runtime\CoreUObject\Public\UObject/UObjectBaseUtility.h(493) : error C2039: 'StaticClass': is not a member of 'TWeakObjectPtr<UClimbPhysMat,FWeakObjectPtr>'
[2018.09.19-22.50.42:466][567]CompilerResultsLog: D:\Dokumente\Github Repos\Survival\Survival\Source\Survival\Character\SurvivalCharacter.cpp(133): note: see declaration of 'TWeakObjectPtr<UClimbPhysMat,FWeakObjectPtr>'
[2018.09.19-22.50.42:466][567]CompilerResultsLog: D:\Unreal Engine\UE_4.20\Engine\Source\Runtime\CoreUObject\Public\Templates/Casts.h(129): note: see reference to function template instantiation 'bool UObjectBaseUtility::IsA<To>(void) const' being compiled
[2018.09.19-22.50.42:466][567]CompilerResultsLog:         with
[2018.09.19-22.50.42:466][567]CompilerResultsLog:         [
[2018.09.19-22.50.42:466][567]CompilerResultsLog:             To=TWeakObjectPtr<UClimbPhysMat,FWeakObjectPtr>
[2018.09.19-22.50.42:466][567]CompilerResultsLog:         ]
[2018.09.19-22.50.42:467][567]CompilerResultsLog: D:\Unreal Engine\UE_4.20\Engine\Source\Runtime\CoreUObject\Public\Templates/Casts.h(128): note: while compiling class template member function 'To *TCastImpl<From,To,ECastType::UObjectToUObject>::DoCast(UObject *)'
[2018.09.19-22.50.42:467][567]CompilerResultsLog:         with
[2018.09.19-22.50.42:467][567]CompilerResultsLog:         [
[2018.09.19-22.50.42:467][567]CompilerResultsLog:             To=TWeakObjectPtr<UClimbPhysMat,FWeakObjectPtr>,
[2018.09.19-22.50.42:467][567]CompilerResultsLog:             From=UPhysicalMaterial
[2018.09.19-22.50.42:468][567]CompilerResultsLog:         ]
[2018.09.19-22.50.42:468][567]CompilerResultsLog: D:\Unreal Engine\UE_4.20\Engine\Source\Runtime\CoreUObject\Public\Templates/Casts.h(193): note: see reference to function template instantiation 'To *TCastImpl<From,To,ECastType::UObjectToUObject>::DoCast(UObject *)' being compiled
[2018.09.19-22.50.42:468][567]CompilerResultsLog:         with
[2018.09.19-22.50.42:468][567]CompilerResultsLog:         [
[2018.09.19-22.50.42:468][567]CompilerResultsLog:             To=TWeakObjectPtr<UClimbPhysMat,FWeakObjectPtr>,
[2018.09.19-22.50.42:468][567]CompilerResultsLog:             From=UPhysicalMaterial
[2018.09.19-22.50.42:468][567]CompilerResultsLog:         ]
[2018.09.19-22.50.42:468][567]CompilerResultsLog: D:\Unreal Engine\UE_4.20\Engine\Source\Runtime\CoreUObject\Public\Templates/Casts.h(193): note: see reference to class template instantiation 'TCastImpl<From,To,ECastType::UObjectToUObject>' being compiled
[2018.09.19-22.50.42:468][567]CompilerResultsLog:         with
[2018.09.19-22.50.42:468][567]CompilerResultsLog:         [
[2018.09.19-22.50.42:468][567]CompilerResultsLog:             From=UPhysicalMaterial,
[2018.09.19-22.50.42:468][567]CompilerResultsLog:             To=TWeakObjectPtr<UClimbPhysMat,FWeakObjectPtr>
[2018.09.19-22.50.42:468][567]CompilerResultsLog:         ]
[2018.09.19-22.50.42:468][567]CompilerResultsLog: D:\Unreal Engine\UE_4.20\Engine\Source\Runtime\CoreUObject\Public\Templates/Casts.h(264): note: see reference to function template instantiation 'To *Cast<T,UPhysicalMaterial>(From *)' being compiled
[2018.09.19-22.50.42:468][567]CompilerResultsLog:         with
[2018.09.19-22.50.42:468][567]CompilerResultsLog:         [
[2018.09.19-22.50.42:469][567]CompilerResultsLog:             To=TWeakObjectPtr<UClimbPhysMat,FWeakObjectPtr>,
[2018.09.19-22.50.42:469][567]CompilerResultsLog:             T=TWeakObjectPtr<UClimbPhysMat,FWeakObjectPtr>,
[2018.09.19-22.50.42:469][567]CompilerResultsLog:             From=UPhysicalMaterial
[2018.09.19-22.50.42:469][567]CompilerResultsLog:         ]
[2018.09.19-22.50.42:469][567]CompilerResultsLog: D:\Dokumente\Github Repos\Survival\Survival\Source\Survival\Character\SurvivalCharacter.cpp(133): note: see reference to function template instantiation 'T *Cast<TWeakObjectPtr<UClimbPhysMat,FWeakObjectPtr>,UPhysicalMaterial>(const TWeakObjectPtr<UPhysicalMaterial,FWeakObjectPtr> &)' being compiled
[2018.09.19-22.50.42:469][567]CompilerResultsLog:         with
[2018.09.19-22.50.42:469][567]CompilerResultsLog:         [
[2018.09.19-22.50.42:469][567]CompilerResultsLog:             T=TWeakObjectPtr<UClimbPhysMat,FWeakObjectPtr>
[2018.09.19-22.50.42:469][567]CompilerResultsLog:         ]
[2018.09.19-22.50.42:469][567]CompilerResultsLog: Error: D:\Unreal Engine\UE_4.20\Engine\Source\Runtime\CoreUObject\Public\UObject/UObjectBaseUtility.h(493) : error C3861: 'StaticClass': identifier not found
[2018.09.19-22.50.42:469][567]CompilerResultsLog: 
[2018.09.19-22.50.42:469][567]CompilerResultsLog: Error executing C:\Program Files (x86)\Microsoft Visual Studio\2017\Community\VC\Tools\MSVC\14.15.26726\bin\HostX64\x64\cl.exe (tool returned code: 2)
[2018.09.19-22.50.42:469][567]CompilerResultsLog: ---------------------- Done ----------------------
[2018.09.19-22.50.42:469][567]CompilerResultsLog: 
[2018.09.19-22.50.42:469][567]CompilerResultsLog:     Rebuild All: 0 succeeded, 1 failed, 0 skipped
[2018.09.19-22.50.42:470][567]CompilerResultsLog: 
[2018.09.19-22.50.42:470][567]CompilerResultsLog: 1 build system warning(s):
[2018.09.19-22.50.42:470][567]CompilerResultsLog:    - License is invalid
[2018.09.19-22.50.42:470][567]CompilerResultsLog: 
[2018.09.19-22.50.42:470][567]CompilerResultsLog: ERROR: UBT ERROR: Failed to produce item: D:\Dokumente\Github Repos\Survival\Survival\Binaries\Win64\UE4Editor-Survival-6482-Win64-DebugGame.dll
[2018.09.19-22.50.42:470][567]CompilerResultsLog:        (see ../Programs/UnrealBuildTool/Log.txt for full exception trace)
[2018.09.19-22.50.42:470][567]CompilerResultsLog: Total build time: 4,13 seconds (XGE executor: 0,00 seconds)
[2018.09.19-22.50.42:470][567]LogMainFrame: MainFrame: Module compiling took 4.386 seconds
[2018.09.19-22.50.42:470][567]Warning: HotReload failed, recompile failed
[2018.09.19-22.51.01:360][727]LogSlate: Window 'Message Log' being destroyed
[2018.09.19-22.51.01:363][727]LogSlate: Window 'Message Log' being destroyed
[2018.09.19-22.54.44:388][572]LogSlate: FSceneViewport::OnFocusLost() reason 0
[2018.09.19-22.54.44:504][582]Candidate modules for hot reload:
[2018.09.19-22.54.44:504][582]  Survival
[2018.09.19-22.54.44:504][582]Launching UnrealBuildTool... [D:/Unreal Engine/UE_4.20/Engine/Binaries/DotNET/UnrealBuildTool.exe  -ModuleWithSuffix=Survival,386 Win64 DebugGame -TargetType=Editor -Project="../../../../../Dokumente/Github Repos/Survival/Survival/Survival.uproject" -canskiplink "D:/Dokumente/Github Repos/Survival/Survival/Survival.uproject" ]
[2018.09.19-22.54.44:508][582]Warning: Starting HotReload took  0.0s.
[2018.09.19-22.54.48:695][ 57]CompilerResultsLog: New page: Compilation - 20.09.2018 02:54:48
[2018.09.19-22.54.48:696][ 57]CompilerResultsLog: Using 'git status' to determine working set for adaptive non-unity build.
[2018.09.19-22.54.48:696][ 57]CompilerResultsLog: Compiling game modules for hot reload
[2018.09.19-22.54.48:696][ 57]CompilerResultsLog: Distributing 3 actions to XGE
[2018.09.19-22.54.48:696][ 57]CompilerResultsLog: --------------------Build System Warning---------------------------------------
[2018.09.19-22.54.48:696][ 57]CompilerResultsLog: License is invalid:
[2018.09.19-22.54.48:696][ 57]CompilerResultsLog:     License information is invalid. Please try reloading your license file using the Coordinator Monitor application on the Coordinator machine, or reinstall IncrediBuild.
[2018.09.19-22.54.48:696][ 57]CompilerResultsLog:     This build will run in standalone mode.
[2018.09.19-22.54.48:696][ 57]CompilerResultsLog: 
[2018.09.19-22.54.48:696][ 57]CompilerResultsLog: -------------------------------------------------------------------------------
[2018.09.19-22.54.48:696][ 57]CompilerResultsLog: --------------------Project: Default-------------------------------------------
[2018.09.19-22.54.48:697][ 57]CompilerResultsLog: SurvivalCharacter.cpp (0:02.23 at +0:00)
[2018.09.19-22.54.48:697][ 57]CompilerResultsLog: d:\dokumente\github repos\survival\survival\source\survival\character\SurvivalCharacter.h(139): warning C4263: 'void ASurvivalCharacter::Crouch(void)': member function does not override any base class virtual member function
[2018.09.19-22.54.48:697][ 57]CompilerResultsLog: d:\dokumente\github repos\survival\survival\source\survival\character\SurvivalCharacter.h(172): warning C4264: 'void ACharacter::Crouch(bool)': no override available for virtual member function from base 'ACharacter'; function is hidden
[2018.09.19-22.54.48:697][ 57]CompilerResultsLog: D:\Unreal Engine\UE_4.20\Engine\Source\Runtime\Engine\Classes\GameFramework/Character.h(719): note: see declaration of 'ACharacter::Crouch'
[2018.09.19-22.54.48:697][ 57]CompilerResultsLog: D:\Unreal Engine\UE_4.20\Engine\Source\Runtime\Engine\Classes\GameFramework/Character.h(210): note: see declaration of 'ACharacter'
[2018.09.19-22.54.48:697][ 57]CompilerResultsLog: d:\dokumente\github repos\survival\survival\source\survival\character\SurvivalCharacter.h(140): warning C4263: 'void ASurvivalCharacter::UnCrouch(void)': member function does not override any base class virtual member function
[2018.09.19-22.54.48:697][ 57]CompilerResultsLog: d:\dokumente\github repos\survival\survival\source\survival\character\SurvivalCharacter.h(172): warning C4264: 'void ACharacter::UnCrouch(bool)': no override available for virtual member function from base 'ACharacter'; function is hidden
[2018.09.19-22.54.48:697][ 57]CompilerResultsLog: D:\Unreal Engine\UE_4.20\Engine\Source\Runtime\Engine\Classes\GameFramework/Character.h(728): note: see declaration of 'ACharacter::UnCrouch'
[2018.09.19-22.54.48:697][ 57]CompilerResultsLog: D:\Unreal Engine\UE_4.20\Engine\Source\Runtime\Engine\Classes\GameFramework/Character.h(210): note: see declaration of 'ACharacter'
[2018.09.19-22.54.48:698][ 57]CompilerResultsLog: Error: D:\Unreal Engine\UE_4.20\Engine\Source\Runtime\Core\Public\UObject/WeakObjectPtrTemplates.h(108) : error C2338: Unable to convert TWeakObjectPtr - types are incompatible
[2018.09.19-22.54.48:698][ 57]CompilerResultsLog: D:\Dokumente\Github Repos\Survival\Survival\Source\Survival\Character\SurvivalCharacter.cpp(133): note: see reference to function template instantiation 'TWeakObjectPtr<UClimbPhysMat,FWeakObjectPtr>::TWeakObjectPtr<UPhysicalMaterial>(const TWeakObjectPtr<UPhysicalMaterial,FWeakObjectPtr> &)' being compiled
[2018.09.19-22.54.48:698][ 57]CompilerResultsLog: D:\Dokumente\Github Repos\Survival\Survival\Source\Survival\Character\SurvivalCharacter.cpp(133): note: see reference to function template instantiation 'TWeakObjectPtr<UClimbPhysMat,FWeakObjectPtr>::TWeakObjectPtr<UPhysicalMaterial>(const TWeakObjectPtr<UPhysicalMaterial,FWeakObjectPtr> &)' being compiled
[2018.09.19-22.54.48:698][ 57]CompilerResultsLog: 
[2018.09.19-22.54.48:698][ 57]CompilerResultsLog: Error executing C:\Program Files (x86)\Microsoft Visual Studio\2017\Community\VC\Tools\MSVC\14.15.26726\bin\HostX64\x64\cl.exe (tool returned code: 2)
[2018.09.19-22.54.48:698][ 57]CompilerResultsLog: ---------------------- Done ----------------------
[2018.09.19-22.54.48:698][ 57]CompilerResultsLog: 
[2018.09.19-22.54.48:698][ 57]CompilerResultsLog:     Rebuild All: 0 succeeded, 1 failed, 0 skipped
[2018.09.19-22.54.48:698][ 57]CompilerResultsLog: 
[2018.09.19-22.54.48:698][ 57]CompilerResultsLog: 1 build system warning(s):
[2018.09.19-22.54.48:698][ 57]CompilerResultsLog:    - License is invalid
[2018.09.19-22.54.48:698][ 57]CompilerResultsLog: 
[2018.09.19-22.54.48:699][ 57]CompilerResultsLog: ERROR: UBT ERROR: Failed to produce item: D:\Dokumente\Github Repos\Survival\Survival\Binaries\Win64\UE4Editor-Survival-386-Win64-DebugGame.dll
[2018.09.19-22.54.48:699][ 57]CompilerResultsLog:        (see ../Programs/UnrealBuildTool/Log.txt for full exception trace)
[2018.09.19-22.54.48:699][ 57]CompilerResultsLog: Total build time: 3,88 seconds (XGE executor: 0,00 seconds)
[2018.09.19-22.54.48:699][ 57]LogMainFrame: MainFrame: Module compiling took 4.218 seconds
[2018.09.19-22.54.48:699][ 57]Warning: HotReload failed, recompile failed
[2018.09.19-22.55.02:726][665]LogSlate: Window 'Message Log' being destroyed
[2018.09.19-22.55.02:730][665]LogSlate: Window 'Message Log' being destroyed
[2018.09.19-22.57.46:690][248]LogSlate: FSceneViewport::OnFocusLost() reason 0
[2018.09.19-22.57.46:780][255]Candidate modules for hot reload:
[2018.09.19-22.57.46:780][255]  Survival
[2018.09.19-22.57.46:780][255]Launching UnrealBuildTool... [D:/Unreal Engine/UE_4.20/Engine/Binaries/DotNET/UnrealBuildTool.exe  -ModuleWithSuffix=Survival,7864 Win64 DebugGame -TargetType=Editor -Project="../../../../../Dokumente/Github Repos/Survival/Survival/Survival.uproject" -canskiplink "D:/Dokumente/Github Repos/Survival/Survival/Survival.uproject" ]
[2018.09.19-22.57.46:784][255]Warning: Starting HotReload took  0.0s.
[2018.09.19-22.57.52:493][921]CompilerResultsLog: New page: Compilation - 20.09.2018 02:57:52
[2018.09.19-22.57.52:494][921]CompilerResultsLog: Using 'git status' to determine working set for adaptive non-unity build.
[2018.09.19-22.57.52:494][921]CompilerResultsLog: Compiling game modules for hot reload
[2018.09.19-22.57.52:494][921]CompilerResultsLog: Distributing 3 actions to XGE
[2018.09.19-22.57.52:494][921]CompilerResultsLog: --------------------Build System Warning---------------------------------------
[2018.09.19-22.57.52:494][921]CompilerResultsLog: License is invalid:
[2018.09.19-22.57.52:494][921]CompilerResultsLog:     License information is invalid. Please try reloading your license file using the Coordinator Monitor application on the Coordinator machine, or reinstall IncrediBuild.
[2018.09.19-22.57.52:494][921]CompilerResultsLog:     This build will run in standalone mode.
[2018.09.19-22.57.52:494][921]CompilerResultsLog: 
[2018.09.19-22.57.52:494][921]CompilerResultsLog: -------------------------------------------------------------------------------
[2018.09.19-22.57.52:495][921]CompilerResultsLog: --------------------Project: Default-------------------------------------------
[2018.09.19-22.57.52:495][921]CompilerResultsLog: SurvivalCharacter.cpp (0:02.50 at +0:00)
[2018.09.19-22.57.52:495][921]CompilerResultsLog: d:\dokumente\github repos\survival\survival\source\survival\character\SurvivalCharacter.h(139): warning C4263: 'void ASurvivalCharacter::Crouch(void)': member function does not override any base class virtual member function
[2018.09.19-22.57.52:496][921]CompilerResultsLog: d:\dokumente\github repos\survival\survival\source\survival\character\SurvivalCharacter.h(172): warning C4264: 'void ACharacter::Crouch(bool)': no override available for virtual member function from base 'ACharacter'; function is hidden
[2018.09.19-22.57.52:496][921]CompilerResultsLog: D:\Unreal Engine\UE_4.20\Engine\Source\Runtime\Engine\Classes\GameFramework/Character.h(719): note: see declaration of 'ACharacter::Crouch'
[2018.09.19-22.57.52:496][921]CompilerResultsLog: D:\Unreal Engine\UE_4.20\Engine\Source\Runtime\Engine\Classes\GameFramework/Character.h(210): note: see declaration of 'ACharacter'
[2018.09.19-22.57.52:496][921]CompilerResultsLog: d:\dokumente\github repos\survival\survival\source\survival\character\SurvivalCharacter.h(140): warning C4263: 'void ASurvivalCharacter::UnCrouch(void)': member function does not override any base class virtual member function
[2018.09.19-22.57.52:497][921]CompilerResultsLog: d:\dokumente\github repos\survival\survival\source\survival\character\SurvivalCharacter.h(172): warning C4264: 'void ACharacter::UnCrouch(bool)': no override available for virtual member function from base 'ACharacter'; function is hidden
[2018.09.19-22.57.52:497][921]CompilerResultsLog: D:\Unreal Engine\UE_4.20\Engine\Source\Runtime\Engine\Classes\GameFramework/Character.h(728): note: see declaration of 'ACharacter::UnCrouch'
[2018.09.19-22.57.52:497][921]CompilerResultsLog: D:\Unreal Engine\UE_4.20\Engine\Source\Runtime\Engine\Classes\GameFramework/Character.h(210): note: see declaration of 'ACharacter'
[2018.09.19-22.57.52:497][921]CompilerResultsLog: UE4Editor-Survival-7864-Win64-DebugGame.dll (0:01.03 at +0:02)
[2018.09.19-22.57.52:497][921]CompilerResultsLog:    Creating library D:\Dokumente\Github Repos\Survival\Survival\Intermediate\Build\Win64\UE4Editor\DebugGame\Survival\UE4Editor-Survival-7864-Win64-DebugGame.suppressed.lib and object D:\Dokumente\Github Repos\Survival\Survival\Intermediate\Build\Win64\UE4Editor\DebugGame\Survival\UE4Editor-Survival-7864-Win64-DebugGame.suppressed.exp
[2018.09.19-22.57.52:497][921]CompilerResultsLog: UE4Editor-Survival-7864-Win64-DebugGame.lib (0:00.11 at +0:03)
[2018.09.19-22.57.52:497][921]CompilerResultsLog:    Creating library D:\Dokumente\Github Repos\Survival\Survival\Intermediate\Build\Win64\UE4Editor\DebugGame\Survival\UE4Editor-Survival-7864-Win64-DebugGame.lib and object D:\Dokumente\Github Repos\Survival\Survival\Intermediate\Build\Win64\UE4Editor\DebugGame\Survival\UE4Editor-Survival-7864-Win64-DebugGame.exp
[2018.09.19-22.57.52:497][921]CompilerResultsLog: ---------------------- Done ----------------------
[2018.09.19-22.57.52:497][921]CompilerResultsLog: 
[2018.09.19-22.57.52:497][921]CompilerResultsLog:     Rebuild All: 1 succeeded, 0 failed, 0 skipped
[2018.09.19-22.57.52:498][921]CompilerResultsLog: 
[2018.09.19-22.57.52:498][921]CompilerResultsLog: 1 build system warning(s):
[2018.09.19-22.57.52:498][921]CompilerResultsLog:    - License is invalid
[2018.09.19-22.57.52:498][921]CompilerResultsLog: 
[2018.09.19-22.57.52:498][921]CompilerResultsLog: Total build time: 5,46 seconds (XGE executor: 3,81 seconds)
[2018.09.19-22.57.52:499][921]LogMainFrame: MainFrame: Module compiling took 5.742 seconds
[2018.09.19-22.57.52:560][921]LogClass: EItemType HotReload.
[2018.09.19-22.57.52:560][921]LogClass: ItemProperties HotReload.
[2018.09.19-22.57.52:569][921]LogContentBrowser: Native class hierarchy updated for 'Survival' in 0.0004 seconds. Added 16 classes and 10 folders.
[2018.09.19-22.57.52:571][921]Display: HotReload successful (6 functions remapped  1 scriptstructs remapped)
[2018.09.19-22.57.52:623][921]LogContentBrowser: Native class hierarchy populated in 0.0094 seconds. Added 2589 classes and 615 folders.
[2018.09.19-22.57.52:623][921]Display: HotReload took  5.9s.
[2018.09.19-22.57.54:964][192]LogTemp: Repeating last play command: Selected Viewport
[2018.09.19-22.57.54:980][192]LogBlueprintUserMessages: Early PlayInEditor Detection: Level '/Game/FirstPersonCPP/Maps/FirstPersonExampleMap.FirstPersonExampleMap:PersistentLevel' has LevelScriptBlueprint '/Game/FirstPersonCPP/Maps/FirstPersonExampleMap.FirstPersonExampleMap:PersistentLevel.FirstPersonExampleMap' with GeneratedClass '/Game/FirstPersonCPP/Maps/FirstPersonExampleMap.FirstPersonExampleMap_C' with ClassGeneratedBy '/Game/FirstPersonCPP/Maps/FirstPersonExampleMap.FirstPersonExampleMap:PersistentLevel.FirstPersonExampleMap'
[2018.09.19-22.57.54:980][192]LogPlayLevel: PlayLevel: No blueprints needed recompiling
[2018.09.19-22.57.54:980][192]PIE: New page: PIE session: FirstPersonExampleMap (20.09.2018 02:57:54)
[2018.09.19-22.57.54:980][192]LogPlayLevel: Creating play world package: /Game/FirstPersonCPP/Maps/UEDPIE_0_FirstPersonExampleMap
[2018.09.19-22.57.54:992][192]LogPlayLevel: PIE: StaticDuplicateObject took: (0.011325s)
[2018.09.19-22.57.54:992][192]LogAIModule: Creating AISystem for world FirstPersonExampleMap
[2018.09.19-22.57.54:993][192]LogPlayLevel: PIE: World Init took: (0.000984s)
[2018.09.19-22.57.54:993][192]LogPlayLevel: PIE: Created PIE world by copying editor world from /Game/FirstPersonCPP/Maps/FirstPersonExampleMap.FirstPersonExampleMap to /Game/FirstPersonCPP/Maps/UEDPIE_0_FirstPersonExampleMap.FirstPersonExampleMap (0.012636s)
[2018.09.19-22.57.55:024][192]LogInit: XAudio2 using 'Lautsprecher (Realtek High Definition Audio)' : 2 channels at 48 kHz using 32 bits per sample (channel mask 0x3)
[2018.09.19-22.57.55:051][192]LogInit: FAudioDevice initialized.
[2018.09.19-22.57.55:085][192]LogLoad: Game class is 'SurvivalGameMode'
[2018.09.19-22.57.55:088][192]LogWorld: Bringing World /Game/FirstPersonCPP/Maps/UEDPIE_0_FirstPersonExampleMap.FirstPersonExampleMap up for play (max tick rate 0) at 2018.09.20-00.57.55
[2018.09.19-22.57.55:088][192]LogWorld: Bringing up level for play took: 0.001759
[2018.09.19-22.57.55:102][192]PIE: Play in editor start time for /Game/FirstPersonCPP/Maps/UEDPIE_0_FirstPersonExampleMap 0,153
[2018.09.19-22.57.55:103][192]LogBlueprintUserMessages: Late PlayInEditor Detection: Level '/Game/FirstPersonCPP/Maps/FirstPersonExampleMap.FirstPersonExampleMap:PersistentLevel' has LevelScriptBlueprint '/Game/FirstPersonCPP/Maps/FirstPersonExampleMap.FirstPersonExampleMap:PersistentLevel.FirstPersonExampleMap' with GeneratedClass '/Game/FirstPersonCPP/Maps/FirstPersonExampleMap.FirstPersonExampleMap_C' with ClassGeneratedBy '/Game/FirstPersonCPP/Maps/FirstPersonExampleMap.FirstPersonExampleMap:PersistentLevel.FirstPersonExampleMap'
