Log file open, 09/20/18 00:26:37
LogWindows: Failed to load 'aqProf.dll' (GetLastError=126)
LogWindows: File 'aqProf.dll' does not exist
LogWindows: Failed to load 'VtuneApi.dll' (GetLastError=126)
LogWindows: File 'VtuneApi.dll' does not exist
LogWindows: Failed to load 'VtuneApi32e.dll' (GetLastError=126)
LogWindows: File 'VtuneApi32e.dll' does not exist
LogInit: Display: Running engine for game: Survival
LogPlatformFile: Not using cached read wrapper
LogTaskGraph: Started task graph with 5 named threads and 23 total threads with 3 sets of task threads.
LogStats: Stats thread started at 0.550552
LogD3D11RHI: Loaded GFSDK_Aftermath_Lib.x64.dll
LogICUInternationalization: Display: ICU TimeZone Detection - Raw Offset: +1:00, Platform Override: ''
LogPluginManager: Mounting plugin Paper2D
LogPluginManager: Mounting plugin AISupport
LogPluginManager: Mounting plugin LightPropagationVolume
LogPluginManager: Mounting plugin CLionSourceCodeAccess
LogPluginManager: Mounting plugin CodeLiteSourceCodeAccess
LogPluginManager: Mounting plugin GitSourceControl
LogPluginManager: Mounting plugin KDevelopSourceCodeAccess
LogPluginManager: Mounting plugin NullSourceCodeAccess
LogPluginManager: Mounting plugin PerforceSourceControl
LogPluginManager: Mounting plugin SubversionSourceControl
LogPluginManager: Mounting plugin UObjectPlugin
LogPluginManager: Mounting plugin VisualStudioCodeSourceCodeAccess
LogPluginManager: Mounting plugin VisualStudioSourceCodeAccess
LogPluginManager: Mounting plugin XCodeSourceCodeAccess
LogPluginManager: Mounting plugin AssetManagerEditor
LogPluginManager: Mounting plugin CryptoKeys
LogPluginManager: Mounting plugin DataValidation
LogPluginManager: Mounting plugin FacialAnimation
LogPluginManager: Mounting plugin GameplayTagsEditor
LogPluginManager: Mounting plugin MacGraphicsSwitching
LogPluginManager: Mounting plugin MeshEditor
LogPluginManager: Mounting plugin MobileLauncherProfileWizard
LogPluginManager: Mounting plugin PluginBrowser
LogPluginManager: Mounting plugin SpeedTreeImporter
LogPluginManager: Mounting plugin DatasmithContent
LogPluginManager: Mounting plugin AlembicImporter
LogPluginManager: Mounting plugin AppleImageUtils
LogPluginManager: Mounting plugin AppleVision
LogPluginManager: Mounting plugin BackChannel
LogPluginManager: Mounting plugin CharacterAI
LogPluginManager: Mounting plugin GeometryCache
LogPluginManager: Mounting plugin HTML5Networking
LogPluginManager: Mounting plugin ProxyLODPlugin
LogPluginManager: Mounting plugin MagicLeap
LogPluginManager: Mounting plugin MagicLeapEmulator
LogPluginManager: Mounting plugin MagicLeapMedia
LogPluginManager: Mounting plugin AndroidMedia
LogPluginManager: Mounting plugin AvfMedia
LogPluginManager: Mounting plugin ImgMedia
LogPluginManager: Mounting plugin LinearTimecode
LogPluginManager: Mounting plugin MediaCompositing
LogPluginManager: Mounting plugin MediaPlayerEditor
LogPluginManager: Mounting plugin WmfMedia
LogPluginManager: Mounting plugin TcpMessaging
LogPluginManager: Mounting plugin UdpMessaging
LogPluginManager: Mounting plugin ActorSequence
LogPluginManager: Mounting plugin LevelSequenceEditor
LogPluginManager: Mounting plugin MatineeToLevelSequence
LogPluginManager: Mounting plugin NetcodeUnitTest
LogPluginManager: Mounting plugin NUTUnrealEngine4
LogPluginManager: Mounting plugin OnlineSubsystemGooglePlay
LogPluginManager: Mounting plugin OnlineSubsystemIOS
LogPluginManager: Mounting plugin OnlineSubsystem
LogPluginManager: Mounting plugin OnlineSubsystemNull
LogPluginManager: Mounting plugin OnlineSubsystemUtils
LogPluginManager: Mounting plugin LauncherChunkInstaller
LogPluginManager: Mounting plugin AndroidDeviceProfileSelector
LogPluginManager: Mounting plugin AndroidMoviePlayer
LogPluginManager: Mounting plugin AndroidPermission
LogPluginManager: Mounting plugin AppleMoviePlayer
LogPluginManager: Mounting plugin ArchVisCharacter
LogPluginManager: Mounting plugin AudioCapture
LogPluginManager: Mounting plugin CableComponent
LogPluginManager: Mounting plugin CustomMeshComponent
LogPluginManager: Mounting plugin EditableMesh
LogPluginManager: Mounting plugin ExampleDeviceProfileSelector
LogPluginManager: Mounting plugin GoogleCloudMessaging
LogPluginManager: Mounting plugin ImmediatePhysics
LogPluginManager: Mounting plugin IOSDeviceProfileSelector
LogPluginManager: Mounting plugin LinuxDeviceProfileSelector
LogPluginManager: Mounting plugin LocationServicesBPLibrary
LogPluginManager: Mounting plugin MobilePatchingUtils
LogPluginManager: Mounting plugin OculusVR
LogPluginManager: Plugin shader directory ../../../Engine/Plugins/Runtime/Oculus/OculusVR/Shaders found
LogPluginManager: Mapping shader source directory ../../../Engine/Plugins/Runtime/Oculus/OculusVR/Shaders to virtual directory /Plugin/OculusVR
LogPluginManager: Mounting plugin PhysXVehicles
LogPluginManager: Mounting plugin ProceduralMeshComponent
LogPluginManager: Mounting plugin RuntimePhysXCooking
LogPluginManager: Mounting plugin SteamVR
LogPluginManager: Mounting plugin WindowsMoviePlayer
LogStreaming: Display: Took  0.118s to configure plugins.
LogInit: Using libcurl 7.55.1-DEV
LogInit:  - built for x86_64-pc-win32
LogInit:  - supports SSL with OpenSSL/1.0.2h
LogInit:  - supports HTTP deflate (compression) using libz 1.2.8
LogInit:  - other features:
LogInit:      CURL_VERSION_SSL
LogInit:      CURL_VERSION_LIBZ
LogInit:      CURL_VERSION_IPV6
LogInit:      CURL_VERSION_ASYNCHDNS
LogInit:      CURL_VERSION_LARGEFILE
LogInit:      CURL_VERSION_IDN
LogInit:  CurlRequestOptions (configurable via config and command line):
LogInit:  - bVerifyPeer = false  - Libcurl will NOT verify peer certificate
LogInit:  - bUseHttpProxy = false  - Libcurl will NOT use HTTP proxy
LogInit:  - bDontReuseConnections = false  - Libcurl will reuse connections
LogInit:  - CertBundlePath = nullptr  - Libcurl will use whatever was configured at build time.
LogInit:  - MaxHostConnections = 16  - Libcurl will limit the number of connections to a host
LogInit:  - LocalHostAddr = Default
LogInit:  - BufferSize = 65536
LogInit: WinSock: version 1.1 (2.2), MaxSocks=32767, MaxUdp=65467
LogInit: Build: ++UE4+Release-4.20-CL-4369336
LogInit: Engine Version: 4.20.3-4369336+++UE4+Release-4.20
LogInit: Compatible Engine Version: 4.20.0-4212847+++UE4+Release-4.20
LogInit: Net CL: 4212847
LogInit: OS: Windows 10 (), CPU: Intel(R) Core(TM) i7-6700K CPU @ 4.00GHz, GPU: NVIDIA GeForce GTX 1070
LogInit: Compiled (64-bit): Sep 17 2018 12:26:19
LogInit: Compiled with Visual C++: 19.13.26129.00
LogInit: Build Configuration: DebugGame
LogInit: Branch Name: ++UE4+Release-4.20
LogInit: Command Line:  -skipcompile -debug
LogInit: Base Directory: D:/Unreal Engine/UE_4.20/Engine/Binaries/Win64/
LogInit: Installed Engine Build: 1
LogDevObjectVersion: Number of dev versions registered: 20
LogDevObjectVersion:   Dev-Blueprints (B0D832E4-1F89-4F0D-ACCF-7EB736FD4AA2): 10
LogDevObjectVersion:   Dev-Build (E1C64328-A22C-4D53-A36C-8E866417BD8C): 0
LogDevObjectVersion:   Dev-Core (375EC13C-06E4-48FB-B500-84F0262A717E): 2
LogDevObjectVersion:   Dev-Editor (E4B068ED-F494-42E9-A231-DA0B2E46BB41): 24
LogDevObjectVersion:   Dev-Framework (CFFC743F-43B0-4480-9391-14DF171D2073): 34
LogDevObjectVersion:   Dev-Mobile (B02B49B5-BB20-44E9-A304-32B752E40360): 2
LogDevObjectVersion:   Dev-Networking (A4E4105C-59A1-49B5-A7C5-40C4547EDFEE): 0
LogDevObjectVersion:   Dev-Online (39C831C9-5AE6-47DC-9A44-9C173E1C8E7C): 0
LogDevObjectVersion:   Dev-Physics (78F01B33-EBEA-4F98-B9B4-84EACCB95AA2): 0
LogDevObjectVersion:   Dev-Platform (6631380F-2D4D-43E0-8009-CF276956A95A): 0
LogDevObjectVersion:   Dev-Rendering (12F88B9F-8875-4AFC-A67C-D90C383ABD29): 26
LogDevObjectVersion:   Dev-Sequencer (7B5AE74C-D270-4C10-A958-57980B212A5A): 9
LogDevObjectVersion:   Dev-VR (D7296918-1DD6-4BDD-9DE2-64A83CC13884): 2
LogDevObjectVersion:   Dev-LoadTimes (C2A15278-BFE7-4AFE-6C17-90FF531DF755): 1
LogDevObjectVersion:   Private-Geometry (6EACA3D4-40EC-4CC1-B786-8BED09428FC5): 3
LogDevObjectVersion:   Dev-AnimPhys (29E575DD-E0A3-4627-9D10-D276232CDCEA): 17
LogDevObjectVersion:   Dev-ReflectionCapture (6B266CEC-1EC7-4B8F-A30B-E4D90942FC07): 1
LogDevObjectVersion:   Dev-Automation (0DF73D61-A23F-47EA-B727-89E90C41499A): 1
LogDevObjectVersion:   FortniteMain (601D1886-AC64-4F84-AA16-D3DE0DEAC7D6): 12
LogDevObjectVersion:   Dev-Enterprise (9DFFBCD6-494F-0158-E221-12823C92A888): 1
LogStreaming: Display: Took  0.003s to delete old logs.
LogInit: Presizing for max 8388607 objects, including 0 objects not considered by GC, pre-allocating 0 bytes for permanent pool.
LogInit: Object subsystem initialized
[2018.09.19-22.26.37:987][  0]LogInit: Selected Device Profile: [Windows]
[2018.09.19-22.26.37:987][  0]LogInit: Applying CVar settings loaded from the selected device profile: [Windows]
[2018.09.19-22.26.38:004][  0]LogHAL: Display: Platform has ~ 16 GB [17117310976 / 17179869184 / 16], which maps to Larger [LargestMinGB=32, LargerMinGB=12, DefaultMinGB=8, SmallerMinGB=6, SmallestMinGB=0)
[2018.09.19-22.26.38:004][  0]LogInit: Setting Device Profile CVar: [[r.Vulkan.UseRealUBs:1]]
[2018.09.19-22.26.38:004][  0]LogInit: Going up to parent DeviceProfile []
[2018.09.19-22.26.38:004][  0]LogInit: Computer: DESKTOP-FTI3JJM
[2018.09.19-22.26.38:004][  0]LogInit: User: Kscha
[2018.09.19-22.26.38:004][  0]LogInit: CPU Page size=4096, Cores=4
[2018.09.19-22.26.38:004][  0]LogInit: High frequency timer resolution =3.914065 MHz
[2018.09.19-22.26.38:005][  0]LogMemory: Memory total: Physical=15.9GB (16GB approx)
[2018.09.19-22.26.38:005][  0]LogMemory: Platform Memory Stats for Windows
[2018.09.19-22.26.38:005][  0]LogMemory: Process Physical Memory: 101.52 MB used, 101.52 MB peak
[2018.09.19-22.26.38:005][  0]LogMemory: Process Virtual Memory: 91.21 MB used, 91.21 MB peak
[2018.09.19-22.26.38:005][  0]LogMemory: Physical Memory: 9416.41 MB used,  6907.93 MB free, 16324.34 MB total
[2018.09.19-22.26.38:005][  0]LogMemory: Virtual Memory: 4645.13 MB used,  6907.93 MB free, 134217728.00 MB total
[2018.09.19-22.26.38:098][  0]LogInit: Using OS detected language (de-DE).
[2018.09.19-22.26.38:098][  0]LogInit: Using OS detected locale (de-DE).
[2018.09.19-22.26.38:098][  0]LogTextLocalizationManager: No specific localization for 'de-DE' exists, so the 'de' localization will be used.
[2018.09.19-22.26.38:099][  0]LogStreaming: Display: Took  0.002s to InitEngineTextLocalization.
[2018.09.19-22.26.38:100][  0]LogInit: Setting process to per monitor DPI aware
[2018.09.19-22.26.38:164][  0]LogSlate: New Slate User Created.  User Index 0, Is Virtual User: 0
[2018.09.19-22.26.38:164][  0]LogSlate: Slate User Registered.  User Index 0, Is Virtual User: 0
[2018.09.19-22.26.38:317][  0]LogHMD: Failed to initialize OpenVR with code 110
[2018.09.19-22.26.38:317][  0]LogD3D11RHI: D3D11 adapters:
[2018.09.19-22.26.38:377][  0]LogD3D11RHI:    0. 'NVIDIA GeForce GTX 1070' (Feature Level 11_0)
[2018.09.19-22.26.38:377][  0]LogD3D11RHI:       8088/0/8162 MB DedicatedVideo/DedicatedSystem/SharedSystem, Outputs:3, VendorId:0x10de
[2018.09.19-22.26.38:380][  0]LogD3D11RHI:    1. 'Microsoft Basic Render Driver' (Feature Level 11_0)
[2018.09.19-22.26.38:380][  0]LogD3D11RHI:       0/0/8162 MB DedicatedVideo/DedicatedSystem/SharedSystem, Outputs:0, VendorId:0x1414
[2018.09.19-22.26.38:380][  0]LogD3D11RHI: Chosen D3D11 Adapter: 0
[2018.09.19-22.26.38:387][  0]LogD3D11RHI: Creating new Direct3DDevice
[2018.09.19-22.26.38:388][  0]LogD3D11RHI:     GPU DeviceId: 0x1b81 (for the marketing name, search the web for "GPU Device Id")
[2018.09.19-22.26.38:388][  0]LogWindows: EnumDisplayDevices:
[2018.09.19-22.26.38:388][  0]LogWindows:    0. 'NVIDIA GeForce GTX 1070' (P:0 D:1)
[2018.09.19-22.26.38:388][  0]LogWindows:    1. 'NVIDIA GeForce GTX 1070' (P:0 D:1)
[2018.09.19-22.26.38:388][  0]LogWindows:    2. 'NVIDIA GeForce GTX 1070' (P:1 D:1)
[2018.09.19-22.26.38:388][  0]LogWindows:    3. 'NVIDIA GeForce GTX 1070' (P:0 D:0)
[2018.09.19-22.26.38:388][  0]LogWindows: DebugString: FoundDriverCount:4 
[2018.09.19-22.26.38:389][  0]LogD3D11RHI:     Adapter Name: NVIDIA GeForce GTX 1070
[2018.09.19-22.26.38:389][  0]LogD3D11RHI:   Driver Version: 399.24 (internal:24.21.13.9924, unified:399.24)
[2018.09.19-22.26.38:389][  0]LogD3D11RHI:      Driver Date: 9-5-2018
[2018.09.19-22.26.38:389][  0]LogRHI: Texture pool is 5661 MB (70% of 8088 MB)
[2018.09.19-22.26.38:422][  0]LogD3D11RHI: Async texture creation enabled
[2018.09.19-22.26.38:453][  0]LogD3D11RHI: GPU Timing Frequency: 1000.000000 (Debug: 2 2)
[2018.09.19-22.26.38:546][  0]LogShaderCompilers: Guid format shader working directory is -9 characters bigger than the processId version (../../../../../Dokumente/Github Repos/Survival/Survival/Intermediate/Shaders/WorkingDirectory/5544/).
[2018.09.19-22.26.38:546][  0]LogShaderCompilers: Cleaned the shader compiler working directory 'C:/Users/Kscha/AppData/Local/Temp/UnrealShaderWorkingDir/F24B75CD4201F0D33853B9B8A8AE37AF/'.
[2018.09.19-22.26.38:815][  0]LogTemp: Display: Loaded TP AllDesktopTargetPlatform
[2018.09.19-22.26.38:827][  0]LogTemp: Display: Loaded TP MacClientTargetPlatform
[2018.09.19-22.26.38:839][  0]LogTemp: Display: Loaded TP MacNoEditorTargetPlatform
[2018.09.19-22.26.38:854][  0]LogTemp: Display: Loaded TP MacServerTargetPlatform
[2018.09.19-22.26.38:865][  0]LogTemp: Display: Loaded TP MacTargetPlatform
[2018.09.19-22.26.38:877][  0]LogTemp: Display: Loaded TP WindowsClientTargetPlatform
[2018.09.19-22.26.38:890][  0]LogTemp: Display: Loaded TP WindowsNoEditorTargetPlatform
[2018.09.19-22.26.38:901][  0]LogTemp: Display: Loaded TP WindowsServerTargetPlatform
[2018.09.19-22.26.38:907][  0]LogTemp: Display: Loaded TP WindowsTargetPlatform
[2018.09.19-22.26.38:975][  0]LogTemp: Display: Loaded TP AndroidTargetPlatform
[2018.09.19-22.26.38:975][  0]LogTemp: Display: Loaded TP AndroidTargetPlatform
[2018.09.19-22.26.38:975][  0]LogTemp: Display: Loaded TP AndroidTargetPlatform
[2018.09.19-22.26.38:975][  0]LogTemp: Display: Loaded TP AndroidTargetPlatform
[2018.09.19-22.26.38:975][  0]LogTemp: Display: Loaded TP AndroidTargetPlatform
[2018.09.19-22.26.38:975][  0]LogTemp: Display: Loaded TP AndroidTargetPlatform
[2018.09.19-22.26.38:975][  0]LogTemp: Display: Loaded TP AndroidTargetPlatform
[2018.09.19-22.26.38:975][  0]LogTemp: Display: Loaded TP AndroidTargetPlatform
[2018.09.19-22.26.38:975][  0]LogTemp: Display: Loaded TP AndroidTargetPlatform
[2018.09.19-22.26.38:976][  0]LogTemp: Display: Loaded TP AndroidTargetPlatform
[2018.09.19-22.26.38:976][  0]LogTemp: Display: Loaded TP AndroidTargetPlatform
[2018.09.19-22.26.38:976][  0]LogTemp: Display: Loaded TP AndroidTargetPlatform
[2018.09.19-22.26.38:976][  0]LogTemp: Display: Loaded TP AndroidTargetPlatform
[2018.09.19-22.26.38:976][  0]LogTemp: Display: Loaded TP AndroidTargetPlatform
[2018.09.19-22.26.38:976][  0]LogTemp: Display: Loaded TP AndroidTargetPlatform
[2018.09.19-22.26.38:976][  0]LogTemp: Display: Loaded TP AndroidTargetPlatform
[2018.09.19-22.26.38:976][  0]LogTemp: Display: Loaded TP AndroidTargetPlatform
[2018.09.19-22.26.38:976][  0]LogTemp: Display: Loaded TP AndroidTargetPlatform
[2018.09.19-22.26.38:981][  0]LogTemp: Display: Loaded TP HTML5TargetPlatform
[2018.09.19-22.26.39:044][  0]LogTemp: Display: Loaded TP IOSTargetPlatform
[2018.09.19-22.26.39:044][  0]LogTemp: Display: Loaded TP IOSTargetPlatform
[2018.09.19-22.26.39:064][  0]LogTemp: Display: Loaded TP TVOSTargetPlatform
[2018.09.19-22.26.39:064][  0]LogTemp: Display: Loaded TP TVOSTargetPlatform
[2018.09.19-22.26.39:075][  0]LogTemp: Display: Loaded TP LinuxClientTargetPlatform
[2018.09.19-22.26.39:089][  0]LogTemp: Display: Loaded TP LinuxNoEditorTargetPlatform
[2018.09.19-22.26.39:100][  0]LogTemp: Display: Loaded TP LinuxServerTargetPlatform
[2018.09.19-22.26.39:114][  0]LogTemp: Display: Loaded TP LinuxTargetPlatform
[2018.09.19-22.26.39:129][  0]LogTemp: Display: Loaded TP LuminTargetPlatform
[2018.09.19-22.26.39:129][  0]LogTargetPlatformManager: Display: Building Assets For Windows
[2018.09.19-22.26.39:207][  0]LogXGEController: Cleaning working directory: C:/Users/Kscha/AppData/Local/Temp/UnrealXGEWorkingDir/
[2018.09.19-22.26.39:208][  0]LogXGEController: Cannot use XGE Controller as Incredibuild is not installed on this machine.
[2018.09.19-22.26.39:208][  0]LogShaderCompilers: Cannot use XGE Shader Compiler as Incredibuild is not installed on this machine.
[2018.09.19-22.26.39:208][  0]LogShaderCompilers: Display: Using Local Shader Compiler.
[2018.09.19-22.26.39:783][  0]LogDerivedDataCache: Display: Max Cache Size: 512 MB
[2018.09.19-22.26.39:830][  0]LogDerivedDataCache: Loaded boot cache 0.05s 73MB C:/Users/Kscha/AppData/Local/UnrealEngine/4.20/DerivedDataCache/Boot.ddc.
[2018.09.19-22.26.39:831][  0]LogDerivedDataCache: Display: Loaded Boot cache: C:/Users/Kscha/AppData/Local/UnrealEngine/4.20/DerivedDataCache/Boot.ddc
[2018.09.19-22.26.39:831][  0]LogDerivedDataCache: FDerivedDataBackendGraph:  Pak pak cache file ../../../../../Dokumente/Github Repos/Survival/Survival/DerivedDataCache/DDC.ddp not found, will not use a pak cache.
[2018.09.19-22.26.39:831][  0]LogDerivedDataCache: Unable to find inner node Pak for hierarchical cache Hierarchy.
[2018.09.19-22.26.39:831][  0]LogDerivedDataCache: FDerivedDataBackendGraph:  CompressedPak pak cache file ../../../../../Dokumente/Github Repos/Survival/Survival/DerivedDataCache/Compressed.ddp not found, will not use a pak cache.
[2018.09.19-22.26.39:831][  0]LogDerivedDataCache: Unable to find inner node CompressedPak for hierarchical cache Hierarchy.
[2018.09.19-22.26.39:842][  0]LogDerivedDataCache: Display: Pak cache opened for reading ../../../Engine/DerivedDataCache/Compressed.ddp.
[2018.09.19-22.26.39:855][  0]LogDerivedDataCache: Using Local data cache path C:/Users/Kscha/AppData/Local/UnrealEngine/Common/DerivedDataCache: Writable
[2018.09.19-22.26.39:855][  0]LogDerivedDataCache: Shared data cache path not found in *engine.ini, will not use an Shared cache.
[2018.09.19-22.26.39:855][  0]LogDerivedDataCache: Unable to find inner node Shared for hierarchical cache Hierarchy.
[2018.09.19-22.26.39:870][  0]LogMaterial: Verifying Global Shaders for PCD3D_SM5
[2018.09.19-22.26.39:871][  0]LogSlate: Using FreeType 2.6.0
[2018.09.19-22.26.39:871][  0]LogSlate: SlateFontServices - WITH_FREETYPE: 1, WITH_HARFBUZZ: 1
[2018.09.19-22.26.39:933][  0]LogAssetRegistry: FAssetRegistry took 0.0276 seconds to start up
[2018.09.19-22.26.40:190][  0]LogInit: Selected Device Profile: [Windows]
[2018.09.19-22.26.40:308][  0]LogSimplygon: Simplygon DLL not present - disabling.
[2018.09.19-22.26.40:313][  0]LogMeshReduction: Using SimplygonSwarm for distributed automatic mesh merging
[2018.09.19-22.26.40:313][  0]LogMeshReduction: Using ProxyLODMeshReduction for automatic mesh merging
[2018.09.19-22.26.40:313][  0]LogMeshReduction: Using QuadricMeshReduction for automatic static mesh reduction
[2018.09.19-22.26.40:313][  0]LogMeshReduction: No automatic skeletal mesh reduction module available
[2018.09.19-22.26.40:348][  0]LogNetVersion: Survival 1.0.0, NetCL: 4212847, EngineNetVer: 5, GameNetVer: 0 (Checksum: 2571501108)
[2018.09.19-22.26.40:839][  0]LogPackageLocalizationCache: Processed 11 localized package path(s) for 2 prioritized culture(s) in 0.133493 seconds
[2018.09.19-22.26.40:848][  0]LogUObjectArray: 38425 objects as part of root set at end of initial load.
[2018.09.19-22.26.40:848][  0]LogUObjectAllocator: 6690872 out of 0 bytes used by permanent object pool.
[2018.09.19-22.26.40:848][  0]LogUObjectArray: CloseDisregardForGC: 0/0 objects in disregard for GC pool
[2018.09.19-22.26.41:606][  0]LogTcpMessaging: Initializing TcpMessaging bridge
[2018.09.19-22.26.41:621][  0]LogUdpMessaging: Initializing bridge on interface 0.0.0.0:0 to multicast group 230.0.0.1:6666.
[2018.09.19-22.26.41:947][  0]SourceControl: Source control is disabled
[2018.09.19-22.26.41:947][  0]SourceControl: Source control is disabled
[2018.09.19-22.26.41:949][  0]SourceControl: Source control is disabled
[2018.09.19-22.26.41:952][  0]SourceControl: Source control is disabled
[2018.09.19-22.26.42:161][  0]LogAndroidPermission: UAndroidPermissionCallbackProxy::GetInstance
[2018.09.19-22.26.42:266][  0]LogOcInput: OculusInput pre-init called
[2018.09.19-22.26.42:332][  0]LogEngine: Initializing Engine...
[2018.09.19-22.26.42:333][  0]LogHMD: Failed to initialize OpenVR with code 110
[2018.09.19-22.26.42:334][  0]LogStats: UGameplayTagsManager::ConstructGameplayTagTree: ImportINI prefixes -  0.000 s
[2018.09.19-22.26.42:334][  0]LogStats: UGameplayTagsManager::ConstructGameplayTagTree: Construct from data asset -  0.000 s
[2018.09.19-22.26.42:334][  0]LogStats: UGameplayTagsManager::ConstructGameplayTagTree: ImportINI -  0.000 s
[2018.09.19-22.26.42:334][  0]LogStats: UGameplayTagsManager::ConstructGameplayTagTree: GameplayTagTreeChangedEvent.Broadcast -  0.000 s
[2018.09.19-22.26.42:499][  0]LogInit: Initializing FReadOnlyCVARCache
[2018.09.19-22.26.42:510][  0]LogAIModule: Creating AISystem for world Untitled
[2018.09.19-22.26.42:587][  0]LogInit: XAudio2 using 'Lautsprecher (Realtek High Definition Audio)' : 2 channels at 48 kHz using 32 bits per sample (channel mask 0x3)
[2018.09.19-22.26.42:621][  0]LogInit: FAudioDevice initialized.
[2018.09.19-22.26.42:621][  0]LogNetVersion: Set ProjectVersion to 1.0.0.0. Version Checksum will be recalculated on next use.
[2018.09.19-22.26.42:688][  0]LogDerivedDataCache: Saved boot cache 0.07s 73MB C:/Users/Kscha/AppData/Local/UnrealEngine/4.20/DerivedDataCache/Boot.ddc.
[2018.09.19-22.26.42:696][  0]LogInit: Texture streaming: Enabled
[2018.09.19-22.26.42:712][  0]LogEngineSessionManager: EngineSessionManager initialized
[2018.09.19-22.26.42:718][  0]LogInit: Transaction tracking system initialized
[2018.09.19-22.26.42:740][  0]BlueprintLog: New page: Editor Load
[2018.09.19-22.26.42:858][  0]LocalizationService: Localization service is disabled
[2018.09.19-22.26.43:080][  0]LogCook: Display: Max memory allowance for cook 16384mb min free memory 0mb
[2018.09.19-22.26.43:080][  0]LogCook: Display: Mobile HDR setting 1
[2018.09.19-22.26.43:080][  0]LogGameplayTags: Display: UGameplayTagsManager::DoneAddingNativeTags. DelegateIsBound: 0
[2018.09.19-22.26.43:081][  0]LogStats: UGameplayTagsManager::ConstructGameplayTagTree: ImportINI prefixes -  0.000 s
[2018.09.19-22.26.43:081][  0]LogStats: UGameplayTagsManager::ConstructGameplayTagTree: Construct from data asset -  0.000 s
[2018.09.19-22.26.43:081][  0]LogStats: UGameplayTagsManager::ConstructGameplayTagTree: ImportINI -  0.000 s
[2018.09.19-22.26.43:081][  0]LogStats: UGameplayTagsManager::ConstructGameplayTagTree: GameplayTagTreeChangedEvent.Broadcast -  0.000 s
[2018.09.19-22.26.43:204][  0]LogFileCache: Scanning file cache for directory 'D:/Dokumente/Github Repos/Survival/Survival/Content/' took 0.01s
[2018.09.19-22.26.43:204][  0]SourceControl: Source control is disabled
[2018.09.19-22.26.43:204][  0]Cmd: MAP LOAD FILE="../../../../../Dokumente/Github Repos/Survival/Survival/Content/FirstPersonCPP/Maps/FirstPersonExampleMap.umap" TEMPLATE=0 SHOWPROGRESS=1 FEATURELEVEL=3
[2018.09.19-22.26.43:204][  0]LightingResults: New page: Lighting Build
[2018.09.19-22.26.43:206][  0]MapCheck: New page: Map Check
[2018.09.19-22.26.43:206][  0]LightingResults: New page: Lighting Build
[2018.09.19-22.26.43:384][  0]LogAIModule: Creating AISystem for world FirstPersonExampleMap
[2018.09.19-22.26.43:394][  0]LogEditorServer: Finished looking for orphan Actors (0.000 secs)
[2018.09.19-22.26.43:414][  0]Cmd: MAP CHECKDEP NOCLEARLOG
[2018.09.19-22.26.43:457][  0]MapCheck: Map check complete: 0 Error(s), 0 Warning(s), took 41,912ms to complete.
[2018.09.19-22.26.43:457][  0]LogFileHelpers: Loading map 'FirstPersonExampleMap' took 0.252
[2018.09.19-22.26.43:621][  0]LogSlate: Updating window title bar state: overlay mode, drag disabled, window buttons hidden, title bar hidden
[2018.09.19-22.26.43:627][  0]LogSlate: Updating window title bar state: overlay mode, drag disabled, window buttons hidden, title bar hidden
[2018.09.19-22.26.43:633][  0]LogSlate: Updating window title bar state: overlay mode, drag disabled, window buttons hidden, title bar hidden
[2018.09.19-22.26.43:639][  0]LogSlate: Updating window title bar state: overlay mode, drag disabled, window buttons hidden, title bar hidden
[2018.09.19-22.26.43:644][  0]LogCollectionManager: Loaded 0 collections in 0.000702 seconds
[2018.09.19-22.26.43:707][  0]LogFileCache: Scanning file cache for directory 'D:/Dokumente/Github Repos/Survival/Survival/Saved/Collections/' took 0.01s
[2018.09.19-22.26.43:707][  0]LogFileCache: Scanning file cache for directory 'D:/Dokumente/Github Repos/Survival/Survival/Content/Developers/Kscha/Collections/' took 0.01s
[2018.09.19-22.26.43:708][  0]LogFileCache: Scanning file cache for directory 'D:/Dokumente/Github Repos/Survival/Survival/Content/Collections/' took 0.01s
[2018.09.19-22.26.43:708][  0]LogCollectionManager: Rebuilt the GUID cache for 0 collections in 0.000001 seconds
[2018.09.19-22.26.43:717][  0]LogContentBrowser: Native class hierarchy populated in 0.0088 seconds. Added 2587 classes and 612 folders.
[2018.09.19-22.26.43:722][  0]LogContentBrowser: Native class hierarchy updated for 'WidgetCarousel' in 0.0004 seconds. Added 0 classes and 0 folders.
[2018.09.19-22.26.43:751][  0]LogContentBrowser: Native class hierarchy updated for 'AddContentDialog' in 0.0003 seconds. Added 0 classes and 0 folders.
[2018.09.19-22.26.43:777][  0]LogContentBrowser: Native class hierarchy updated for 'SceneOutliner' in 0.0003 seconds. Added 1 classes and 2 folders.
[2018.09.19-22.26.43:789][  0]LogSlate: Took 0.000124 seconds to synchronously load lazily loaded font '../../../Engine/Content/Slate/Fonts/Roboto-Regular.ttf' (155K)
[2018.09.19-22.26.43:791][  0]LogSlate: Took 0.000190 seconds to synchronously load lazily loaded font '../../../Engine/Content/Slate/Fonts/Roboto-Bold.ttf' (160K)
[2018.09.19-22.26.43:796][  0]LogSlate: Took 0.000183 seconds to synchronously load lazily loaded font '../../../Engine/Content/Editor/Slate/Fonts/FontAwesome.ttf' (139K)
[2018.09.19-22.26.43:862][  0]LogRenderer: Reallocating scene render targets to support 1208x576 Format 10 NumSamples 1 (Frame:1).
[2018.09.19-22.26.44:017][  0]LogContentBrowser: Native class hierarchy updated for 'HierarchicalLODOutliner' in 0.0003 seconds. Added 0 classes and 0 folders.
[2018.09.19-22.26.44:017][  0]LogLoad: (Engine Initialization) Total time: 7.66 seconds
[2018.09.19-22.26.44:017][  0]LogLoad: (Engine Initialization) Total Blueprint compile time: 0.00 seconds
[2018.09.19-22.26.44:027][  0]LogWindowsTextInputMethodSystem: Display: IME system now deactivated.
[2018.09.19-22.26.44:048][  0]LogContentStreaming: Texture pool size now 1000 MB
[2018.09.19-22.26.44:093][  0]LogSlate: Took 0.000131 seconds to synchronously load lazily loaded font '../../../Engine/Content/Slate/Fonts/Roboto-Light.ttf' (167K)
[2018.09.19-22.26.44:107][  1]LogAssetRegistry: Asset discovery search completed in 4.1983 seconds
[2018.09.19-22.26.44:109][  1]LogCollectionManager: Rebuilt the object cache for 0 collections in 0.000000 seconds (found 0 objects)
[2018.09.19-22.26.44:109][  1]LogCollectionManager: Fixed up redirectors for 0 collections in 0.000125 seconds (updated 0 objects)
[2018.09.19-22.28.18:001][556]LogSlate: FSceneViewport::OnFocusLost() reason 0
[2018.09.19-22.30.20:790][780]LogSlate: Took 0.000158 seconds to synchronously load lazily loaded font '../../../Engine/Content/Slate/Fonts/Roboto-Light.ttf' (167K)
[2018.09.19-22.30.20:829][780]LogSlate: Took 0.000166 seconds to synchronously load lazily loaded font '../../../Engine/Content/Slate/Fonts/Roboto-BoldCondensed.ttf' (158K)
[2018.09.19-22.30.37:907][680]Running D:/Unreal Engine/UE_4.20/Engine/Binaries/DotNET/UnrealBuildTool.exe Win64 DebugGame -TargetType=Editor -Project="D:/Dokumente/Github Repos/Survival/Survival/Survival.uproject" -invalidatemakefilesonly
[2018.09.19-22.30.38:515][680]Invalidating makefiles only in this run.
[2018.09.19-22.30.39:011][680]Candidate modules for hot reload:
[2018.09.19-22.30.39:011][680]  Survival
[2018.09.19-22.30.39:012][680]Launching UnrealBuildTool... [D:/Unreal Engine/UE_4.20/Engine/Binaries/DotNET/UnrealBuildTool.exe  -ModuleWithSuffix=Survival,9896 Win64 DebugGame -TargetType=Editor -Project="../../../../../Dokumente/Github Repos/Survival/Survival/Survival.uproject" -canskiplink "D:/Dokumente/Github Repos/Survival/Survival/Survival.uproject" ]
[2018.09.19-22.30.55:672][680]CompilerResultsLog: New page: Compilation - 20.09.2018 02:30:55
[2018.09.19-22.30.55:672][680]CompilerResultsLog: Using 'git status' to determine working set for adaptive non-unity build.
[2018.09.19-22.30.55:672][680]CompilerResultsLog: Creating makefile for hot reloading SurvivalEditor (no existing makefile)
[2018.09.19-22.30.55:672][680]CompilerResultsLog: Compiling game modules for hot reload
[2018.09.19-22.30.55:672][680]CompilerResultsLog: Using Visual Studio 2017 14.15.26726 toolchain (C:\Program Files (x86)\Microsoft Visual Studio\2017\Community\VC\Tools\MSVC\14.15.26726) and Windows 10.0.16299.0 SDK (C:\Program Files (x86)\Windows Kits\10).
[2018.09.19-22.30.55:672][680]CompilerResultsLog: Parsing headers for SurvivalEditor
[2018.09.19-22.30.55:672][680]CompilerResultsLog:   Running UnrealHeaderTool "D:\Dokumente\Github Repos\Survival\Survival\Survival.uproject" "D:\Dokumente\Github Repos\Survival\Survival\Intermediate\Build\Win64\SurvivalEditor\DebugGame\SurvivalEditor.uhtmanifest" -LogCmds="loginit warning, logexit warning, logdatabase error" -Unattended -WarningsAsErrors -installed
[2018.09.19-22.30.55:673][680]CompilerResultsLog: Reflection code generated for SurvivalEditor in 8,7423389 seconds
[2018.09.19-22.30.55:673][680]CompilerResultsLog: Distributing 5 actions to XGE
[2018.09.19-22.30.55:673][680]CompilerResultsLog: --------------------Build System Warning---------------------------------------
[2018.09.19-22.30.55:673][680]CompilerResultsLog: License is invalid:
[2018.09.19-22.30.55:673][680]CompilerResultsLog:     License information is invalid. Please try reloading your license file using the Coordinator Monitor application on the Coordinator machine, or reinstall IncrediBuild.
[2018.09.19-22.30.55:673][680]CompilerResultsLog:     This build will run in standalone mode.
[2018.09.19-22.30.55:673][680]CompilerResultsLog: 
[2018.09.19-22.30.55:673][680]CompilerResultsLog: -------------------------------------------------------------------------------
[2018.09.19-22.30.55:673][680]CompilerResultsLog: --------------------Project: Default-------------------------------------------
[2018.09.19-22.30.55:673][680]CompilerResultsLog: Survival.init.gen.cpp (0:00.76 at +0:00)
[2018.09.19-22.30.55:673][680]CompilerResultsLog: ClimbPhysMat.gen.cpp (0:00.68 at +0:00)
[2018.09.19-22.30.55:673][680]CompilerResultsLog: ClimbPhysMat.cpp (0:00.56 at +0:01)
[2018.09.19-22.30.55:673][680]CompilerResultsLog: UE4Editor-Survival-9896-Win64-DebugGame.dll (0:00.92 at +0:02)
[2018.09.19-22.30.55:673][680]CompilerResultsLog:    Creating library D:\Dokumente\Github Repos\Survival\Survival\Intermediate\Build\Win64\UE4Editor\DebugGame\Survival\UE4Editor-Survival-9896-Win64-DebugGame.suppressed.lib and object D:\Dokumente\Github Repos\Survival\Survival\Intermediate\Build\Win64\UE4Editor\DebugGame\Survival\UE4Editor-Survival-9896-Win64-DebugGame.suppressed.exp
[2018.09.19-22.30.55:673][680]CompilerResultsLog: UE4Editor-Survival-9896-Win64-DebugGame.lib (0:00.51 at +0:02)
[2018.09.19-22.30.55:673][680]CompilerResultsLog:    Creating library D:\Dokumente\Github Repos\Survival\Survival\Intermediate\Build\Win64\UE4Editor\DebugGame\Survival\UE4Editor-Survival-9896-Win64-DebugGame.lib and object D:\Dokumente\Github Repos\Survival\Survival\Intermediate\Build\Win64\UE4Editor\DebugGame\Survival\UE4Editor-Survival-9896-Win64-DebugGame.exp
[2018.09.19-22.30.55:673][680]CompilerResultsLog: ---------------------- Done ----------------------
[2018.09.19-22.30.55:673][680]CompilerResultsLog: 
[2018.09.19-22.30.55:674][680]CompilerResultsLog:     Rebuild All: 1 succeeded, 0 failed, 0 skipped
[2018.09.19-22.30.55:674][680]CompilerResultsLog: 
[2018.09.19-22.30.55:674][680]CompilerResultsLog: 1 build system warning(s):
[2018.09.19-22.30.55:674][680]CompilerResultsLog:    - License is invalid
[2018.09.19-22.30.55:674][680]CompilerResultsLog: 
[2018.09.19-22.30.55:674][680]CompilerResultsLog: Total build time: 16,46 seconds (XGE executor: 3,59 seconds)
[2018.09.19-22.30.55:674][680]LogMainFrame: MainFrame: Module compiling took 16.685 seconds
[2018.09.19-22.30.55:717][680]LogClass: Could not find existing class ClimbPhysMat in package /Script/Survival for HotReload, assuming new class
[2018.09.19-22.30.55:734][680]LogClass: EItemType HotReload.
[2018.09.19-22.30.55:735][680]LogClass: ItemProperties HotReload.
[2018.09.19-22.30.55:741][680]LogContentBrowser: Native class hierarchy updated for 'Survival' in 0.0003 seconds. Added 16 classes and 9 folders.
[2018.09.19-22.30.55:744][680]Display: HotReload successful (6 functions remapped  1 scriptstructs remapped)
[2018.09.19-22.30.55:863][680]LogContentBrowser: Native class hierarchy populated in 0.0089 seconds. Added 2589 classes and 614 folders.
[2018.09.19-22.30.55:864][680]Display: HotReload took 17.2s.
[2018.09.19-22.30.55:865][680]Warning: HotReload operation took 17.2s.
[2018.09.19-22.30.56:107][680]LogVSAccessor: Warning: Couldn't goto line number '1' in 'D:/Dokumente/Github Repos/Survival/Survival/Source/Survival/ClimbPhysMat.h'
[2018.09.19-22.30.56:255][680]LogSlate: Window 'Add C++ Class' being destroyed
[2018.09.19-22.30.56:266][680]LogHotReload: New module detected: UE4Editor-Survival-9896-Win64-DebugGame.dll
[2018.09.19-22.30.56:293][681]LogHotReload: Starting Hot-Reload from IDE
[2018.09.19-22.30.56:354][681]LogContentBrowser: Native class hierarchy updated for 'Survival' in 0.0004 seconds. Added 16 classes and 9 folders.
[2018.09.19-22.30.56:356][681]Display: HotReload successful (0 functions remapped  1 scriptstructs remapped)
[2018.09.19-22.30.56:385][681]LogContentBrowser: Native class hierarchy populated in 0.0083 seconds. Added 2589 classes and 614 folders.
[2018.09.19-22.30.56:406][681]Display: HotReload took  0.1s.
[2018.09.19-22.31.22:451][931]Candidate modules for hot reload:
[2018.09.19-22.31.22:451][931]  Survival
[2018.09.19-22.31.22:451][931]Launching UnrealBuildTool... [D:/Unreal Engine/UE_4.20/Engine/Binaries/DotNET/UnrealBuildTool.exe  -ModuleWithSuffix=Survival,3582 Win64 DebugGame -TargetType=Editor -Project="../../../../../Dokumente/Github Repos/Survival/Survival/Survival.uproject" -canskiplink "D:/Dokumente/Github Repos/Survival/Survival/Survival.uproject" ]
[2018.09.19-22.31.22:455][931]Warning: Starting HotReload took  0.0s.
[2018.09.19-22.31.23:014][989]LogEditorViewport: Clicking on Actor (LMB): StaticMeshActor (EditorCube21)
[2018.09.19-22.31.37:137][619]CompilerResultsLog: New page: Compilation - 20.09.2018 02:31:37
[2018.09.19-22.31.37:137][619]CompilerResultsLog: Using 'git status' to determine working set for adaptive non-unity build.
[2018.09.19-22.31.37:137][619]CompilerResultsLog: Compiling game modules for hot reload
[2018.09.19-22.31.37:137][619]CompilerResultsLog: Parsing headers for SurvivalEditor
[2018.09.19-22.31.37:137][619]CompilerResultsLog:   Running UnrealHeaderTool "D:\Dokumente\Github Repos\Survival\Survival\Survival.uproject" "D:\Dokumente\Github Repos\Survival\Survival\Intermediate\Build\Win64\SurvivalEditor\DebugGame\SurvivalEditor.uhtmanifest" -LogCmds="loginit warning, logexit warning, logdatabase error" -Unattended -WarningsAsErrors -installed
[2018.09.19-22.31.37:137][619]CompilerResultsLog: Reflection code generated for SurvivalEditor in 9,4773078 seconds
[2018.09.19-22.31.37:137][619]CompilerResultsLog: Distributing 5 actions to XGE
[2018.09.19-22.31.37:137][619]CompilerResultsLog: --------------------Build System Warning---------------------------------------
[2018.09.19-22.31.37:137][619]CompilerResultsLog: License is invalid:
[2018.09.19-22.31.37:137][619]CompilerResultsLog:     License information is invalid. Please try reloading your license file using the Coordinator Monitor application on the Coordinator machine, or reinstall IncrediBuild.
[2018.09.19-22.31.37:138][619]CompilerResultsLog:     This build will run in standalone mode.
[2018.09.19-22.31.37:138][619]CompilerResultsLog: 
[2018.09.19-22.31.37:138][619]CompilerResultsLog: -------------------------------------------------------------------------------
[2018.09.19-22.31.37:138][619]CompilerResultsLog: --------------------Project: Default-------------------------------------------
[2018.09.19-22.31.37:138][619]CompilerResultsLog: Survival.init.gen.cpp (0:00.78 at +0:00)
[2018.09.19-22.31.37:138][619]CompilerResultsLog: ClimbPhysMat.gen.cpp (0:00.68 at +0:00)
[2018.09.19-22.31.37:138][619]CompilerResultsLog: ClimbPhysMat.cpp (0:00.64 at +0:01)
[2018.09.19-22.31.37:138][619]CompilerResultsLog: UE4Editor-Survival-3582-Win64-DebugGame.dll (0:00.98 at +0:02)
[2018.09.19-22.31.37:138][619]CompilerResultsLog:    Creating library D:\Dokumente\Github Repos\Survival\Survival\Intermediate\Build\Win64\UE4Editor\DebugGame\Survival\UE4Editor-Survival-3582-Win64-DebugGame.suppressed.lib and object D:\Dokumente\Github Repos\Survival\Survival\Intermediate\Build\Win64\UE4Editor\DebugGame\Survival\UE4Editor-Survival-3582-Win64-DebugGame.suppressed.exp
[2018.09.19-22.31.37:138][619]CompilerResultsLog: UE4Editor-Survival-3582-Win64-DebugGame.lib (0:00.11 at +0:03)
[2018.09.19-22.31.37:138][619]CompilerResultsLog:    Creating library D:\Dokumente\Github Repos\Survival\Survival\Intermediate\Build\Win64\UE4Editor\DebugGame\Survival\UE4Editor-Survival-3582-Win64-DebugGame.lib and object D:\Dokumente\Github Repos\Survival\Survival\Intermediate\Build\Win64\UE4Editor\DebugGame\Survival\UE4Editor-Survival-3582-Win64-DebugGame.exp
[2018.09.19-22.31.37:138][619]CompilerResultsLog: ---------------------- Done ----------------------
[2018.09.19-22.31.37:138][619]CompilerResultsLog: 
[2018.09.19-22.31.37:138][619]CompilerResultsLog:     Rebuild All: 1 succeeded, 0 failed, 0 skipped
[2018.09.19-22.31.37:138][619]CompilerResultsLog: 
[2018.09.19-22.31.37:139][619]CompilerResultsLog: 1 build system warning(s):
[2018.09.19-22.31.37:139][619]CompilerResultsLog:    - License is invalid
[2018.09.19-22.31.37:139][619]CompilerResultsLog: 
[2018.09.19-22.31.37:139][619]CompilerResultsLog: Total build time: 14,45 seconds (XGE executor: 3,40 seconds)
[2018.09.19-22.31.37:139][619]LogMainFrame: MainFrame: Module compiling took 14.712 seconds
[2018.09.19-22.31.37:176][619]LogClass: Could not find existing class ClimbPhysMat in package /Script/Survival for HotReload, assuming new class
[2018.09.19-22.31.37:190][619]LogClass: EItemType HotReload.
[2018.09.19-22.31.37:190][619]LogClass: ItemProperties HotReload.
[2018.09.19-22.31.37:193][619]LogHotReload: Re-instancing ClimbPhysMat after hot-reload.
[2018.09.19-22.31.37:239][619]LogContentBrowser: Native class hierarchy updated for 'Survival' in 0.0003 seconds. Added 16 classes and 9 folders.
[2018.09.19-22.31.37:242][619]Display: HotReload successful (6 functions remapped  1 scriptstructs remapped)
[2018.09.19-22.31.37:291][619]LogContentBrowser: Native class hierarchy populated in 0.0081 seconds. Added 2589 classes and 614 folders.
[2018.09.19-22.31.37:291][619]Display: HotReload took 14.9s.
[2018.09.19-22.31.38:405][747]LogSlate: FSceneViewport::OnFocusLost() reason 2
[2018.09.19-22.34.04:971][602]LogSlate: FSceneViewport::OnFocusLost() reason 0
[2018.09.19-22.34.12:110][425]LogAssetEditorManager: Opening Asset editor for Class /Script/Survival.ClimbPhysMat
[2018.09.19-22.34.55:725][815]LogSlate: Window 'Pick Physical Material Class' being destroyed
[2018.09.19-22.35.00:289][224]LogSlate: Window 'Delete Assets' being destroyed
[2018.09.19-22.35.03:279][396]LogSlate: Window 'Delete Assets' being destroyed
[2018.09.19-22.36.50:946][241]LogSlate: FSceneViewport::OnFocusLost() reason 2
[2018.09.19-22.36.51:116][241]LogSavePackage: Moving '../../../../../Dokumente/Github Repos/Survival/Survival/Saved/FirstPersonExampleMap1DAB62414DDA0F1B4DDCE28D7FB45D33.tmp' to '../../../../../Dokumente/Github Repos/Survival/Survival/Content/FirstPersonCPP/Maps/FirstPersonExampleMap.umap'
[2018.09.19-22.36.52:267][241]LogSavePackage: Moving '../../../../../Dokumente/Github Repos/Survival/Survival/Saved/FirstPersonExampleMap_BuiltData4012D8DC46B7D40DF27572A811B00FF8.tmp' to '../../../../../Dokumente/Github Repos/Survival/Survival/Content/FirstPersonCPP/Maps/FirstPersonExampleMap_BuiltData.uasset'
[2018.09.19-22.36.53:493][368]LogSlate: Window 'Survival [DebugGame] - Unreal Editor' being destroyed
[2018.09.19-22.36.53:495][368]LogWindowsTextInputMethodSystem: Display: IME system now deactivated.
[2018.09.19-22.36.53:708][369]Cmd: QUIT_EDITOR
[2018.09.19-22.36.53:743][369]LogExit: Preparing to exit.
[2018.09.19-22.36.54:316][369]LogActorComponent: UnregisterComponent: (None.None) Not registered. Aborting.
[2018.09.19-22.36.54:316][369]LogActorComponent: UnregisterComponent: (None.None) Not registered. Aborting.
[2018.09.19-22.36.54:316][369]LogActorComponent: UnregisterComponent: (None.None) Not registered. Aborting.
[2018.09.19-22.36.54:316][369]LogActorComponent: UnregisterComponent: (None.None) Not registered. Aborting.
[2018.09.19-22.36.54:316][369]LogActorComponent: UnregisterComponent: (None.None) Not registered. Aborting.
[2018.09.19-22.36.54:316][369]LogActorComponent: UnregisterComponent: (None.None) Not registered. Aborting.
[2018.09.19-22.36.54:316][369]LogActorComponent: UnregisterComponent: (None.None) Not registered. Aborting.
[2018.09.19-22.36.54:316][369]LogActorComponent: UnregisterComponent: (None.None) Not registered. Aborting.
[2018.09.19-22.36.54:316][369]LogActorComponent: UnregisterComponent: (None.None) Not registered. Aborting.
[2018.09.19-22.36.54:316][369]LogActorComponent: UnregisterComponent: (None.None) Not registered. Aborting.
[2018.09.19-22.36.54:316][369]LogActorComponent: UnregisterComponent: (None.None) Not registered. Aborting.
[2018.09.19-22.36.54:316][369]LogActorComponent: UnregisterComponent: (None.None) Not registered. Aborting.
[2018.09.19-22.36.54:316][369]LogActorComponent: UnregisterComponent: (None.None) Not registered. Aborting.
[2018.09.19-22.36.54:316][369]LogActorComponent: UnregisterComponent: (None.None) Not registered. Aborting.
[2018.09.19-22.36.54:332][369]LogExit: Editor shut down
[2018.09.19-22.36.54:332][369]LogExit: Transaction tracking system shut down
[2018.09.19-22.36.54:889][369]LogExit: Object subsystem successfully closed.
[2018.09.19-22.36.54:920][369]LogShaderCompilers: Display: Shaders left to compile 0
[2018.09.19-22.36.54:923][369]LogD3D11RHI: Shutdown
[2018.09.19-22.36.54:923][369]LogD3D11RHI: CleanupD3DDevice
[2018.09.19-22.36.54:924][369]LogD3D11RHI: ~FD3D11DynamicRHI
[2018.09.19-22.36.54:930][369]LogModuleManager: Shutting down and abandoning module Survival (615)
[2018.09.19-22.36.54:930][369]LogModuleManager: Shutting down and abandoning module HierarchicalLODOutliner (612)
[2018.09.19-22.36.54:930][369]LogModuleManager: Shutting down and abandoning module SceneOutliner (610)
[2018.09.19-22.36.54:930][369]LogModuleManager: Shutting down and abandoning module AddContentDialog (608)
[2018.09.19-22.36.54:931][369]LogModuleManager: Shutting down and abandoning module WidgetCarousel (607)
[2018.09.19-22.36.54:931][369]LogModuleManager: Shutting down and abandoning module EditorWidgets (604)
[2018.09.19-22.36.54:931][369]LogModuleManager: Shutting down and abandoning module CollectionManager (602)
[2018.09.19-22.36.54:931][369]LogModuleManager: Shutting down and abandoning module StatsViewer (600)
[2018.09.19-22.36.54:931][369]LogModuleManager: Shutting down and abandoning module FoliageEdit (598)
[2018.09.19-22.36.54:931][369]LogModuleManager: Shutting down and abandoning module LandscapeEditor (596)
[2018.09.19-22.36.54:931][369]LogModuleManager: Shutting down and abandoning module MeshPaintMode (594)
[2018.09.19-22.36.54:931][369]LogModuleManager: Shutting down and abandoning module SceneDepthPickerMode (592)
[2018.09.19-22.36.54:931][369]LogModuleManager: Shutting down and abandoning module ActorPickerMode (590)
[2018.09.19-22.36.54:931][369]LogModuleManager: Shutting down and abandoning module GeometryMode (588)
[2018.09.19-22.36.54:931][369]LogModuleManager: Shutting down and abandoning module TextureAlignMode (586)
[2018.09.19-22.36.54:932][369]LogModuleManager: Shutting down and abandoning module BspMode (584)
[2018.09.19-22.36.54:932][369]LogModuleManager: Shutting down and abandoning module PIEPreviewDeviceProfileSelector (582)
[2018.09.19-22.36.54:932][369]LogModuleManager: Shutting down and abandoning module SequenceRecorderSections (580)
[2018.09.19-22.36.54:932][369]LogModuleManager: Shutting down and abandoning module AutomationWorker (578)
[2018.09.19-22.36.54:932][369]LogModuleManager: Shutting down and abandoning module AudioCaptureEditor (576)
[2018.09.19-22.36.54:932][369]LogModuleManager: Shutting down and abandoning module SequenceRecorder (575)
[2018.09.19-22.36.54:932][369]LogModuleManager: Shutting down and abandoning module MatineeToLevelSequence (572)
[2018.09.19-22.36.54:932][369]LogModuleManager: Shutting down and abandoning module LevelSequenceEditor (570)
[2018.09.19-22.36.54:932][369]LogModuleManager: Shutting down and abandoning module PlacementMode (569)
[2018.09.19-22.36.54:932][369]LogModuleManager: Shutting down and abandoning module MaterialEditor (568)
[2018.09.19-22.36.54:932][369]LogModuleManager: Shutting down and abandoning module WmfMediaFactory (564)
[2018.09.19-22.36.54:932][369]LogModuleManager: Shutting down and abandoning module WmfMediaEditor (562)
[2018.09.19-22.36.54:932][369]LogModuleManager: Shutting down and abandoning module MediaPlayerEditor (560)
[2018.09.19-22.36.54:933][369]LogModuleManager: Shutting down and abandoning module OpenExrWrapper (558)
[2018.09.19-22.36.54:933][369]LogModuleManager: Shutting down and abandoning module ImgMediaFactory (556)
[2018.09.19-22.36.54:933][369]LogModuleManager: Shutting down and abandoning module ImgMediaEditor (554)
[2018.09.19-22.36.54:933][369]LogModuleManager: Shutting down and abandoning module AvfMediaFactory (552)
[2018.09.19-22.36.54:933][369]LogModuleManager: Shutting down and abandoning module AvfMediaEditor (550)
[2018.09.19-22.36.54:933][369]LogModuleManager: Shutting down and abandoning module AndroidMediaFactory (548)
[2018.09.19-22.36.54:933][369]LogModuleManager: Shutting down and abandoning module AndroidMediaEditor (546)
[2018.09.19-22.36.54:933][369]LogModuleManager: Shutting down and abandoning module MagicLeapCameraPreviewFactory (544)
[2018.09.19-22.36.54:933][369]LogModuleManager: Shutting down and abandoning module MagicLeapMediaFactory (542)
[2018.09.19-22.36.54:933][369]LogModuleManager: Shutting down and abandoning module MagicLeapMediaEditor (540)
[2018.09.19-22.36.54:933][369]LogModuleManager: Shutting down and abandoning module CharacterAI (538)
[2018.09.19-22.36.54:933][369]LogModuleManager: Shutting down and abandoning module SmartSnapping (536)
[2018.09.19-22.36.54:933][369]LogModuleManager: Shutting down and abandoning module SessionServices (534)
[2018.09.19-22.36.54:933][369]LogModuleManager: Shutting down and abandoning module ViewportSnapping (532)
[2018.09.19-22.36.54:933][369]LogModuleManager: Shutting down and abandoning module ViewportInteraction (530)
[2018.09.19-22.36.54:933][369]LogModuleManager: Shutting down and abandoning module ClothPainter (528)
[2018.09.19-22.36.54:933][369]LogModuleManager: Shutting down and abandoning module SkeletalMeshEditor (527)
[2018.09.19-22.36.54:933][369]LogModuleManager: Shutting down and abandoning module LogVisualizer (524)
[2018.09.19-22.36.54:934][369]LogModuleManager: Shutting down and abandoning module IntroTutorials (522)
[2018.09.19-22.36.54:934][369]LogModuleManager: Shutting down and abandoning module GameProjectGeneration (521)
[2018.09.19-22.36.54:934][369]LogModuleManager: Shutting down and abandoning module LuminPlatformEditor (518)
[2018.09.19-22.36.54:934][369]LogModuleManager: Shutting down and abandoning module IOSPlatformEditor (516)
[2018.09.19-22.36.54:934][369]LogModuleManager: Shutting down and abandoning module HTML5PlatformEditor (514)
[2018.09.19-22.36.54:934][369]LogModuleManager: Shutting down and abandoning module AndroidPlatformEditor (512)
[2018.09.19-22.36.54:934][369]LogModuleManager: Shutting down and abandoning module AndroidDeviceDetection (511)
[2018.09.19-22.36.55:406][369]LogModuleManager: Shutting down and abandoning module WindowsPlatformEditor (508)
[2018.09.19-22.36.55:406][369]LogModuleManager: Shutting down and abandoning module LuminRuntimeSettings (506)
[2018.09.19-22.36.55:406][369]LogModuleManager: Shutting down and abandoning module IOSRuntimeSettings (504)
[2018.09.19-22.36.55:406][369]LogModuleManager: Shutting down and abandoning module AndroidRuntimeSettings (502)
[2018.09.19-22.36.55:406][369]LogModuleManager: Shutting down and abandoning module InputBindingEditor (500)
[2018.09.19-22.36.55:406][369]LogModuleManager: Shutting down and abandoning module MergeActors (498)
[2018.09.19-22.36.55:406][369]LogModuleManager: Shutting down and abandoning module LocalizationDashboard (496)
[2018.09.19-22.36.55:406][369]LogModuleManager: Shutting down and abandoning module LocalizationService (495)
[2018.09.19-22.36.55:406][369]LogModuleManager: Shutting down and abandoning module HardwareTargeting (492)
[2018.09.19-22.36.55:406][369]LogModuleManager: Shutting down and abandoning module DeviceProfileEditor (490)
[2018.09.19-22.36.55:406][369]LogModuleManager: Shutting down and abandoning module UndoHistory (488)
[2018.09.19-22.36.55:406][369]LogModuleManager: Shutting down and abandoning module XmlParser (486)
[2018.09.19-22.36.55:406][369]LogModuleManager: Shutting down and abandoning module Blutility (484)
[2018.09.19-22.36.55:406][369]LogModuleManager: Shutting down and abandoning module ProjectSettingsViewer (482)
[2018.09.19-22.36.55:406][369]LogModuleManager: Shutting down and abandoning module ProjectTargetPlatformEditor (481)
[2018.09.19-22.36.55:407][369]LogModuleManager: Shutting down and abandoning module EditorSettingsViewer (478)
[2018.09.19-22.36.55:407][369]LogModuleManager: Shutting down and abandoning module SettingsEditor (476)
[2018.09.19-22.36.55:407][369]LogModuleManager: Shutting down and abandoning module ProjectLauncher (474)
[2018.09.19-22.36.55:407][369]LogModuleManager: Shutting down and abandoning module SessionFrontend (472)
[2018.09.19-22.36.55:407][369]LogModuleManager: Shutting down and abandoning module ProfilerClient (470)
[2018.09.19-22.36.55:407][369]LogModuleManager: Shutting down and abandoning module DeviceManager (468)
[2018.09.19-22.36.55:407][369]LogModuleManager: Shutting down and abandoning module TargetDeviceServices (467)
[2018.09.19-22.36.55:462][369]LogModuleManager: Shutting down and abandoning module AutomationController (464)
[2018.09.19-22.36.55:462][369]LogModuleManager: Shutting down and abandoning module AutomationWindow (462)
[2018.09.19-22.36.55:462][369]LogModuleManager: Shutting down and abandoning module Layers (460)
[2018.09.19-22.36.55:462][369]LogModuleManager: Shutting down and abandoning module ComponentVisualizers (458)
[2018.09.19-22.36.55:462][369]LogModuleManager: Shutting down and abandoning module DetailCustomizations (456)
[2018.09.19-22.36.55:462][369]LogModuleManager: Shutting down and abandoning module PackagesDialog (454)
[2018.09.19-22.36.55:462][369]LogModuleManager: Shutting down and abandoning module Persona (452)
[2018.09.19-22.36.55:462][369]LogModuleManager: Shutting down and abandoning module AdvancedPreviewScene (451)
[2018.09.19-22.36.55:462][369]LogModuleManager: Shutting down and abandoning module AnimGraph (449)
[2018.09.19-22.36.55:462][369]LogModuleManager: Shutting down and abandoning module Kismet (446)
[2018.09.19-22.36.55:463][369]LogModuleManager: Shutting down and abandoning module GraphEditor (444)
[2018.09.19-22.36.55:463][369]LogModuleManager: Shutting down and abandoning module ClassViewer (442)
[2018.09.19-22.36.55:463][369]LogModuleManager: Shutting down and abandoning module Toolbox (440)
[2018.09.19-22.36.55:463][369]LogModuleManager: Shutting down and abandoning module DesktopPlatform (439)
[2018.09.19-22.36.55:464][369]LogModuleManager: Shutting down and abandoning module ModuleUI (436)
[2018.09.19-22.36.55:464][369]LogModuleManager: Shutting down and abandoning module MovieSceneTools (434)
[2018.09.19-22.36.55:464][369]LogModuleManager: Shutting down and abandoning module OutputLog (432)
[2018.09.19-22.36.55:464][369]LogModuleManager: Shutting down and abandoning module GammaUI (430)
[2018.09.19-22.36.55:464][369]LogModuleManager: Shutting down and abandoning module Documentation (428)
[2018.09.19-22.36.55:464][369]LogModuleManager: Shutting down and abandoning module MovieSceneTracks (426)
[2018.09.19-22.36.55:464][369]LogModuleManager: Shutting down and abandoning module MovieScene (424)
[2018.09.19-22.36.55:464][369]LogModuleManager: Shutting down and abandoning module StreamingPauseRendering (422)
[2018.09.19-22.36.55:464][369]LogModuleManager: Shutting down and abandoning module LauncherPlatform (420)
[2018.09.19-22.36.55:464][369]LogModuleManager: Shutting down and abandoning module AnalyticsET (418)
[2018.09.19-22.36.55:464][369]LogModuleManager: Shutting down and abandoning module PortalServices (416)
[2018.09.19-22.36.55:464][369]LogModuleManager: Shutting down and abandoning module PortalRpc (414)
[2018.09.19-22.36.55:464][369]LogModuleManager: Shutting down and abandoning module MessagingRpc (412)
[2018.09.19-22.36.55:464][369]LogModuleManager: Shutting down and abandoning module AIModule (410)
[2018.09.19-22.36.55:464][369]LogModuleManager: Shutting down and abandoning module GameplayDebugger (409)
[2018.09.19-22.36.55:464][369]LogModuleManager: Shutting down and abandoning module AITestSuite (407)
[2018.09.19-22.36.55:464][369]LogModuleManager: Shutting down and abandoning module NavigationSystem (405)
[2018.09.19-22.36.55:464][369]LogModuleManager: Shutting down and abandoning module ProfilerService (402)
[2018.09.19-22.36.55:696][369]LogModuleManager: Shutting down and abandoning module TaskGraph (400)
[2018.09.19-22.36.55:696][369]LogModuleManager: Shutting down and abandoning module SteamVRController (398)
[2018.09.19-22.36.55:696][369]LogModuleManager: Shutting down and abandoning module ProceduralMeshComponentEditor (396)
[2018.09.19-22.36.55:696][369]LogModuleManager: Shutting down and abandoning module ProceduralMeshComponent (394)
[2018.09.19-22.36.55:696][369]LogModuleManager: Shutting down and abandoning module OculusInput (392)
[2018.09.19-22.36.55:696][369]LogModuleManager: Shutting down and abandoning module MobilePatchingUtils (390)
[2018.09.19-22.36.55:696][369]LogModuleManager: Shutting down and abandoning module EditableMesh (388)
[2018.09.19-22.36.55:696][369]LogModuleManager: Shutting down and abandoning module CustomMeshComponent (386)
[2018.09.19-22.36.55:697][369]LogModuleManager: Shutting down and abandoning module CableComponent (384)
[2018.09.19-22.36.55:697][369]LogModuleManager: Shutting down and abandoning module AudioCapture (382)
[2018.09.19-22.36.55:697][369]LogModuleManager: Shutting down and abandoning module ArchVisCharacter (380)
[2018.09.19-22.36.55:697][369]LogModuleManager: Shutting down and abandoning module AndroidPermission (378)
[2018.09.19-22.36.55:697][369]LogModuleManager: Shutting down and abandoning module NUTUnrealEngine4 (376)
[2018.09.19-22.36.55:697][369]LogModuleManager: Shutting down and abandoning module NetcodeUnitTest (374)
[2018.09.19-22.36.55:697][369]LogModuleManager: Shutting down and abandoning module MediaCompositingEditor (372)
[2018.09.19-22.36.55:697][369]LogModuleManager: Shutting down and abandoning module MediaCompositing (370)
[2018.09.19-22.36.55:697][369]LogModuleManager: Shutting down and abandoning module LinearTimecode (368)
[2018.09.19-22.36.55:697][369]LogModuleManager: Shutting down and abandoning module ImgMedia (366)
[2018.09.19-22.36.55:702][369]LogModuleManager: Shutting down and abandoning module HTML5Networking (364)
[2018.09.19-22.36.55:702][369]LogModuleManager: Shutting down and abandoning module GeometryCacheTracks (362)
[2018.09.19-22.36.55:702][369]LogModuleManager: Shutting down and abandoning module GeometryCacheSequencer (360)
[2018.09.19-22.36.55:702][369]LogModuleManager: Shutting down and abandoning module BackChannel (358)
[2018.09.19-22.36.55:702][369]LogModuleManager: Shutting down and abandoning module AppleVision (356)
[2018.09.19-22.36.55:702][369]LogModuleManager: Shutting down and abandoning module AppleImageUtils (354)
[2018.09.19-22.36.55:702][369]LogModuleManager: Shutting down and abandoning module AlembicImporter (352)
[2018.09.19-22.36.55:702][369]LogModuleManager: Shutting down and abandoning module AlembicLibrary (351)
[2018.09.19-22.36.55:702][369]LogModuleManager: Shutting down and abandoning module GeometryCache (350)
[2018.09.19-22.36.55:702][369]LogModuleManager: Shutting down and abandoning module GeometryCacheEd (349)
[2018.09.19-22.36.55:702][369]LogModuleManager: Shutting down and abandoning module DatasmithContentEditor (344)
[2018.09.19-22.36.55:702][369]LogModuleManager: Shutting down and abandoning module DatasmithContent (342)
[2018.09.19-22.36.55:703][369]LogModuleManager: Shutting down and abandoning module SpeedTreeImporter (340)
[2018.09.19-22.36.55:703][369]LogModuleManager: Shutting down and abandoning module PluginBrowser (338)
[2018.09.19-22.36.55:703][369]LogModuleManager: Shutting down and abandoning module MobileLauncherProfileWizard (336)
[2018.09.19-22.36.55:703][369]LogModuleManager: Shutting down and abandoning module PolygonModeling (334)
[2018.09.19-22.36.55:703][369]LogModuleManager: Shutting down and abandoning module MeshEditor (332)
[2018.09.19-22.36.55:703][369]LogModuleManager: Shutting down and abandoning module CryptoKeysOpenSSL (330)
[2018.09.19-22.36.55:703][369]LogModuleManager: Shutting down and abandoning module CryptoKeys (328)
[2018.09.19-22.36.55:704][369]LogModuleManager: Shutting down and abandoning module VisualStudioSourceCodeAccess (326)
[2018.09.19-22.36.55:704][369]LogModuleManager: Shutting down and abandoning module VisualStudioCodeSourceCodeAccess (324)
[2018.09.19-22.36.55:704][369]LogModuleManager: Shutting down and abandoning module UObjectPlugin (322)
[2018.09.19-22.36.55:704][369]LogModuleManager: Shutting down and abandoning module SubversionSourceControl (320)
[2018.09.19-22.36.55:704][369]LogModuleManager: Shutting down and abandoning module PerforceSourceControl (318)
[2018.09.19-22.36.55:704][369]LogModuleManager: Shutting down and abandoning module GitSourceControl (316)
[2018.09.19-22.36.55:704][369]LogModuleManager: Shutting down and abandoning module SourceControl (315)
[2018.09.19-22.36.55:704][369]LogModuleManager: Shutting down and abandoning module CLionSourceCodeAccess (312)
[2018.09.19-22.36.55:704][369]LogModuleManager: Shutting down and abandoning module LightPropagationVolumeEditor (310)
[2018.09.19-22.36.55:704][369]LogModuleManager: Shutting down and abandoning module PaperTiledImporter (308)
[2018.09.19-22.36.55:704][369]LogModuleManager: Shutting down and abandoning module PaperSpriteSheetImporter (306)
[2018.09.19-22.36.55:704][369]LogModuleManager: Shutting down and abandoning module Paper2DEditor (304)
[2018.09.19-22.36.55:704][369]LogModuleManager: Shutting down and abandoning module MeshPaint (303)
[2018.09.19-22.36.55:704][369]LogModuleManager: Shutting down and abandoning module RuntimePhysXCooking (298)
[2018.09.19-22.36.55:704][369]LogModuleManager: Shutting down and abandoning module PhysXVehiclesEditor (296)
[2018.09.19-22.36.55:704][369]LogModuleManager: Shutting down and abandoning module PhysXVehicles (294)
[2018.09.19-22.36.55:704][369]LogModuleManager: Shutting down and abandoning module OculusEditor (292)
[2018.09.19-22.36.55:704][369]LogModuleManager: Shutting down and abandoning module LocationServicesBPLibrary (290)
[2018.09.19-22.36.55:704][369]LogModuleManager: Shutting down and abandoning module ImmediatePhysicsEditor (288)
[2018.09.19-22.36.55:704][369]LogModuleManager: Shutting down and abandoning module ImmediatePhysics (286)
[2018.09.19-22.36.55:704][369]LogModuleManager: Shutting down and abandoning module ActorSequence (284)
[2018.09.19-22.36.55:705][369]LogModuleManager: Shutting down and abandoning module UdpMessaging (282)
[2018.09.19-22.36.55:805][369]LogModuleManager: Shutting down and abandoning module TcpMessaging (280)
[2018.09.19-22.36.55:906][369]LogModuleManager: Shutting down and abandoning module MagicLeapAudio (278)
[2018.09.19-22.36.55:906][369]LogModuleManager: Shutting down and abandoning module GameplayTagsEditor (276)
[2018.09.19-22.36.55:906][369]LogModuleManager: Shutting down and abandoning module FacialAnimationEditor (274)
[2018.09.19-22.36.55:906][369]LogModuleManager: Shutting down and abandoning module FacialAnimation (272)
[2018.09.19-22.36.55:906][369]LogModuleManager: Shutting down and abandoning module DataValidation (270)
[2018.09.19-22.36.55:906][369]LogModuleManager: Shutting down and abandoning module AssetManagerEditor (268)
[2018.09.19-22.36.55:906][369]LogModuleManager: Shutting down and abandoning module LevelEditor (267)
[2018.09.19-22.36.55:906][369]LogModuleManager: Shutting down and abandoning module PixelInspectorModule (266)
[2018.09.19-22.36.55:907][369]LogModuleManager: Shutting down and abandoning module CommonMenuExtensions (264)
[2018.09.19-22.36.55:907][369]LogModuleManager: Shutting down and abandoning module MainFrame (262)
[2018.09.19-22.36.55:907][369]LogModuleManager: Shutting down and abandoning module HotReload (261)
[2018.09.19-22.36.55:907][369]LogModuleManager: Shutting down and abandoning module ContentBrowser (257)
[2018.09.19-22.36.55:908][369]LogModuleManager: Shutting down and abandoning module TreeMap (255)
[2018.09.19-22.36.55:908][369]LogModuleManager: Shutting down and abandoning module LightPropagationVolumeRuntime (252)
[2018.09.19-22.36.55:908][369]LogModuleManager: Shutting down and abandoning module AISupportModule (250)
[2018.09.19-22.36.55:908][369]LogModuleManager: Shutting down and abandoning module Paper2D (248)
[2018.09.19-22.36.55:908][369]LogModuleManager: Shutting down and abandoning module WindowsMoviePlayer (246)
[2018.09.19-22.36.55:908][369]LogModuleManager: Shutting down and abandoning module WmfMedia (244)
[2018.09.19-22.36.55:911][369]LogModuleManager: Shutting down and abandoning module Media (243)
[2018.09.19-22.36.55:918][369]LogModuleManager: Shutting down and abandoning module PacketHandler (240)
[2018.09.19-22.36.55:918][369]LogModuleManager: Shutting down and abandoning module ClothingSystemEditor (238)
[2018.09.19-22.36.55:918][369]LogModuleManager: Shutting down and abandoning module ClothingSystemRuntime (236)
[2018.09.19-22.36.55:918][369]LogModuleManager: Shutting down and abandoning module MediaAssets (234)
[2018.09.19-22.36.55:918][369]LogModuleManager: Shutting down and abandoning module Overlay (232)
[2018.09.19-22.36.55:918][369]LogModuleManager: Shutting down and abandoning module OverlayEditor (231)
[2018.09.19-22.36.55:918][369]LogModuleManager: Shutting down and abandoning module VREditor (228)
[2018.09.19-22.36.55:918][369]LogModuleManager: Shutting down and abandoning module StringTableEditor (226)
[2018.09.19-22.36.55:918][369]LogModuleManager: Shutting down and abandoning module GameplayTasksEditor (224)
[2018.09.19-22.36.55:918][369]LogModuleManager: Shutting down and abandoning module BehaviorTreeEditor (222)
[2018.09.19-22.36.55:919][369]LogModuleManager: Shutting down and abandoning module FunctionalTesting (220)
[2018.09.19-22.36.55:919][369]LogModuleManager: Shutting down and abandoning module CollisionAnalyzer (218)
[2018.09.19-22.36.55:919][369]LogModuleManager: Shutting down and abandoning module WorkspaceMenuStructure (217)
[2018.09.19-22.36.55:919][369]LogModuleManager: Shutting down and abandoning module UMG (214)
[2018.09.19-22.36.55:919][369]LogModuleManager: Shutting down and abandoning module UMGEditor (213)
[2018.09.19-22.36.55:919][369]LogModuleManager: Shutting down and abandoning module Sequencer (212)
[2018.09.19-22.36.55:919][369]LogModuleManager: Shutting down and abandoning module MessageLog (209)
[2018.09.19-22.36.55:919][369]LogModuleManager: Shutting down and abandoning module SlateReflector (204)
[2018.09.19-22.36.55:919][369]LogModuleManager: Shutting down and abandoning module Slate (202)
[2018.09.19-22.36.55:919][369]LogModuleManager: Shutting down and abandoning module EditorStyle (200)
[2018.09.19-22.36.55:938][369]LogModuleManager: Shutting down and abandoning module MRMesh (198)
[2018.09.19-22.36.55:938][369]LogModuleManager: Shutting down and abandoning module SourceCodeAccess (196)
[2018.09.19-22.36.55:938][369]LogModuleManager: Shutting down and abandoning module HeadMountedDisplay (194)
[2018.09.19-22.36.55:939][369]LogModuleManager: Shutting down and abandoning module XAudio2 (192)
[2018.09.19-22.36.55:939][369]LogModuleManager: Shutting down and abandoning module Networking (190)
[2018.09.19-22.36.55:939][369]LogModuleManager: Shutting down and abandoning module Core (188)
[2018.09.19-22.36.55:939][369]LogModuleManager: Shutting down and abandoning module LevelSequence (186)
[2018.09.19-22.36.55:939][369]LogModuleManager: Shutting down and abandoning module KismetCompiler (184)
[2018.09.19-22.36.55:939][369]LogModuleManager: Shutting down and abandoning module MeshUtilities (182)
[2018.09.19-22.36.55:939][369]LogModuleManager: Shutting down and abandoning module MeshMergeUtilities (181)
[2018.09.19-22.36.55:939][369]LogModuleManager: Shutting down and abandoning module MeshReductionInterface (180)
[2018.09.19-22.36.55:939][369]LogModuleManager: Shutting down and abandoning module SimplygonSwarm (179)
[2018.09.19-22.36.55:939][369]LogModuleManager: Shutting down and abandoning module ProxyLODMeshReduction (177)
[2018.09.19-22.36.55:939][369]LogModuleManager: Shutting down and abandoning module SimplygonMeshReduction (175)
[2018.09.19-22.36.55:939][369]LogModuleManager: Shutting down and abandoning module QuadricMeshReduction (173)
[2018.09.19-22.36.55:939][369]LogModuleManager: Shutting down and abandoning module MaterialBaking (169)
[2018.09.19-22.36.55:939][369]LogModuleManager: Shutting down and abandoning module DirectoryWatcher (165)
[2018.09.19-22.36.55:939][369]LogModuleManager: Shutting down and abandoning module DerivedDataCache (162)
[2018.09.19-22.36.55:958][369]LogDerivedDataCache: Shutdown
[2018.09.19-22.36.55:958][369]LogModuleManager: Shutting down and abandoning module XGEController (160)
[2018.09.19-22.36.55:958][369]LogXGEController: Cleaning working directory: C:/Users/Kscha/AppData/Local/Temp/UnrealXGEWorkingDir/
[2018.09.19-22.36.55:958][369]LogModuleManager: Shutting down and abandoning module TargetPlatform (158)
[2018.09.19-22.36.55:958][369]LogModuleManager: Shutting down and abandoning module VulkanShaderFormat (157)
[2018.09.19-22.36.55:959][369]LogModuleManager: Shutting down and abandoning module ShaderFormatVectorVM (155)
[2018.09.19-22.36.55:959][369]LogModuleManager: Shutting down and abandoning module ShaderFormatOpenGL (153)
[2018.09.19-22.36.55:959][369]LogModuleManager: Shutting down and abandoning module ShaderFormatD3D (151)
[2018.09.19-22.36.55:959][369]LogModuleManager: Shutting down and abandoning module MetalShaderFormat (149)
[2018.09.19-22.36.55:959][369]LogModuleManager: Shutting down and abandoning module TextureFormatUncompressed (147)
[2018.09.19-22.36.55:959][369]LogModuleManager: Shutting down and abandoning module TextureFormatPVR (145)
[2018.09.19-22.36.55:959][369]LogModuleManager: Shutting down and abandoning module TextureFormatDXT (143)
[2018.09.19-22.36.55:959][369]LogModuleManager: Shutting down and abandoning module TextureFormatIntelISPCTexComp (141)
[2018.09.19-22.36.55:961][369]LogModuleManager: Shutting down and abandoning module TextureFormatASTC (139)
[2018.09.19-22.36.55:961][369]LogModuleManager: Shutting down and abandoning module ImageWrapper (138)
[2018.09.19-22.36.55:961][369]LogModuleManager: Shutting down and abandoning module TextureFormatAndroid (135)
[2018.09.19-22.36.55:961][369]LogModuleManager: Shutting down and abandoning module AudioFormatOpus (133)
[2018.09.19-22.36.55:961][369]LogModuleManager: Shutting down and abandoning module AudioFormatOgg (131)
[2018.09.19-22.36.55:961][369]LogModuleManager: Shutting down and abandoning module AudioFormatADPCM (129)
[2018.09.19-22.36.55:961][369]LogModuleManager: Shutting down and abandoning module LuminTargetPlatform (127)
[2018.09.19-22.36.55:961][369]LogModuleManager: Shutting down and abandoning module LinuxTargetPlatform (125)
[2018.09.19-22.36.55:961][369]LogModuleManager: Shutting down and abandoning module LinuxServerTargetPlatform (123)
[2018.09.19-22.36.55:961][369]LogModuleManager: Shutting down and abandoning module LinuxNoEditorTargetPlatform (121)
[2018.09.19-22.36.55:961][369]LogModuleManager: Shutting down and abandoning module LinuxClientTargetPlatform (119)
[2018.09.19-22.36.55:961][369]LogModuleManager: Shutting down and abandoning module TVOSTargetPlatform (117)
[2018.09.19-22.36.55:962][369]LogModuleManager: Shutting down and abandoning module Messaging (115)
[2018.09.19-22.36.55:962][369]LogModuleManager: Shutting down and abandoning module IOSTargetPlatform (113)
[2018.09.19-22.36.55:963][369]LogModuleManager: Shutting down and abandoning module HTML5TargetPlatform (111)
[2018.09.19-22.36.55:963][369]LogModuleManager: Shutting down and abandoning module AndroidTargetPlatform (109)
[2018.09.19-22.36.55:967][369]LogModuleManager: Shutting down and abandoning module WindowsTargetPlatform (107)
[2018.09.19-22.36.55:968][369]LogModuleManager: Shutting down and abandoning module WindowsServerTargetPlatform (105)
[2018.09.19-22.36.55:968][369]LogModuleManager: Shutting down and abandoning module WindowsNoEditorTargetPlatform (103)
[2018.09.19-22.36.55:968][369]LogModuleManager: Shutting down and abandoning module WindowsClientTargetPlatform (101)
[2018.09.19-22.36.55:968][369]LogModuleManager: Shutting down and abandoning module MacTargetPlatform (99)
[2018.09.19-22.36.55:968][369]LogModuleManager: Shutting down and abandoning module MacServerTargetPlatform (97)
[2018.09.19-22.36.55:968][369]LogModuleManager: Shutting down and abandoning module MacNoEditorTargetPlatform (95)
[2018.09.19-22.36.55:968][369]LogModuleManager: Shutting down and abandoning module MacClientTargetPlatform (93)
[2018.09.19-22.36.55:968][369]LogModuleManager: Shutting down and abandoning module AllDesktopTargetPlatform (91)
[2018.09.19-22.36.55:968][369]LogModuleManager: Shutting down and abandoning module InputCore (88)
[2018.09.19-22.36.55:968][369]LogModuleManager: Shutting down and abandoning module Settings (86)
[2018.09.19-22.36.55:968][369]LogModuleManager: Shutting down and abandoning module PhysXCooking (84)
[2018.09.19-22.36.55:968][369]LogModuleManager: Shutting down and abandoning module SteamVR (82)
[2018.09.19-22.36.55:968][369]LogModuleManager: Shutting down and abandoning module OculusHMD (80)
[2018.09.19-22.36.55:968][369]LogModuleManager: Shutting down and abandoning module ExampleDeviceProfileSelector (78)
[2018.09.19-22.36.55:968][369]LogModuleManager: Shutting down and abandoning module LauncherChunkInstaller (76)
[2018.09.19-22.36.55:969][369]LogModuleManager: Shutting down and abandoning module OnlineBlueprintSupport (74)
[2018.09.19-22.36.55:969][369]LogModuleManager: Shutting down and abandoning module OnlineSubsystem (70)
[2018.09.19-22.36.55:969][369]LogModuleManager: Shutting down and abandoning module XMPP (65)
[2018.09.19-22.36.55:970][369]LogModuleManager: Shutting down and abandoning module WebSockets (64)
[2018.09.19-22.36.55:991][369]LogModuleManager: Shutting down and abandoning module HTTP (61)
[2018.09.19-22.36.55:991][369]LogHttp: Display: Http module shutting down, but needs to wait on 1 outstanding Http requests:
[2018.09.19-22.36.55:991][369]LogHttp: Display: 	verb=[POST] url=[https://datarouter.ol.epicgames.com/datarouter/api/v1/public/data?SessionID=%7B04515D8F-4097-2AC8-A3E7-AAA3235B1D70%7D&AppID=UEEditor.Rocket.Release&AppVersion=4.20.3-4369336%2B%2B%2BUE4%2BRelease-4.20&UserID=147588c041777a9701e4caa33555a153%7C54115821793a4d9dac74f845a7218274%7Cd02f2261-9139-4d5f-89a2-e7811712aa2c&AppEnvironment=datacollector-binary&UploadType=eteventstream] status=Processing
[2018.09.19-22.36.56:017][369]LogModuleManager: Shutting down and abandoning module SSL (60)
[2018.09.19-22.36.56:018][369]LogModuleManager: Shutting down and abandoning module MagicLeapEmulator (56)
[2018.09.19-22.36.56:018][369]LogModuleManager: Shutting down and abandoning module MagicLeapPrivileges (54)
[2018.09.19-22.36.56:018][369]LogModuleManager: Shutting down and abandoning module MagicLeapIdentity (52)
[2018.09.19-22.36.56:018][369]LogModuleManager: Shutting down and abandoning module MagicLeapHelperVulkan (50)
[2018.09.19-22.36.56:018][369]LogModuleManager: Shutting down and abandoning module MagicLeapHelperOpenGL (48)
[2018.09.19-22.36.56:018][369]LogModuleManager: Shutting down and abandoning module MagicLeapSecureStorage (46)
[2018.09.19-22.36.56:018][369]LogModuleManager: Shutting down and abandoning module MagicLeapGestures (44)
[2018.09.19-22.36.56:018][369]LogModuleManager: Shutting down and abandoning module MagicLeapEyeTracker (42)
[2018.09.19-22.36.56:018][369]LogModuleManager: Shutting down and abandoning module MagicLeapController (40)
[2018.09.19-22.36.56:018][369]LogSlate: Slate User Destroyed.  User Index 0, Is Virtual User: 0
[2018.09.19-22.36.56:018][369]LogModuleManager: Shutting down and abandoning module MagicLeap (38)
[2018.09.19-22.36.56:019][369]LogModuleManager: Shutting down and abandoning module AnimationModifiers (36)
[2018.09.19-22.36.56:019][369]LogModuleManager: Shutting down and abandoning module PropertyEditor (35)
[2018.09.19-22.36.56:019][369]LogModuleManager: Shutting down and abandoning module AudioEditor (32)
[2018.09.19-22.36.56:019][369]LogModuleManager: Shutting down and abandoning module TextureCompressor (30)
[2018.09.19-22.36.56:020][369]LogModuleManager: Shutting down and abandoning module ShaderCore (28)
[2018.09.19-22.36.56:020][369]LogModuleManager: Shutting down and abandoning module Landscape (26)
[2018.09.19-22.36.56:020][369]LogModuleManager: Shutting down and abandoning module SlateRHIRenderer (24)
[2018.09.19-22.36.56:020][369]LogModuleManager: Shutting down and abandoning module OpenGLDrv (22)
[2018.09.19-22.36.56:020][369]LogModuleManager: Shutting down and abandoning module D3D11RHI (20)
[2018.09.19-22.36.56:021][369]LogModuleManager: Shutting down and abandoning module AnimGraphRuntime (18)
[2018.09.19-22.36.56:021][369]LogModuleManager: Shutting down and abandoning module Renderer (16)
[2018.09.19-22.36.56:021][369]LogModuleManager: Shutting down and abandoning module Engine (14)
[2018.09.19-22.36.56:021][369]LogModuleManager: Shutting down and abandoning module CoreUObject (12)
[2018.09.19-22.36.56:021][369]LogModuleManager: Shutting down and abandoning module NetworkFile (10)
[2018.09.19-22.36.56:021][369]LogModuleManager: Shutting down and abandoning module CookedIterativeFile (8)
[2018.09.19-22.36.56:021][369]LogModuleManager: Shutting down and abandoning module StreamingFile (6)
[2018.09.19-22.36.56:021][369]LogModuleManager: Shutting down and abandoning module SandboxFile (4)
[2018.09.19-22.36.56:021][369]LogModuleManager: Shutting down and abandoning module PakFile (2)
[2018.09.19-22.36.56:033][369]LogExit: Exiting.
[2018.09.19-22.36.56:041][369]Log file closed, 09/20/18 00:36:56
